  Building Custom Rule C:/Users/User/Documents/Universidad/Tercero Carrera/3.2. Realidad Virtual/Practica 2/opencv-4.5.0/3rdparty/protobuf/CMakeLists.txt
  arena.cc
  arenastring.cc
  extension_set.cc
  generated_message_table_driven_lite.cc
  generated_message_util.cc
  coded_stream.cc
  zero_copy_stream.cc
  zero_copy_stream_impl_lite.cc
  message_lite.cc
  repeated_field.cc
  atomicops_internals_x86_msvc.cc
  bytestream.cc
  common.cc
  int128.cc
C:/Users/User/Documents/Universidad/Tercero Carrera/3.2. Realidad Virtual/Practica 2/opencv-4.5.0/3rdparty/protobuf/src\google/protobuf/stubs/hash.h(241,50): error C2143: error de sintaxis: falta ',' delante de '<' (compilando archivo de origen C:\Users\User\Documents\Universidad\Tercero Carrera\3.2. Realidad Virtual\Practica 2\opencv-4.5.0\3rdparty\protobuf\src\google\protobuf\generated_message_util.cc)
C:/Users/User/Documents/Universidad/Tercero Carrera/3.2. Realidad Virtual/Practica 2/opencv-4.5.0/3rdparty/protobuf/src\google/protobuf/stubs/hash.h(242,2): message : Vea la referencia a la creación de una instancia de clase plantilla "google::protobuf::hash<Key>" que se está compilando (compilando archivo de origen C:\Users\User\Documents\Universidad\Tercero Carrera\3.2. Realidad Virtual\Practica 2\opencv-4.5.0\3rdparty\protobuf\src\google\protobuf\generated_message_util.cc)
C:/Users/User/Documents/Universidad/Tercero Carrera/3.2. Realidad Virtual/Practica 2/opencv-4.5.0/3rdparty/protobuf/src\google/protobuf/stubs/hash.h(255,14): error C2039: "hash_compare": no es un miembro de "std" (compilando archivo de origen C:\Users\User\Documents\Universidad\Tercero Carrera\3.2. Realidad Virtual\Practica 2\opencv-4.5.0\3rdparty\protobuf\src\google\protobuf\generated_message_util.cc)
C:\Program Files\Microsoft Visual Studio\2022\Community\VC\Tools\MSVC\14.37.32822\include\unordered_set(24,1): message : vea la declaración de 'std' (compilando archivo de origen C:\Users\User\Documents\Universidad\Tercero Carrera\3.2. Realidad Virtual\Practica 2\opencv-4.5.0\3rdparty\protobuf\src\google\protobuf\generated_message_util.cc)
C:/Users/User/Documents/Universidad/Tercero Carrera/3.2. Realidad Virtual/Practica 2/opencv-4.5.0/3rdparty/protobuf/src\google/protobuf/stubs/hash.h(255,14): error C2504: 'hash_compare': clase base sin definir (compilando archivo de origen C:\Users\User\Documents\Universidad\Tercero Carrera\3.2. Realidad Virtual\Practica 2\opencv-4.5.0\3rdparty\protobuf\src\google\protobuf\generated_message_util.cc)
C:/Users/User/Documents/Universidad/Tercero Carrera/3.2. Realidad Virtual/Practica 2/opencv-4.5.0/3rdparty/protobuf/src\google/protobuf/stubs/hash.h(255,42): error C2143: error de sintaxis: falta ',' delante de '<' (compilando archivo de origen C:\Users\User\Documents\Universidad\Tercero Carrera\3.2. Realidad Virtual\Practica 2\opencv-4.5.0\3rdparty\protobuf\src\google\protobuf\generated_message_util.cc)
C:/Users/User/Documents/Universidad/Tercero Carrera/3.2. Realidad Virtual/Practica 2/opencv-4.5.0/3rdparty/protobuf/src\google/protobuf/stubs/hash.h(400,29): error C2064: el término no se evalúa como una función con 1 argumentos (compilando archivo de origen C:\Users\User\Documents\Universidad\Tercero Carrera\3.2. Realidad Virtual\Practica 2\opencv-4.5.0\3rdparty\protobuf\src\google\protobuf\generated_message_util.cc)
C:/Users/User/Documents/Universidad/Tercero Carrera/3.2. Realidad Virtual/Practica 2/opencv-4.5.0/3rdparty/protobuf/src\google/protobuf/stubs/hash.h(241,50): error C2143: error de sintaxis: falta ',' delante de '<' (compilando archivo de origen C:\Users\User\Documents\Universidad\Tercero Carrera\3.2. Realidad Virtual\Practica 2\opencv-4.5.0\3rdparty\protobuf\src\google\protobuf\message_lite.cc)
C:/Users/User/Documents/Universidad/Tercero Carrera/3.2. Realidad Virtual/Practica 2/opencv-4.5.0/3rdparty/protobuf/src\google/protobuf/stubs/hash.h(242,2): message : Vea la referencia a la creación de una instancia de clase plantilla "google::protobuf::hash<Key>" que se está compilando (compilando archivo de origen C:\Users\User\Documents\Universidad\Tercero Carrera\3.2. Realidad Virtual\Practica 2\opencv-4.5.0\3rdparty\protobuf\src\google\protobuf\message_lite.cc)
C:/Users/User/Documents/Universidad/Tercero Carrera/3.2. Realidad Virtual/Practica 2/opencv-4.5.0/3rdparty/protobuf/src\google/protobuf/stubs/hash.h(255,14): error C2039: "hash_compare": no es un miembro de "std" (compilando archivo de origen C:\Users\User\Documents\Universidad\Tercero Carrera\3.2. Realidad Virtual\Practica 2\opencv-4.5.0\3rdparty\protobuf\src\google\protobuf\message_lite.cc)
C:\Program Files\Microsoft Visual Studio\2022\Community\VC\Tools\MSVC\14.37.32822\include\unordered_set(24,1): message : vea la declaración de 'std' (compilando archivo de origen C:\Users\User\Documents\Universidad\Tercero Carrera\3.2. Realidad Virtual\Practica 2\opencv-4.5.0\3rdparty\protobuf\src\google\protobuf\message_lite.cc)
C:/Users/User/Documents/Universidad/Tercero Carrera/3.2. Realidad Virtual/Practica 2/opencv-4.5.0/3rdparty/protobuf/src\google/protobuf/stubs/hash.h(255,14): error C2504: 'hash_compare': clase base sin definir (compilando archivo de origen C:\Users\User\Documents\Universidad\Tercero Carrera\3.2. Realidad Virtual\Practica 2\opencv-4.5.0\3rdparty\protobuf\src\google\protobuf\message_lite.cc)
C:/Users/User/Documents/Universidad/Tercero Carrera/3.2. Realidad Virtual/Practica 2/opencv-4.5.0/3rdparty/protobuf/src\google/protobuf/stubs/hash.h(255,42): error C2143: error de sintaxis: falta ',' delante de '<' (compilando archivo de origen C:\Users\User\Documents\Universidad\Tercero Carrera\3.2. Realidad Virtual\Practica 2\opencv-4.5.0\3rdparty\protobuf\src\google\protobuf\message_lite.cc)
C:/Users/User/Documents/Universidad/Tercero Carrera/3.2. Realidad Virtual/Practica 2/opencv-4.5.0/3rdparty/protobuf/src\google/protobuf/stubs/hash.h(400,29): error C2064: el término no se evalúa como una función con 1 argumentos (compilando archivo de origen C:\Users\User\Documents\Universidad\Tercero Carrera\3.2. Realidad Virtual\Practica 2\opencv-4.5.0\3rdparty\protobuf\src\google\protobuf\message_lite.cc)
  io_win32.cc
  once.cc
  status.cc
  statusor.cc
C:/Users/User/Documents/Universidad/Tercero Carrera/3.2. Realidad Virtual/Practica 2/opencv-4.5.0/3rdparty/protobuf/src\google/protobuf/stubs/hash.h(241,50): error C2143: error de sintaxis: falta ',' delante de '<' (compilando archivo de origen C:\Users\User\Documents\Universidad\Tercero Carrera\3.2. Realidad Virtual\Practica 2\opencv-4.5.0\3rdparty\protobuf\src\google\protobuf\stubs\bytestream.cc)
C:/Users/User/Documents/Universidad/Tercero Carrera/3.2. Realidad Virtual/Practica 2/opencv-4.5.0/3rdparty/protobuf/src\google/protobuf/stubs/hash.h(242,2): message : Vea la referencia a la creación de una instancia de clase plantilla "google::protobuf::hash<Key>" que se está compilando (compilando archivo de origen C:\Users\User\Documents\Universidad\Tercero Carrera\3.2. Realidad Virtual\Practica 2\opencv-4.5.0\3rdparty\protobuf\src\google\protobuf\stubs\bytestream.cc)
C:/Users/User/Documents/Universidad/Tercero Carrera/3.2. Realidad Virtual/Practica 2/opencv-4.5.0/3rdparty/protobuf/src\google/protobuf/stubs/hash.h(255,14): error C2039: "hash_compare": no es un miembro de "std" (compilando archivo de origen C:\Users\User\Documents\Universidad\Tercero Carrera\3.2. Realidad Virtual\Practica 2\opencv-4.5.0\3rdparty\protobuf\src\google\protobuf\stubs\bytestream.cc)
C:\Program Files\Microsoft Visual Studio\2022\Community\VC\Tools\MSVC\14.37.32822\include\unordered_set(24,1): message : vea la declaración de 'std' (compilando archivo de origen C:\Users\User\Documents\Universidad\Tercero Carrera\3.2. Realidad Virtual\Practica 2\opencv-4.5.0\3rdparty\protobuf\src\google\protobuf\stubs\bytestream.cc)
C:/Users/User/Documents/Universidad/Tercero Carrera/3.2. Realidad Virtual/Practica 2/opencv-4.5.0/3rdparty/protobuf/src\google/protobuf/stubs/hash.h(255,14): error C2504: 'hash_compare': clase base sin definir (compilando archivo de origen C:\Users\User\Documents\Universidad\Tercero Carrera\3.2. Realidad Virtual\Practica 2\opencv-4.5.0\3rdparty\protobuf\src\google\protobuf\stubs\bytestream.cc)
C:/Users/User/Documents/Universidad/Tercero Carrera/3.2. Realidad Virtual/Practica 2/opencv-4.5.0/3rdparty/protobuf/src\google/protobuf/stubs/hash.h(255,42): error C2143: error de sintaxis: falta ',' delante de '<' (compilando archivo de origen C:\Users\User\Documents\Universidad\Tercero Carrera\3.2. Realidad Virtual\Practica 2\opencv-4.5.0\3rdparty\protobuf\src\google\protobuf\stubs\bytestream.cc)
C:/Users/User/Documents/Universidad/Tercero Carrera/3.2. Realidad Virtual/Practica 2/opencv-4.5.0/3rdparty/protobuf/src\google/protobuf/stubs/hash.h(400,29): error C2064: el término no se evalúa como una función con 1 argumentos (compilando archivo de origen C:\Users\User\Documents\Universidad\Tercero Carrera\3.2. Realidad Virtual\Practica 2\opencv-4.5.0\3rdparty\protobuf\src\google\protobuf\stubs\bytestream.cc)
  stringpiece.cc
C:/Users/User/Documents/Universidad/Tercero Carrera/3.2. Realidad Virtual/Practica 2/opencv-4.5.0/3rdparty/protobuf/src\google/protobuf/stubs/hash.h(241,50): error C2143: error de sintaxis: falta ',' delante de '<' (compilando archivo de origen C:\Users\User\Documents\Universidad\Tercero Carrera\3.2. Realidad Virtual\Practica 2\opencv-4.5.0\3rdparty\protobuf\src\google\protobuf\extension_set.cc)
C:/Users/User/Documents/Universidad/Tercero Carrera/3.2. Realidad Virtual/Practica 2/opencv-4.5.0/3rdparty/protobuf/src\google/protobuf/stubs/hash.h(242,2): message : Vea la referencia a la creación de una instancia de clase plantilla "google::protobuf::hash<Key>" que se está compilando (compilando archivo de origen C:\Users\User\Documents\Universidad\Tercero Carrera\3.2. Realidad Virtual\Practica 2\opencv-4.5.0\3rdparty\protobuf\src\google\protobuf\extension_set.cc)
C:/Users/User/Documents/Universidad/Tercero Carrera/3.2. Realidad Virtual/Practica 2/opencv-4.5.0/3rdparty/protobuf/src\google/protobuf/stubs/hash.h(255,14): error C2039: "hash_compare": no es un miembro de "std" (compilando archivo de origen C:\Users\User\Documents\Universidad\Tercero Carrera\3.2. Realidad Virtual\Practica 2\opencv-4.5.0\3rdparty\protobuf\src\google\protobuf\extension_set.cc)
C:\Program Files\Microsoft Visual Studio\2022\Community\VC\Tools\MSVC\14.37.32822\include\unordered_set(24,1): message : vea la declaración de 'std' (compilando archivo de origen C:\Users\User\Documents\Universidad\Tercero Carrera\3.2. Realidad Virtual\Practica 2\opencv-4.5.0\3rdparty\protobuf\src\google\protobuf\extension_set.cc)
C:/Users/User/Documents/Universidad/Tercero Carrera/3.2. Realidad Virtual/Practica 2/opencv-4.5.0/3rdparty/protobuf/src\google/protobuf/stubs/hash.h(255,14): error C2504: 'hash_compare': clase base sin definir (compilando archivo de origen C:\Users\User\Documents\Universidad\Tercero Carrera\3.2. Realidad Virtual\Practica 2\opencv-4.5.0\3rdparty\protobuf\src\google\protobuf\extension_set.cc)
C:/Users/User/Documents/Universidad/Tercero Carrera/3.2. Realidad Virtual/Practica 2/opencv-4.5.0/3rdparty/protobuf/src\google/protobuf/stubs/hash.h(255,42): error C2143: error de sintaxis: falta ',' delante de '<' (compilando archivo de origen C:\Users\User\Documents\Universidad\Tercero Carrera\3.2. Realidad Virtual\Practica 2\opencv-4.5.0\3rdparty\protobuf\src\google\protobuf\extension_set.cc)
C:/Users/User/Documents/Universidad/Tercero Carrera/3.2. Realidad Virtual/Practica 2/opencv-4.5.0/3rdparty/protobuf/src\google/protobuf/stubs/hash.h(400,29): error C2064: el término no se evalúa como una función con 1 argumentos (compilando archivo de origen C:\Users\User\Documents\Universidad\Tercero Carrera\3.2. Realidad Virtual\Practica 2\opencv-4.5.0\3rdparty\protobuf\src\google\protobuf\extension_set.cc)
C:/Users/User/Documents/Universidad/Tercero Carrera/3.2. Realidad Virtual/Practica 2/opencv-4.5.0/3rdparty/protobuf/src\google/protobuf/stubs/hash.h(241,50): error C2143: error de sintaxis: falta ',' delante de '<' (compilando archivo de origen C:\Users\User\Documents\Universidad\Tercero Carrera\3.2. Realidad Virtual\Practica 2\opencv-4.5.0\3rdparty\protobuf\src\google\protobuf\generated_message_table_driven_lite.cc)
C:/Users/User/Documents/Universidad/Tercero Carrera/3.2. Realidad Virtual/Practica 2/opencv-4.5.0/3rdparty/protobuf/src\google/protobuf/stubs/hash.h(242,2): message : Vea la referencia a la creación de una instancia de clase plantilla "google::protobuf::hash<Key>" que se está compilando (compilando archivo de origen C:\Users\User\Documents\Universidad\Tercero Carrera\3.2. Realidad Virtual\Practica 2\opencv-4.5.0\3rdparty\protobuf\src\google\protobuf\generated_message_table_driven_lite.cc)
C:/Users/User/Documents/Universidad/Tercero Carrera/3.2. Realidad Virtual/Practica 2/opencv-4.5.0/3rdparty/protobuf/src\google/protobuf/stubs/hash.h(255,14): error C2039: "hash_compare": no es un miembro de "std" (compilando archivo de origen C:\Users\User\Documents\Universidad\Tercero Carrera\3.2. Realidad Virtual\Practica 2\opencv-4.5.0\3rdparty\protobuf\src\google\protobuf\generated_message_table_driven_lite.cc)
C:\Program Files\Microsoft Visual Studio\2022\Community\VC\Tools\MSVC\14.37.32822\include\unordered_set(24,1): message : vea la declaración de 'std' (compilando archivo de origen C:\Users\User\Documents\Universidad\Tercero Carrera\3.2. Realidad Virtual\Practica 2\opencv-4.5.0\3rdparty\protobuf\src\google\protobuf\generated_message_table_driven_lite.cc)
C:/Users/User/Documents/Universidad/Tercero Carrera/3.2. Realidad Virtual/Practica 2/opencv-4.5.0/3rdparty/protobuf/src\google/protobuf/stubs/hash.h(255,14): error C2504: 'hash_compare': clase base sin definir (compilando archivo de origen C:\Users\User\Documents\Universidad\Tercero Carrera\3.2. Realidad Virtual\Practica 2\opencv-4.5.0\3rdparty\protobuf\src\google\protobuf\generated_message_table_driven_lite.cc)
C:/Users/User/Documents/Universidad/Tercero Carrera/3.2. Realidad Virtual/Practica 2/opencv-4.5.0/3rdparty/protobuf/src\google/protobuf/stubs/hash.h(255,42): error C2143: error de sintaxis: falta ',' delante de '<' (compilando archivo de origen C:\Users\User\Documents\Universidad\Tercero Carrera\3.2. Realidad Virtual\Practica 2\opencv-4.5.0\3rdparty\protobuf\src\google\protobuf\generated_message_table_driven_lite.cc)
C:/Users/User/Documents/Universidad/Tercero Carrera/3.2. Realidad Virtual/Practica 2/opencv-4.5.0/3rdparty/protobuf/src\google/protobuf/stubs/hash.h(400,29): error C2064: el término no se evalúa como una función con 1 argumentos (compilando archivo de origen C:\Users\User\Documents\Universidad\Tercero Carrera\3.2. Realidad Virtual\Practica 2\opencv-4.5.0\3rdparty\protobuf\src\google\protobuf\generated_message_table_driven_lite.cc)
  stringprintf.cc
  structurally_valid.cc
C:/Users/User/Documents/Universidad/Tercero Carrera/3.2. Realidad Virtual/Practica 2/opencv-4.5.0/3rdparty/protobuf/src\google/protobuf/stubs/hash.h(241,50): error C2143: error de sintaxis: falta ',' delante de '<' (compilando archivo de origen C:\Users\User\Documents\Universidad\Tercero Carrera\3.2. Realidad Virtual\Practica 2\opencv-4.5.0\3rdparty\protobuf\src\google\protobuf\stubs\common.cc)
C:/Users/User/Documents/Universidad/Tercero Carrera/3.2. Realidad Virtual/Practica 2/opencv-4.5.0/3rdparty/protobuf/src\google/protobuf/stubs/hash.h(242,2): message : Vea la referencia a la creación de una instancia de clase plantilla "google::protobuf::hash<Key>" que se está compilando (compilando archivo de origen C:\Users\User\Documents\Universidad\Tercero Carrera\3.2. Realidad Virtual\Practica 2\opencv-4.5.0\3rdparty\protobuf\src\google\protobuf\stubs\common.cc)
C:/Users/User/Documents/Universidad/Tercero Carrera/3.2. Realidad Virtual/Practica 2/opencv-4.5.0/3rdparty/protobuf/src\google/protobuf/stubs/hash.h(255,14): error C2039: "hash_compare": no es un miembro de "std" (compilando archivo de origen C:\Users\User\Documents\Universidad\Tercero Carrera\3.2. Realidad Virtual\Practica 2\opencv-4.5.0\3rdparty\protobuf\src\google\protobuf\stubs\common.cc)
C:\Program Files\Microsoft Visual Studio\2022\Community\VC\Tools\MSVC\14.37.32822\include\unordered_set(24,1): message : vea la declaración de 'std' (compilando archivo de origen C:\Users\User\Documents\Universidad\Tercero Carrera\3.2. Realidad Virtual\Practica 2\opencv-4.5.0\3rdparty\protobuf\src\google\protobuf\stubs\common.cc)
C:/Users/User/Documents/Universidad/Tercero Carrera/3.2. Realidad Virtual/Practica 2/opencv-4.5.0/3rdparty/protobuf/src\google/protobuf/stubs/hash.h(255,14): error C2504: 'hash_compare': clase base sin definir (compilando archivo de origen C:\Users\User\Documents\Universidad\Tercero Carrera\3.2. Realidad Virtual\Practica 2\opencv-4.5.0\3rdparty\protobuf\src\google\protobuf\stubs\common.cc)
C:/Users/User/Documents/Universidad/Tercero Carrera/3.2. Realidad Virtual/Practica 2/opencv-4.5.0/3rdparty/protobuf/src\google/protobuf/stubs/hash.h(255,42): error C2143: error de sintaxis: falta ',' delante de '<' (compilando archivo de origen C:\Users\User\Documents\Universidad\Tercero Carrera\3.2. Realidad Virtual\Practica 2\opencv-4.5.0\3rdparty\protobuf\src\google\protobuf\stubs\common.cc)
C:/Users/User/Documents/Universidad/Tercero Carrera/3.2. Realidad Virtual/Practica 2/opencv-4.5.0/3rdparty/protobuf/src\google/protobuf/stubs/hash.h(400,29): error C2064: el término no se evalúa como una función con 1 argumentos (compilando archivo de origen C:\Users\User\Documents\Universidad\Tercero Carrera\3.2. Realidad Virtual\Practica 2\opencv-4.5.0\3rdparty\protobuf\src\google\protobuf\stubs\common.cc)
  strutil.cc
  time.cc
C:/Users/User/Documents/Universidad/Tercero Carrera/3.2. Realidad Virtual/Practica 2/opencv-4.5.0/3rdparty/protobuf/src\google/protobuf/stubs/hash.h(241,50): error C2143: error de sintaxis: falta ',' delante de '<' (compilando archivo de origen C:\Users\User\Documents\Universidad\Tercero Carrera\3.2. Realidad Virtual\Practica 2\opencv-4.5.0\3rdparty\protobuf\src\google\protobuf\stubs\stringpiece.cc)
C:/Users/User/Documents/Universidad/Tercero Carrera/3.2. Realidad Virtual/Practica 2/opencv-4.5.0/3rdparty/protobuf/src\google/protobuf/stubs/hash.h(242,2): message : Vea la referencia a la creación de una instancia de clase plantilla "google::protobuf::hash<Key>" que se está compilando (compilando archivo de origen C:\Users\User\Documents\Universidad\Tercero Carrera\3.2. Realidad Virtual\Practica 2\opencv-4.5.0\3rdparty\protobuf\src\google\protobuf\stubs\stringpiece.cc)
C:/Users/User/Documents/Universidad/Tercero Carrera/3.2. Realidad Virtual/Practica 2/opencv-4.5.0/3rdparty/protobuf/src\google/protobuf/stubs/hash.h(255,14): error C2039: "hash_compare": no es un miembro de "std" (compilando archivo de origen C:\Users\User\Documents\Universidad\Tercero Carrera\3.2. Realidad Virtual\Practica 2\opencv-4.5.0\3rdparty\protobuf\src\google\protobuf\stubs\stringpiece.cc)
C:\Program Files\Microsoft Visual Studio\2022\Community\VC\Tools\MSVC\14.37.32822\include\unordered_set(24,1): message : vea la declaración de 'std' (compilando archivo de origen C:\Users\User\Documents\Universidad\Tercero Carrera\3.2. Realidad Virtual\Practica 2\opencv-4.5.0\3rdparty\protobuf\src\google\protobuf\stubs\stringpiece.cc)
C:/Users/User/Documents/Universidad/Tercero Carrera/3.2. Realidad Virtual/Practica 2/opencv-4.5.0/3rdparty/protobuf/src\google/protobuf/stubs/hash.h(255,14): error C2504: 'hash_compare': clase base sin definir (compilando archivo de origen C:\Users\User\Documents\Universidad\Tercero Carrera\3.2. Realidad Virtual\Practica 2\opencv-4.5.0\3rdparty\protobuf\src\google\protobuf\stubs\stringpiece.cc)
C:/Users/User/Documents/Universidad/Tercero Carrera/3.2. Realidad Virtual/Practica 2/opencv-4.5.0/3rdparty/protobuf/src\google/protobuf/stubs/hash.h(255,42): error C2143: error de sintaxis: falta ',' delante de '<' (compilando archivo de origen C:\Users\User\Documents\Universidad\Tercero Carrera\3.2. Realidad Virtual\Practica 2\opencv-4.5.0\3rdparty\protobuf\src\google\protobuf\stubs\stringpiece.cc)
C:/Users/User/Documents/Universidad/Tercero Carrera/3.2. Realidad Virtual/Practica 2/opencv-4.5.0/3rdparty/protobuf/src\google/protobuf/stubs/hash.h(241,50): error C2143: error de sintaxis: falta ',' delante de '<' (compilando archivo de origen C:\Users\User\Documents\Universidad\Tercero Carrera\3.2. Realidad Virtual\Practica 2\opencv-4.5.0\3rdparty\protobuf\src\google\protobuf\stubs\status.cc)
C:/Users/User/Documents/Universidad/Tercero Carrera/3.2. Realidad Virtual/Practica 2/opencv-4.5.0/3rdparty/protobuf/src\google/protobuf/stubs/hash.h(242,2): message : Vea la referencia a la creación de una instancia de clase plantilla "google::protobuf::hash<Key>" que se está compilando (compilando archivo de origen C:\Users\User\Documents\Universidad\Tercero Carrera\3.2. Realidad Virtual\Practica 2\opencv-4.5.0\3rdparty\protobuf\src\google\protobuf\stubs\status.cc)
C:/Users/User/Documents/Universidad/Tercero Carrera/3.2. Realidad Virtual/Practica 2/opencv-4.5.0/3rdparty/protobuf/src\google/protobuf/stubs/hash.h(255,14): error C2039: "hash_compare": no es un miembro de "std" (compilando archivo de origen C:\Users\User\Documents\Universidad\Tercero Carrera\3.2. Realidad Virtual\Practica 2\opencv-4.5.0\3rdparty\protobuf\src\google\protobuf\stubs\status.cc)
C:\Program Files\Microsoft Visual Studio\2022\Community\VC\Tools\MSVC\14.37.32822\include\unordered_set(24,1): message : vea la declaración de 'std' (compilando archivo de origen C:\Users\User\Documents\Universidad\Tercero Carrera\3.2. Realidad Virtual\Practica 2\opencv-4.5.0\3rdparty\protobuf\src\google\protobuf\stubs\status.cc)
C:/Users/User/Documents/Universidad/Tercero Carrera/3.2. Realidad Virtual/Practica 2/opencv-4.5.0/3rdparty/protobuf/src\google/protobuf/stubs/hash.h(255,14): error C2504: 'hash_compare': clase base sin definir (compilando archivo de origen C:\Users\User\Documents\Universidad\Tercero Carrera\3.2. Realidad Virtual\Practica 2\opencv-4.5.0\3rdparty\protobuf\src\google\protobuf\stubs\status.cc)
C:/Users/User/Documents/Universidad/Tercero Carrera/3.2. Realidad Virtual/Practica 2/opencv-4.5.0/3rdparty/protobuf/src\google/protobuf/stubs/hash.h(255,42): error C2143: error de sintaxis: falta ',' delante de '<' (compilando archivo de origen C:\Users\User\Documents\Universidad\Tercero Carrera\3.2. Realidad Virtual\Practica 2\opencv-4.5.0\3rdparty\protobuf\src\google\protobuf\stubs\status.cc)
C:/Users/User/Documents/Universidad/Tercero Carrera/3.2. Realidad Virtual/Practica 2/opencv-4.5.0/3rdparty/protobuf/src\google/protobuf/stubs/hash.h(400,29): error C2064: el término no se evalúa como una función con 1 argumentos (compilando archivo de origen C:\Users\User\Documents\Universidad\Tercero Carrera\3.2. Realidad Virtual\Practica 2\opencv-4.5.0\3rdparty\protobuf\src\google\protobuf\stubs\stringpiece.cc)
C:/Users/User/Documents/Universidad/Tercero Carrera/3.2. Realidad Virtual/Practica 2/opencv-4.5.0/3rdparty/protobuf/src\google/protobuf/stubs/hash.h(400,29): error C2064: el término no se evalúa como una función con 1 argumentos (compilando archivo de origen C:\Users\User\Documents\Universidad\Tercero Carrera\3.2. Realidad Virtual\Practica 2\opencv-4.5.0\3rdparty\protobuf\src\google\protobuf\stubs\status.cc)
  wire_format_lite.cc
  any.cc
  any.pb.cc
C:/Users/User/Documents/Universidad/Tercero Carrera/3.2. Realidad Virtual/Practica 2/opencv-4.5.0/3rdparty/protobuf/src\google/protobuf/stubs/hash.h(241,50): error C2143: error de sintaxis: falta ',' delante de '<' (compilando archivo de origen C:\Users\User\Documents\Universidad\Tercero Carrera\3.2. Realidad Virtual\Practica 2\opencv-4.5.0\3rdparty\protobuf\src\google\protobuf\stubs\structurally_valid.cc)
C:/Users/User/Documents/Universidad/Tercero Carrera/3.2. Realidad Virtual/Practica 2/opencv-4.5.0/3rdparty/protobuf/src\google/protobuf/stubs/hash.h(242,2): message : Vea la referencia a la creación de una instancia de clase plantilla "google::protobuf::hash<Key>" que se está compilando (compilando archivo de origen C:\Users\User\Documents\Universidad\Tercero Carrera\3.2. Realidad Virtual\Practica 2\opencv-4.5.0\3rdparty\protobuf\src\google\protobuf\stubs\structurally_valid.cc)
C:/Users/User/Documents/Universidad/Tercero Carrera/3.2. Realidad Virtual/Practica 2/opencv-4.5.0/3rdparty/protobuf/src\google/protobuf/stubs/hash.h(255,14): error C2039: "hash_compare": no es un miembro de "std" (compilando archivo de origen C:\Users\User\Documents\Universidad\Tercero Carrera\3.2. Realidad Virtual\Practica 2\opencv-4.5.0\3rdparty\protobuf\src\google\protobuf\stubs\structurally_valid.cc)
C:\Program Files\Microsoft Visual Studio\2022\Community\VC\Tools\MSVC\14.37.32822\include\unordered_set(24,1): message : vea la declaración de 'std' (compilando archivo de origen C:\Users\User\Documents\Universidad\Tercero Carrera\3.2. Realidad Virtual\Practica 2\opencv-4.5.0\3rdparty\protobuf\src\google\protobuf\stubs\structurally_valid.cc)
C:/Users/User/Documents/Universidad/Tercero Carrera/3.2. Realidad Virtual/Practica 2/opencv-4.5.0/3rdparty/protobuf/src\google/protobuf/stubs/hash.h(255,14): error C2504: 'hash_compare': clase base sin definir (compilando archivo de origen C:\Users\User\Documents\Universidad\Tercero Carrera\3.2. Realidad Virtual\Practica 2\opencv-4.5.0\3rdparty\protobuf\src\google\protobuf\stubs\structurally_valid.cc)
C:/Users/User/Documents/Universidad/Tercero Carrera/3.2. Realidad Virtual/Practica 2/opencv-4.5.0/3rdparty/protobuf/src\google/protobuf/stubs/hash.h(255,42): error C2143: error de sintaxis: falta ',' delante de '<' (compilando archivo de origen C:\Users\User\Documents\Universidad\Tercero Carrera\3.2. Realidad Virtual\Practica 2\opencv-4.5.0\3rdparty\protobuf\src\google\protobuf\stubs\structurally_valid.cc)
C:/Users/User/Documents/Universidad/Tercero Carrera/3.2. Realidad Virtual/Practica 2/opencv-4.5.0/3rdparty/protobuf/src\google/protobuf/stubs/hash.h(400,29): error C2064: el término no se evalúa como una función con 1 argumentos (compilando archivo de origen C:\Users\User\Documents\Universidad\Tercero Carrera\3.2. Realidad Virtual\Practica 2\opencv-4.5.0\3rdparty\protobuf\src\google\protobuf\stubs\structurally_valid.cc)
  api.pb.cc
  descriptor.cc
C:/Users/User/Documents/Universidad/Tercero Carrera/3.2. Realidad Virtual/Practica 2/opencv-4.5.0/3rdparty/protobuf/src\google/protobuf/stubs/hash.h(241,50): error C2143: error de sintaxis: falta ',' delante de '<' (compilando archivo de origen C:\Users\User\Documents\Universidad\Tercero Carrera\3.2. Realidad Virtual\Practica 2\opencv-4.5.0\3rdparty\protobuf\src\google\protobuf\stubs\strutil.cc)
C:/Users/User/Documents/Universidad/Tercero Carrera/3.2. Realidad Virtual/Practica 2/opencv-4.5.0/3rdparty/protobuf/src\google/protobuf/stubs/hash.h(242,2): message : Vea la referencia a la creación de una instancia de clase plantilla "google::protobuf::hash<Key>" que se está compilando (compilando archivo de origen C:\Users\User\Documents\Universidad\Tercero Carrera\3.2. Realidad Virtual\Practica 2\opencv-4.5.0\3rdparty\protobuf\src\google\protobuf\stubs\strutil.cc)
C:/Users/User/Documents/Universidad/Tercero Carrera/3.2. Realidad Virtual/Practica 2/opencv-4.5.0/3rdparty/protobuf/src\google/protobuf/stubs/hash.h(255,14): error C2039: "hash_compare": no es un miembro de "std" (compilando archivo de origen C:\Users\User\Documents\Universidad\Tercero Carrera\3.2. Realidad Virtual\Practica 2\opencv-4.5.0\3rdparty\protobuf\src\google\protobuf\stubs\strutil.cc)
C:\Program Files\Microsoft Visual Studio\2022\Community\VC\Tools\MSVC\14.37.32822\include\unordered_set(24,1): message : vea la declaración de 'std' (compilando archivo de origen C:\Users\User\Documents\Universidad\Tercero Carrera\3.2. Realidad Virtual\Practica 2\opencv-4.5.0\3rdparty\protobuf\src\google\protobuf\stubs\strutil.cc)
C:/Users/User/Documents/Universidad/Tercero Carrera/3.2. Realidad Virtual/Practica 2/opencv-4.5.0/3rdparty/protobuf/src\google/protobuf/stubs/hash.h(255,14): error C2504: 'hash_compare': clase base sin definir (compilando archivo de origen C:\Users\User\Documents\Universidad\Tercero Carrera\3.2. Realidad Virtual\Practica 2\opencv-4.5.0\3rdparty\protobuf\src\google\protobuf\stubs\strutil.cc)
C:/Users/User/Documents/Universidad/Tercero Carrera/3.2. Realidad Virtual/Practica 2/opencv-4.5.0/3rdparty/protobuf/src\google/protobuf/stubs/hash.h(255,42): error C2143: error de sintaxis: falta ',' delante de '<' (compilando archivo de origen C:\Users\User\Documents\Universidad\Tercero Carrera\3.2. Realidad Virtual\Practica 2\opencv-4.5.0\3rdparty\protobuf\src\google\protobuf\stubs\strutil.cc)
C:/Users/User/Documents/Universidad/Tercero Carrera/3.2. Realidad Virtual/Practica 2/opencv-4.5.0/3rdparty/protobuf/src\google/protobuf/stubs/hash.h(400,29): error C2064: el término no se evalúa como una función con 1 argumentos (compilando archivo de origen C:\Users\User\Documents\Universidad\Tercero Carrera\3.2. Realidad Virtual\Practica 2\opencv-4.5.0\3rdparty\protobuf\src\google\protobuf\stubs\strutil.cc)
C:/Users/User/Documents/Universidad/Tercero Carrera/3.2. Realidad Virtual/Practica 2/opencv-4.5.0/3rdparty/protobuf/src\google/protobuf/stubs/hash.h(241,50): error C2143: error de sintaxis: falta ',' delante de '<' (compilando archivo de origen C:\Users\User\Documents\Universidad\Tercero Carrera\3.2. Realidad Virtual\Practica 2\opencv-4.5.0\3rdparty\protobuf\src\google\protobuf\stubs\time.cc)
C:/Users/User/Documents/Universidad/Tercero Carrera/3.2. Realidad Virtual/Practica 2/opencv-4.5.0/3rdparty/protobuf/src\google/protobuf/stubs/hash.h(242,2): message : Vea la referencia a la creación de una instancia de clase plantilla "google::protobuf::hash<Key>" que se está compilando (compilando archivo de origen C:\Users\User\Documents\Universidad\Tercero Carrera\3.2. Realidad Virtual\Practica 2\opencv-4.5.0\3rdparty\protobuf\src\google\protobuf\stubs\time.cc)
C:/Users/User/Documents/Universidad/Tercero Carrera/3.2. Realidad Virtual/Practica 2/opencv-4.5.0/3rdparty/protobuf/src\google/protobuf/stubs/hash.h(255,14): error C2039: "hash_compare": no es un miembro de "std" (compilando archivo de origen C:\Users\User\Documents\Universidad\Tercero Carrera\3.2. Realidad Virtual\Practica 2\opencv-4.5.0\3rdparty\protobuf\src\google\protobuf\stubs\time.cc)
C:\Program Files\Microsoft Visual Studio\2022\Community\VC\Tools\MSVC\14.37.32822\include\unordered_set(24,1): message : vea la declaración de 'std' (compilando archivo de origen C:\Users\User\Documents\Universidad\Tercero Carrera\3.2. Realidad Virtual\Practica 2\opencv-4.5.0\3rdparty\protobuf\src\google\protobuf\stubs\time.cc)
C:/Users/User/Documents/Universidad/Tercero Carrera/3.2. Realidad Virtual/Practica 2/opencv-4.5.0/3rdparty/protobuf/src\google/protobuf/stubs/hash.h(255,14): error C2504: 'hash_compare': clase base sin definir (compilando archivo de origen C:\Users\User\Documents\Universidad\Tercero Carrera\3.2. Realidad Virtual\Practica 2\opencv-4.5.0\3rdparty\protobuf\src\google\protobuf\stubs\time.cc)
C:/Users/User/Documents/Universidad/Tercero Carrera/3.2. Realidad Virtual/Practica 2/opencv-4.5.0/3rdparty/protobuf/src\google/protobuf/stubs/hash.h(255,42): error C2143: error de sintaxis: falta ',' delante de '<' (compilando archivo de origen C:\Users\User\Documents\Universidad\Tercero Carrera\3.2. Realidad Virtual\Practica 2\opencv-4.5.0\3rdparty\protobuf\src\google\protobuf\stubs\time.cc)
C:/Users/User/Documents/Universidad/Tercero Carrera/3.2. Realidad Virtual/Practica 2/opencv-4.5.0/3rdparty/protobuf/src\google/protobuf/stubs/hash.h(400,29): error C2064: el término no se evalúa como una función con 1 argumentos (compilando archivo de origen C:\Users\User\Documents\Universidad\Tercero Carrera\3.2. Realidad Virtual\Practica 2\opencv-4.5.0\3rdparty\protobuf\src\google\protobuf\stubs\time.cc)
  descriptor.pb.cc
  descriptor_database.cc
C:/Users/User/Documents/Universidad/Tercero Carrera/3.2. Realidad Virtual/Practica 2/opencv-4.5.0/3rdparty/protobuf/src\google/protobuf/stubs/hash.h(241,50): error C2143: error de sintaxis: falta ',' delante de '<' (compilando archivo de origen C:\Users\User\Documents\Universidad\Tercero Carrera\3.2. Realidad Virtual\Practica 2\opencv-4.5.0\3rdparty\protobuf\src\google\protobuf\stubs\statusor.cc)
C:/Users/User/Documents/Universidad/Tercero Carrera/3.2. Realidad Virtual/Practica 2/opencv-4.5.0/3rdparty/protobuf/src\google/protobuf/stubs/hash.h(242,2): message : Vea la referencia a la creación de una instancia de clase plantilla "google::protobuf::hash<Key>" que se está compilando (compilando archivo de origen C:\Users\User\Documents\Universidad\Tercero Carrera\3.2. Realidad Virtual\Practica 2\opencv-4.5.0\3rdparty\protobuf\src\google\protobuf\stubs\statusor.cc)
C:/Users/User/Documents/Universidad/Tercero Carrera/3.2. Realidad Virtual/Practica 2/opencv-4.5.0/3rdparty/protobuf/src\google/protobuf/stubs/hash.h(255,14): error C2039: "hash_compare": no es un miembro de "std" (compilando archivo de origen C:\Users\User\Documents\Universidad\Tercero Carrera\3.2. Realidad Virtual\Practica 2\opencv-4.5.0\3rdparty\protobuf\src\google\protobuf\stubs\statusor.cc)
C:\Program Files\Microsoft Visual Studio\2022\Community\VC\Tools\MSVC\14.37.32822\include\unordered_set(24,1): message : vea la declaración de 'std' (compilando archivo de origen C:\Users\User\Documents\Universidad\Tercero Carrera\3.2. Realidad Virtual\Practica 2\opencv-4.5.0\3rdparty\protobuf\src\google\protobuf\stubs\statusor.cc)
  duration.pb.cc
  dynamic_message.cc
C:/Users/User/Documents/Universidad/Tercero Carrera/3.2. Realidad Virtual/Practica 2/opencv-4.5.0/3rdparty/protobuf/src\google/protobuf/stubs/hash.h(255,14): error C2504: 'hash_compare': clase base sin definir (compilando archivo de origen C:\Users\User\Documents\Universidad\Tercero Carrera\3.2. Realidad Virtual\Practica 2\opencv-4.5.0\3rdparty\protobuf\src\google\protobuf\stubs\statusor.cc)
C:/Users/User/Documents/Universidad/Tercero Carrera/3.2. Realidad Virtual/Practica 2/opencv-4.5.0/3rdparty/protobuf/src\google/protobuf/stubs/hash.h(255,42): error C2143: error de sintaxis: falta ',' delante de '<' (compilando archivo de origen C:\Users\User\Documents\Universidad\Tercero Carrera\3.2. Realidad Virtual\Practica 2\opencv-4.5.0\3rdparty\protobuf\src\google\protobuf\stubs\statusor.cc)
C:/Users/User/Documents/Universidad/Tercero Carrera/3.2. Realidad Virtual/Practica 2/opencv-4.5.0/3rdparty/protobuf/src\google/protobuf/stubs/hash.h(400,29): error C2064: el término no se evalúa como una función con 1 argumentos (compilando archivo de origen C:\Users\User\Documents\Universidad\Tercero Carrera\3.2. Realidad Virtual\Practica 2\opencv-4.5.0\3rdparty\protobuf\src\google\protobuf\stubs\statusor.cc)
  empty.pb.cc
C:/Users/User/Documents/Universidad/Tercero Carrera/3.2. Realidad Virtual/Practica 2/opencv-4.5.0/3rdparty/protobuf/src\google/protobuf/stubs/hash.h(241,50): error C2143: error de sintaxis: falta ',' delante de '<' (compilando archivo de origen C:\Users\User\Documents\Universidad\Tercero Carrera\3.2. Realidad Virtual\Practica 2\opencv-4.5.0\3rdparty\protobuf\src\google\protobuf\any.cc)
C:/Users/User/Documents/Universidad/Tercero Carrera/3.2. Realidad Virtual/Practica 2/opencv-4.5.0/3rdparty/protobuf/src\google/protobuf/stubs/hash.h(242,2): message : Vea la referencia a la creación de una instancia de clase plantilla "google::protobuf::hash<Key>" que se está compilando (compilando archivo de origen C:\Users\User\Documents\Universidad\Tercero Carrera\3.2. Realidad Virtual\Practica 2\opencv-4.5.0\3rdparty\protobuf\src\google\protobuf\any.cc)
C:/Users/User/Documents/Universidad/Tercero Carrera/3.2. Realidad Virtual/Practica 2/opencv-4.5.0/3rdparty/protobuf/src\google/protobuf/stubs/hash.h(255,14): error C2039: "hash_compare": no es un miembro de "std" (compilando archivo de origen C:\Users\User\Documents\Universidad\Tercero Carrera\3.2. Realidad Virtual\Practica 2\opencv-4.5.0\3rdparty\protobuf\src\google\protobuf\any.cc)
C:\Program Files\Microsoft Visual Studio\2022\Community\VC\Tools\MSVC\14.37.32822\include\unordered_set(24,1): message : vea la declaración de 'std' (compilando archivo de origen C:\Users\User\Documents\Universidad\Tercero Carrera\3.2. Realidad Virtual\Practica 2\opencv-4.5.0\3rdparty\protobuf\src\google\protobuf\any.cc)
C:/Users/User/Documents/Universidad/Tercero Carrera/3.2. Realidad Virtual/Practica 2/opencv-4.5.0/3rdparty/protobuf/src\google/protobuf/stubs/hash.h(255,14): error C2504: 'hash_compare': clase base sin definir (compilando archivo de origen C:\Users\User\Documents\Universidad\Tercero Carrera\3.2. Realidad Virtual\Practica 2\opencv-4.5.0\3rdparty\protobuf\src\google\protobuf\any.cc)
C:/Users/User/Documents/Universidad/Tercero Carrera/3.2. Realidad Virtual/Practica 2/opencv-4.5.0/3rdparty/protobuf/src\google/protobuf/stubs/hash.h(255,42): error C2143: error de sintaxis: falta ',' delante de '<' (compilando archivo de origen C:\Users\User\Documents\Universidad\Tercero Carrera\3.2. Realidad Virtual\Practica 2\opencv-4.5.0\3rdparty\protobuf\src\google\protobuf\any.cc)
C:/Users/User/Documents/Universidad/Tercero Carrera/3.2. Realidad Virtual/Practica 2/opencv-4.5.0/3rdparty/protobuf/src\google/protobuf/stubs/hash.h(400,29): error C2064: el término no se evalúa como una función con 1 argumentos (compilando archivo de origen C:\Users\User\Documents\Universidad\Tercero Carrera\3.2. Realidad Virtual\Practica 2\opencv-4.5.0\3rdparty\protobuf\src\google\protobuf\any.cc)
C:/Users/User/Documents/Universidad/Tercero Carrera/3.2. Realidad Virtual/Practica 2/opencv-4.5.0/3rdparty/protobuf/src\google/protobuf/stubs/hash.h(241,50): error C2143: error de sintaxis: falta ',' delante de '<' (compilando archivo de origen C:\Users\User\Documents\Universidad\Tercero Carrera\3.2. Realidad Virtual\Practica 2\opencv-4.5.0\3rdparty\protobuf\src\google\protobuf\any.pb.cc)
C:/Users/User/Documents/Universidad/Tercero Carrera/3.2. Realidad Virtual/Practica 2/opencv-4.5.0/3rdparty/protobuf/src\google/protobuf/stubs/hash.h(242,2): message : Vea la referencia a la creación de una instancia de clase plantilla "google::protobuf::hash<Key>" que se está compilando (compilando archivo de origen C:\Users\User\Documents\Universidad\Tercero Carrera\3.2. Realidad Virtual\Practica 2\opencv-4.5.0\3rdparty\protobuf\src\google\protobuf\any.pb.cc)
C:/Users/User/Documents/Universidad/Tercero Carrera/3.2. Realidad Virtual/Practica 2/opencv-4.5.0/3rdparty/protobuf/src\google/protobuf/stubs/hash.h(255,14): error C2039: "hash_compare": no es un miembro de "std" (compilando archivo de origen C:\Users\User\Documents\Universidad\Tercero Carrera\3.2. Realidad Virtual\Practica 2\opencv-4.5.0\3rdparty\protobuf\src\google\protobuf\any.pb.cc)
C:\Program Files\Microsoft Visual Studio\2022\Community\VC\Tools\MSVC\14.37.32822\include\unordered_set(24,1): message : vea la declaración de 'std' (compilando archivo de origen C:\Users\User\Documents\Universidad\Tercero Carrera\3.2. Realidad Virtual\Practica 2\opencv-4.5.0\3rdparty\protobuf\src\google\protobuf\any.pb.cc)
C:/Users/User/Documents/Universidad/Tercero Carrera/3.2. Realidad Virtual/Practica 2/opencv-4.5.0/3rdparty/protobuf/src\google/protobuf/stubs/hash.h(255,14): error C2504: 'hash_compare': clase base sin definir (compilando archivo de origen C:\Users\User\Documents\Universidad\Tercero Carrera\3.2. Realidad Virtual\Practica 2\opencv-4.5.0\3rdparty\protobuf\src\google\protobuf\any.pb.cc)
C:/Users/User/Documents/Universidad/Tercero Carrera/3.2. Realidad Virtual/Practica 2/opencv-4.5.0/3rdparty/protobuf/src\google/protobuf/stubs/hash.h(255,42): error C2143: error de sintaxis: falta ',' delante de '<' (compilando archivo de origen C:\Users\User\Documents\Universidad\Tercero Carrera\3.2. Realidad Virtual\Practica 2\opencv-4.5.0\3rdparty\protobuf\src\google\protobuf\any.pb.cc)
C:/Users/User/Documents/Universidad/Tercero Carrera/3.2. Realidad Virtual/Practica 2/opencv-4.5.0/3rdparty/protobuf/src\google/protobuf/stubs/hash.h(400,29): error C2064: el término no se evalúa como una función con 1 argumentos (compilando archivo de origen C:\Users\User\Documents\Universidad\Tercero Carrera\3.2. Realidad Virtual\Practica 2\opencv-4.5.0\3rdparty\protobuf\src\google\protobuf\any.pb.cc)
  extension_set_heavy.cc
  field_mask.pb.cc
  generated_message_reflection.cc
C:/Users/User/Documents/Universidad/Tercero Carrera/3.2. Realidad Virtual/Practica 2/opencv-4.5.0/3rdparty/protobuf/src\google/protobuf/stubs/hash.h(241,50): error C2143: error de sintaxis: falta ',' delante de '<' (compilando archivo de origen C:\Users\User\Documents\Universidad\Tercero Carrera\3.2. Realidad Virtual\Practica 2\opencv-4.5.0\3rdparty\protobuf\src\google\protobuf\api.pb.cc)
C:/Users/User/Documents/Universidad/Tercero Carrera/3.2. Realidad Virtual/Practica 2/opencv-4.5.0/3rdparty/protobuf/src\google/protobuf/stubs/hash.h(242,2): message : Vea la referencia a la creación de una instancia de clase plantilla "google::protobuf::hash<Key>" que se está compilando (compilando archivo de origen C:\Users\User\Documents\Universidad\Tercero Carrera\3.2. Realidad Virtual\Practica 2\opencv-4.5.0\3rdparty\protobuf\src\google\protobuf\api.pb.cc)
C:/Users/User/Documents/Universidad/Tercero Carrera/3.2. Realidad Virtual/Practica 2/opencv-4.5.0/3rdparty/protobuf/src\google/protobuf/stubs/hash.h(255,14): error C2039: "hash_compare": no es un miembro de "std" (compilando archivo de origen C:\Users\User\Documents\Universidad\Tercero Carrera\3.2. Realidad Virtual\Practica 2\opencv-4.5.0\3rdparty\protobuf\src\google\protobuf\api.pb.cc)
C:\Program Files\Microsoft Visual Studio\2022\Community\VC\Tools\MSVC\14.37.32822\include\unordered_set(24,1): message : vea la declaración de 'std' (compilando archivo de origen C:\Users\User\Documents\Universidad\Tercero Carrera\3.2. Realidad Virtual\Practica 2\opencv-4.5.0\3rdparty\protobuf\src\google\protobuf\api.pb.cc)
C:/Users/User/Documents/Universidad/Tercero Carrera/3.2. Realidad Virtual/Practica 2/opencv-4.5.0/3rdparty/protobuf/src\google/protobuf/stubs/hash.h(255,14): error C2504: 'hash_compare': clase base sin definir (compilando archivo de origen C:\Users\User\Documents\Universidad\Tercero Carrera\3.2. Realidad Virtual\Practica 2\opencv-4.5.0\3rdparty\protobuf\src\google\protobuf\api.pb.cc)
C:/Users/User/Documents/Universidad/Tercero Carrera/3.2. Realidad Virtual/Practica 2/opencv-4.5.0/3rdparty/protobuf/src\google/protobuf/stubs/hash.h(255,42): error C2143: error de sintaxis: falta ',' delante de '<' (compilando archivo de origen C:\Users\User\Documents\Universidad\Tercero Carrera\3.2. Realidad Virtual\Practica 2\opencv-4.5.0\3rdparty\protobuf\src\google\protobuf\api.pb.cc)
C:/Users/User/Documents/Universidad/Tercero Carrera/3.2. Realidad Virtual/Practica 2/opencv-4.5.0/3rdparty/protobuf/src\google/protobuf/stubs/hash.h(400,29): error C2064: el término no se evalúa como una función con 1 argumentos (compilando archivo de origen C:\Users\User\Documents\Universidad\Tercero Carrera\3.2. Realidad Virtual\Practica 2\opencv-4.5.0\3rdparty\protobuf\src\google\protobuf\api.pb.cc)
C:/Users/User/Documents/Universidad/Tercero Carrera/3.2. Realidad Virtual/Practica 2/opencv-4.5.0/3rdparty/protobuf/src\google/protobuf/stubs/hash.h(241,50): error C2143: error de sintaxis: falta ',' delante de '<' (compilando archivo de origen C:\Users\User\Documents\Universidad\Tercero Carrera\3.2. Realidad Virtual\Practica 2\opencv-4.5.0\3rdparty\protobuf\src\google\protobuf\descriptor.pb.cc)
C:/Users/User/Documents/Universidad/Tercero Carrera/3.2. Realidad Virtual/Practica 2/opencv-4.5.0/3rdparty/protobuf/src\google/protobuf/stubs/hash.h(242,2): message : Vea la referencia a la creación de una instancia de clase plantilla "google::protobuf::hash<Key>" que se está compilando (compilando archivo de origen C:\Users\User\Documents\Universidad\Tercero Carrera\3.2. Realidad Virtual\Practica 2\opencv-4.5.0\3rdparty\protobuf\src\google\protobuf\descriptor.pb.cc)
C:/Users/User/Documents/Universidad/Tercero Carrera/3.2. Realidad Virtual/Practica 2/opencv-4.5.0/3rdparty/protobuf/src\google/protobuf/stubs/hash.h(255,14): error C2039: "hash_compare": no es un miembro de "std" (compilando archivo de origen C:\Users\User\Documents\Universidad\Tercero Carrera\3.2. Realidad Virtual\Practica 2\opencv-4.5.0\3rdparty\protobuf\src\google\protobuf\descriptor.pb.cc)
C:\Program Files\Microsoft Visual Studio\2022\Community\VC\Tools\MSVC\14.37.32822\include\unordered_set(24,1): message : vea la declaración de 'std' (compilando archivo de origen C:\Users\User\Documents\Universidad\Tercero Carrera\3.2. Realidad Virtual\Practica 2\opencv-4.5.0\3rdparty\protobuf\src\google\protobuf\descriptor.pb.cc)
C:/Users/User/Documents/Universidad/Tercero Carrera/3.2. Realidad Virtual/Practica 2/opencv-4.5.0/3rdparty/protobuf/src\google/protobuf/stubs/hash.h(255,14): error C2504: 'hash_compare': clase base sin definir (compilando archivo de origen C:\Users\User\Documents\Universidad\Tercero Carrera\3.2. Realidad Virtual\Practica 2\opencv-4.5.0\3rdparty\protobuf\src\google\protobuf\descriptor.pb.cc)
C:/Users/User/Documents/Universidad/Tercero Carrera/3.2. Realidad Virtual/Practica 2/opencv-4.5.0/3rdparty/protobuf/src\google/protobuf/stubs/hash.h(255,42): error C2143: error de sintaxis: falta ',' delante de '<' (compilando archivo de origen C:\Users\User\Documents\Universidad\Tercero Carrera\3.2. Realidad Virtual\Practica 2\opencv-4.5.0\3rdparty\protobuf\src\google\protobuf\descriptor.pb.cc)
C:/Users/User/Documents/Universidad/Tercero Carrera/3.2. Realidad Virtual/Practica 2/opencv-4.5.0/3rdparty/protobuf/src\google/protobuf/stubs/hash.h(400,29): error C2064: el término no se evalúa como una función con 1 argumentos (compilando archivo de origen C:\Users\User\Documents\Universidad\Tercero Carrera\3.2. Realidad Virtual\Practica 2\opencv-4.5.0\3rdparty\protobuf\src\google\protobuf\descriptor.pb.cc)
C:/Users/User/Documents/Universidad/Tercero Carrera/3.2. Realidad Virtual/Practica 2/opencv-4.5.0/3rdparty/protobuf/src\google/protobuf/stubs/hash.h(241,50): error C2143: error de sintaxis: falta ',' delante de '<' (compilando archivo de origen C:\Users\User\Documents\Universidad\Tercero Carrera\3.2. Realidad Virtual\Practica 2\opencv-4.5.0\3rdparty\protobuf\src\google\protobuf\dynamic_message.cc)
C:/Users/User/Documents/Universidad/Tercero Carrera/3.2. Realidad Virtual/Practica 2/opencv-4.5.0/3rdparty/protobuf/src\google/protobuf/stubs/hash.h(242,2): message : Vea la referencia a la creación de una instancia de clase plantilla "google::protobuf::hash<Key>" que se está compilando (compilando archivo de origen C:\Users\User\Documents\Universidad\Tercero Carrera\3.2. Realidad Virtual\Practica 2\opencv-4.5.0\3rdparty\protobuf\src\google\protobuf\dynamic_message.cc)
C:/Users/User/Documents/Universidad/Tercero Carrera/3.2. Realidad Virtual/Practica 2/opencv-4.5.0/3rdparty/protobuf/src\google/protobuf/stubs/hash.h(255,14): error C2039: "hash_compare": no es un miembro de "std" (compilando archivo de origen C:\Users\User\Documents\Universidad\Tercero Carrera\3.2. Realidad Virtual\Practica 2\opencv-4.5.0\3rdparty\protobuf\src\google\protobuf\dynamic_message.cc)
C:\Program Files\Microsoft Visual Studio\2022\Community\VC\Tools\MSVC\14.37.32822\include\unordered_set(24,1): message : vea la declaración de 'std' (compilando archivo de origen C:\Users\User\Documents\Universidad\Tercero Carrera\3.2. Realidad Virtual\Practica 2\opencv-4.5.0\3rdparty\protobuf\src\google\protobuf\dynamic_message.cc)
C:/Users/User/Documents/Universidad/Tercero Carrera/3.2. Realidad Virtual/Practica 2/opencv-4.5.0/3rdparty/protobuf/src\google/protobuf/stubs/hash.h(255,14): error C2504: 'hash_compare': clase base sin definir (compilando archivo de origen C:\Users\User\Documents\Universidad\Tercero Carrera\3.2. Realidad Virtual\Practica 2\opencv-4.5.0\3rdparty\protobuf\src\google\protobuf\dynamic_message.cc)
C:/Users/User/Documents/Universidad/Tercero Carrera/3.2. Realidad Virtual/Practica 2/opencv-4.5.0/3rdparty/protobuf/src\google/protobuf/stubs/hash.h(255,42): error C2143: error de sintaxis: falta ',' delante de '<' (compilando archivo de origen C:\Users\User\Documents\Universidad\Tercero Carrera\3.2. Realidad Virtual\Practica 2\opencv-4.5.0\3rdparty\protobuf\src\google\protobuf\dynamic_message.cc)
C:/Users/User/Documents/Universidad/Tercero Carrera/3.2. Realidad Virtual/Practica 2/opencv-4.5.0/3rdparty/protobuf/src\google/protobuf/stubs/hash.h(400,29): error C2064: el término no se evalúa como una función con 1 argumentos (compilando archivo de origen C:\Users\User\Documents\Universidad\Tercero Carrera\3.2. Realidad Virtual\Practica 2\opencv-4.5.0\3rdparty\protobuf\src\google\protobuf\dynamic_message.cc)
C:/Users/User/Documents/Universidad/Tercero Carrera/3.2. Realidad Virtual/Practica 2/opencv-4.5.0/3rdparty/protobuf/src\google/protobuf/stubs/hash.h(241,50): error C2143: error de sintaxis: falta ',' delante de '<' (compilando archivo de origen C:\Users\User\Documents\Universidad\Tercero Carrera\3.2. Realidad Virtual\Practica 2\opencv-4.5.0\3rdparty\protobuf\src\google\protobuf\duration.pb.cc)
C:/Users/User/Documents/Universidad/Tercero Carrera/3.2. Realidad Virtual/Practica 2/opencv-4.5.0/3rdparty/protobuf/src\google/protobuf/stubs/hash.h(242,2): message : Vea la referencia a la creación de una instancia de clase plantilla "google::protobuf::hash<Key>" que se está compilando (compilando archivo de origen C:\Users\User\Documents\Universidad\Tercero Carrera\3.2. Realidad Virtual\Practica 2\opencv-4.5.0\3rdparty\protobuf\src\google\protobuf\duration.pb.cc)
C:/Users/User/Documents/Universidad/Tercero Carrera/3.2. Realidad Virtual/Practica 2/opencv-4.5.0/3rdparty/protobuf/src\google/protobuf/stubs/hash.h(255,14): error C2039: "hash_compare": no es un miembro de "std" (compilando archivo de origen C:\Users\User\Documents\Universidad\Tercero Carrera\3.2. Realidad Virtual\Practica 2\opencv-4.5.0\3rdparty\protobuf\src\google\protobuf\duration.pb.cc)
C:\Program Files\Microsoft Visual Studio\2022\Community\VC\Tools\MSVC\14.37.32822\include\unordered_set(24,1): message : vea la declaración de 'std' (compilando archivo de origen C:\Users\User\Documents\Universidad\Tercero Carrera\3.2. Realidad Virtual\Practica 2\opencv-4.5.0\3rdparty\protobuf\src\google\protobuf\duration.pb.cc)
C:/Users/User/Documents/Universidad/Tercero Carrera/3.2. Realidad Virtual/Practica 2/opencv-4.5.0/3rdparty/protobuf/src\google/protobuf/stubs/hash.h(255,14): error C2504: 'hash_compare': clase base sin definir (compilando archivo de origen C:\Users\User\Documents\Universidad\Tercero Carrera\3.2. Realidad Virtual\Practica 2\opencv-4.5.0\3rdparty\protobuf\src\google\protobuf\duration.pb.cc)
C:/Users/User/Documents/Universidad/Tercero Carrera/3.2. Realidad Virtual/Practica 2/opencv-4.5.0/3rdparty/protobuf/src\google/protobuf/stubs/hash.h(255,42): error C2143: error de sintaxis: falta ',' delante de '<' (compilando archivo de origen C:\Users\User\Documents\Universidad\Tercero Carrera\3.2. Realidad Virtual\Practica 2\opencv-4.5.0\3rdparty\protobuf\src\google\protobuf\duration.pb.cc)
C:/Users/User/Documents/Universidad/Tercero Carrera/3.2. Realidad Virtual/Practica 2/opencv-4.5.0/3rdparty/protobuf/src\google/protobuf/stubs/hash.h(400,29): error C2064: el término no se evalúa como una función con 1 argumentos (compilando archivo de origen C:\Users\User\Documents\Universidad\Tercero Carrera\3.2. Realidad Virtual\Practica 2\opencv-4.5.0\3rdparty\protobuf\src\google\protobuf\duration.pb.cc)
  generated_message_table_driven.cc
  gzip_stream.cc
  printer.cc
C:/Users/User/Documents/Universidad/Tercero Carrera/3.2. Realidad Virtual/Practica 2/opencv-4.5.0/3rdparty/protobuf/src\google/protobuf/stubs/hash.h(241,50): error C2143: error de sintaxis: falta ',' delante de '<' (compilando archivo de origen C:\Users\User\Documents\Universidad\Tercero Carrera\3.2. Realidad Virtual\Practica 2\opencv-4.5.0\3rdparty\protobuf\src\google\protobuf\extension_set_heavy.cc)
C:/Users/User/Documents/Universidad/Tercero Carrera/3.2. Realidad Virtual/Practica 2/opencv-4.5.0/3rdparty/protobuf/src\google/protobuf/stubs/hash.h(242,2): message : Vea la referencia a la creación de una instancia de clase plantilla "google::protobuf::hash<Key>" que se está compilando (compilando archivo de origen C:\Users\User\Documents\Universidad\Tercero Carrera\3.2. Realidad Virtual\Practica 2\opencv-4.5.0\3rdparty\protobuf\src\google\protobuf\extension_set_heavy.cc)
C:/Users/User/Documents/Universidad/Tercero Carrera/3.2. Realidad Virtual/Practica 2/opencv-4.5.0/3rdparty/protobuf/src\google/protobuf/stubs/hash.h(255,14): error C2039: "hash_compare": no es un miembro de "std" (compilando archivo de origen C:\Users\User\Documents\Universidad\Tercero Carrera\3.2. Realidad Virtual\Practica 2\opencv-4.5.0\3rdparty\protobuf\src\google\protobuf\extension_set_heavy.cc)
C:\Program Files\Microsoft Visual Studio\2022\Community\VC\Tools\MSVC\14.37.32822\include\unordered_set(24,1): message : vea la declaración de 'std' (compilando archivo de origen C:\Users\User\Documents\Universidad\Tercero Carrera\3.2. Realidad Virtual\Practica 2\opencv-4.5.0\3rdparty\protobuf\src\google\protobuf\extension_set_heavy.cc)
C:/Users/User/Documents/Universidad/Tercero Carrera/3.2. Realidad Virtual/Practica 2/opencv-4.5.0/3rdparty/protobuf/src\google/protobuf/stubs/hash.h(255,14): error C2504: 'hash_compare': clase base sin definir (compilando archivo de origen C:\Users\User\Documents\Universidad\Tercero Carrera\3.2. Realidad Virtual\Practica 2\opencv-4.5.0\3rdparty\protobuf\src\google\protobuf\extension_set_heavy.cc)
C:/Users/User/Documents/Universidad/Tercero Carrera/3.2. Realidad Virtual/Practica 2/opencv-4.5.0/3rdparty/protobuf/src\google/protobuf/stubs/hash.h(255,42): error C2143: error de sintaxis: falta ',' delante de '<' (compilando archivo de origen C:\Users\User\Documents\Universidad\Tercero Carrera\3.2. Realidad Virtual\Practica 2\opencv-4.5.0\3rdparty\protobuf\src\google\protobuf\extension_set_heavy.cc)
C:/Users/User/Documents/Universidad/Tercero Carrera/3.2. Realidad Virtual/Practica 2/opencv-4.5.0/3rdparty/protobuf/src\google/protobuf/stubs/hash.h(400,29): error C2064: el término no se evalúa como una función con 1 argumentos (compilando archivo de origen C:\Users\User\Documents\Universidad\Tercero Carrera\3.2. Realidad Virtual\Practica 2\opencv-4.5.0\3rdparty\protobuf\src\google\protobuf\extension_set_heavy.cc)
  strtod.cc
C:/Users/User/Documents/Universidad/Tercero Carrera/3.2. Realidad Virtual/Practica 2/opencv-4.5.0/3rdparty/protobuf/src\google/protobuf/stubs/hash.h(241,50): error C2143: error de sintaxis: falta ',' delante de '<' (compilando archivo de origen C:\Users\User\Documents\Universidad\Tercero Carrera\3.2. Realidad Virtual\Practica 2\opencv-4.5.0\3rdparty\protobuf\src\google\protobuf\field_mask.pb.cc)
C:/Users/User/Documents/Universidad/Tercero Carrera/3.2. Realidad Virtual/Practica 2/opencv-4.5.0/3rdparty/protobuf/src\google/protobuf/stubs/hash.h(242,2): message : Vea la referencia a la creación de una instancia de clase plantilla "google::protobuf::hash<Key>" que se está compilando (compilando archivo de origen C:\Users\User\Documents\Universidad\Tercero Carrera\3.2. Realidad Virtual\Practica 2\opencv-4.5.0\3rdparty\protobuf\src\google\protobuf\field_mask.pb.cc)
C:/Users/User/Documents/Universidad/Tercero Carrera/3.2. Realidad Virtual/Practica 2/opencv-4.5.0/3rdparty/protobuf/src\google/protobuf/stubs/hash.h(255,14): error C2039: "hash_compare": no es un miembro de "std" (compilando archivo de origen C:\Users\User\Documents\Universidad\Tercero Carrera\3.2. Realidad Virtual\Practica 2\opencv-4.5.0\3rdparty\protobuf\src\google\protobuf\field_mask.pb.cc)
C:\Program Files\Microsoft Visual Studio\2022\Community\VC\Tools\MSVC\14.37.32822\include\unordered_set(24,1): message : vea la declaración de 'std' (compilando archivo de origen C:\Users\User\Documents\Universidad\Tercero Carrera\3.2. Realidad Virtual\Practica 2\opencv-4.5.0\3rdparty\protobuf\src\google\protobuf\field_mask.pb.cc)
C:/Users/User/Documents/Universidad/Tercero Carrera/3.2. Realidad Virtual/Practica 2/opencv-4.5.0/3rdparty/protobuf/src\google/protobuf/stubs/hash.h(255,14): error C2504: 'hash_compare': clase base sin definir (compilando archivo de origen C:\Users\User\Documents\Universidad\Tercero Carrera\3.2. Realidad Virtual\Practica 2\opencv-4.5.0\3rdparty\protobuf\src\google\protobuf\field_mask.pb.cc)
C:/Users/User/Documents/Universidad/Tercero Carrera/3.2. Realidad Virtual/Practica 2/opencv-4.5.0/3rdparty/protobuf/src\google/protobuf/stubs/hash.h(255,42): error C2143: error de sintaxis: falta ',' delante de '<' (compilando archivo de origen C:\Users\User\Documents\Universidad\Tercero Carrera\3.2. Realidad Virtual\Practica 2\opencv-4.5.0\3rdparty\protobuf\src\google\protobuf\field_mask.pb.cc)
C:/Users/User/Documents/Universidad/Tercero Carrera/3.2. Realidad Virtual/Practica 2/opencv-4.5.0/3rdparty/protobuf/src\google/protobuf/stubs/hash.h(400,29): error C2064: el término no se evalúa como una función con 1 argumentos (compilando archivo de origen C:\Users\User\Documents\Universidad\Tercero Carrera\3.2. Realidad Virtual\Practica 2\opencv-4.5.0\3rdparty\protobuf\src\google\protobuf\field_mask.pb.cc)
  tokenizer.cc
C:/Users/User/Documents/Universidad/Tercero Carrera/3.2. Realidad Virtual/Practica 2/opencv-4.5.0/3rdparty/protobuf/src\google/protobuf/stubs/hash.h(241,50): error C2143: error de sintaxis: falta ',' delante de '<' (compilando archivo de origen C:\Users\User\Documents\Universidad\Tercero Carrera\3.2. Realidad Virtual\Practica 2\opencv-4.5.0\3rdparty\protobuf\src\google\protobuf\generated_message_reflection.cc)
C:/Users/User/Documents/Universidad/Tercero Carrera/3.2. Realidad Virtual/Practica 2/opencv-4.5.0/3rdparty/protobuf/src\google/protobuf/stubs/hash.h(242,2): message : Vea la referencia a la creación de una instancia de clase plantilla "google::protobuf::hash<Key>" que se está compilando (compilando archivo de origen C:\Users\User\Documents\Universidad\Tercero Carrera\3.2. Realidad Virtual\Practica 2\opencv-4.5.0\3rdparty\protobuf\src\google\protobuf\generated_message_reflection.cc)
C:/Users/User/Documents/Universidad/Tercero Carrera/3.2. Realidad Virtual/Practica 2/opencv-4.5.0/3rdparty/protobuf/src\google/protobuf/stubs/hash.h(255,14): error C2039: "hash_compare": no es un miembro de "std" (compilando archivo de origen C:\Users\User\Documents\Universidad\Tercero Carrera\3.2. Realidad Virtual\Practica 2\opencv-4.5.0\3rdparty\protobuf\src\google\protobuf\generated_message_reflection.cc)
C:\Program Files\Microsoft Visual Studio\2022\Community\VC\Tools\MSVC\14.37.32822\include\unordered_set(24,1): message : vea la declaración de 'std' (compilando archivo de origen C:\Users\User\Documents\Universidad\Tercero Carrera\3.2. Realidad Virtual\Practica 2\opencv-4.5.0\3rdparty\protobuf\src\google\protobuf\generated_message_reflection.cc)
C:/Users/User/Documents/Universidad/Tercero Carrera/3.2. Realidad Virtual/Practica 2/opencv-4.5.0/3rdparty/protobuf/src\google/protobuf/stubs/hash.h(255,14): error C2504: 'hash_compare': clase base sin definir (compilando archivo de origen C:\Users\User\Documents\Universidad\Tercero Carrera\3.2. Realidad Virtual\Practica 2\opencv-4.5.0\3rdparty\protobuf\src\google\protobuf\generated_message_reflection.cc)
C:/Users/User/Documents/Universidad/Tercero Carrera/3.2. Realidad Virtual/Practica 2/opencv-4.5.0/3rdparty/protobuf/src\google/protobuf/stubs/hash.h(255,42): error C2143: error de sintaxis: falta ',' delante de '<' (compilando archivo de origen C:\Users\User\Documents\Universidad\Tercero Carrera\3.2. Realidad Virtual\Practica 2\opencv-4.5.0\3rdparty\protobuf\src\google\protobuf\generated_message_reflection.cc)
C:/Users/User/Documents/Universidad/Tercero Carrera/3.2. Realidad Virtual/Practica 2/opencv-4.5.0/3rdparty/protobuf/src\google/protobuf/stubs/hash.h(400,29): error C2064: el término no se evalúa como una función con 1 argumentos (compilando archivo de origen C:\Users\User\Documents\Universidad\Tercero Carrera\3.2. Realidad Virtual\Practica 2\opencv-4.5.0\3rdparty\protobuf\src\google\protobuf\generated_message_reflection.cc)
C:/Users/User/Documents/Universidad/Tercero Carrera/3.2. Realidad Virtual/Practica 2/opencv-4.5.0/3rdparty/protobuf/src\google/protobuf/stubs/hash.h(241,22): error C2039: "hash_compare": no es un miembro de "std" (compilando archivo de origen C:\Users\User\Documents\Universidad\Tercero Carrera\3.2. Realidad Virtual\Practica 2\opencv-4.5.0\3rdparty\protobuf\src\google\protobuf\dynamic_message.cc)
C:\Program Files\Microsoft Visual Studio\2022\Community\VC\Tools\MSVC\14.37.32822\include\unordered_set(24,1): message : vea la declaración de 'std' (compilando archivo de origen C:\Users\User\Documents\Universidad\Tercero Carrera\3.2. Realidad Virtual\Practica 2\opencv-4.5.0\3rdparty\protobuf\src\google\protobuf\dynamic_message.cc)
C:/Users/User/Documents/Universidad/Tercero Carrera/3.2. Realidad Virtual/Practica 2/opencv-4.5.0/3rdparty/protobuf/src\google/protobuf/map_field.h(817,48): message : Vea la referencia a la creación de una instancia de clase plantilla "google::protobuf::hash<google::protobuf::int64>" que se está compilando (compilando archivo de origen C:\Users\User\Documents\Universidad\Tercero Carrera\3.2. Realidad Virtual\Practica 2\opencv-4.5.0\3rdparty\protobuf\src\google\protobuf\dynamic_message.cc)
C:/Users/User/Documents/Universidad/Tercero Carrera/3.2. Realidad Virtual/Practica 2/opencv-4.5.0/3rdparty/protobuf/src\google/protobuf/stubs/hash.h(241,22): error C2504: 'hash_compare': clase base sin definir (compilando archivo de origen C:\Users\User\Documents\Universidad\Tercero Carrera\3.2. Realidad Virtual\Practica 2\opencv-4.5.0\3rdparty\protobuf\src\google\protobuf\dynamic_message.cc)
C:/Users/User/Documents/Universidad/Tercero Carrera/3.2. Realidad Virtual/Practica 2/opencv-4.5.0/3rdparty/protobuf/src\google/protobuf/map_field.h(817,48): error C2064: el término no se evalúa como una función con 1 argumentos (compilando archivo de origen C:\Users\User\Documents\Universidad\Tercero Carrera\3.2. Realidad Virtual\Practica 2\opencv-4.5.0\3rdparty\protobuf\src\google\protobuf\dynamic_message.cc)
C:/Users/User/Documents/Universidad/Tercero Carrera/3.2. Realidad Virtual/Practica 2/opencv-4.5.0/3rdparty/protobuf/src\google/protobuf/map_field.h(819,48): error C2064: el término no se evalúa como una función con 1 argumentos (compilando archivo de origen C:\Users\User\Documents\Universidad\Tercero Carrera\3.2. Realidad Virtual\Practica 2\opencv-4.5.0\3rdparty\protobuf\src\google\protobuf\dynamic_message.cc)
C:/Users/User/Documents/Universidad/Tercero Carrera/3.2. Realidad Virtual/Practica 2/opencv-4.5.0/3rdparty/protobuf/src\google/protobuf/map_field.h(821,49): error C2064: el término no se evalúa como una función con 1 argumentos (compilando archivo de origen C:\Users\User\Documents\Universidad\Tercero Carrera\3.2. Realidad Virtual\Practica 2\opencv-4.5.0\3rdparty\protobuf\src\google\protobuf\dynamic_message.cc)
C:/Users/User/Documents/Universidad/Tercero Carrera/3.2. Realidad Virtual/Practica 2/opencv-4.5.0/3rdparty/protobuf/src\google/protobuf/map_field.h(823,49): error C2064: el término no se evalúa como una función con 1 argumentos (compilando archivo de origen C:\Users\User\Documents\Universidad\Tercero Carrera\3.2. Realidad Virtual\Practica 2\opencv-4.5.0\3rdparty\protobuf\src\google\protobuf\dynamic_message.cc)
C:/Users/User/Documents/Universidad/Tercero Carrera/3.2. Realidad Virtual/Practica 2/opencv-4.5.0/3rdparty/protobuf/src\google/protobuf/map_field.h(825,26): error C2064: el término no se evalúa como una función con 1 argumentos (compilando archivo de origen C:\Users\User\Documents\Universidad\Tercero Carrera\3.2. Realidad Virtual\Practica 2\opencv-4.5.0\3rdparty\protobuf\src\google\protobuf\dynamic_message.cc)
  zero_copy_stream_impl.cc
  map_field.cc
  message.cc
  reflection_ops.cc
C:/Users/User/Documents/Universidad/Tercero Carrera/3.2. Realidad Virtual/Practica 2/opencv-4.5.0/3rdparty/protobuf/src\google/protobuf/stubs/hash.h(241,22): error C2039: "hash_compare": no es un miembro de "std" (compilando archivo de origen C:\Users\User\Documents\Universidad\Tercero Carrera\3.2. Realidad Virtual\Practica 2\opencv-4.5.0\3rdparty\protobuf\src\google\protobuf\generated_message_reflection.cc)
C:\Program Files\Microsoft Visual Studio\2022\Community\VC\Tools\MSVC\14.37.32822\include\unordered_set(24,1): message : vea la declaración de 'std' (compilando archivo de origen C:\Users\User\Documents\Universidad\Tercero Carrera\3.2. Realidad Virtual\Practica 2\opencv-4.5.0\3rdparty\protobuf\src\google\protobuf\generated_message_reflection.cc)
C:/Users/User/Documents/Universidad/Tercero Carrera/3.2. Realidad Virtual/Practica 2/opencv-4.5.0/3rdparty/protobuf/src\google/protobuf/map_field.h(817,48): message : Vea la referencia a la creación de una instancia de clase plantilla "google::protobuf::hash<google::protobuf::int64>" que se está compilando (compilando archivo de origen C:\Users\User\Documents\Universidad\Tercero Carrera\3.2. Realidad Virtual\Practica 2\opencv-4.5.0\3rdparty\protobuf\src\google\protobuf\generated_message_reflection.cc)
C:/Users/User/Documents/Universidad/Tercero Carrera/3.2. Realidad Virtual/Practica 2/opencv-4.5.0/3rdparty/protobuf/src\google/protobuf/stubs/hash.h(241,22): error C2504: 'hash_compare': clase base sin definir (compilando archivo de origen C:\Users\User\Documents\Universidad\Tercero Carrera\3.2. Realidad Virtual\Practica 2\opencv-4.5.0\3rdparty\protobuf\src\google\protobuf\generated_message_reflection.cc)
C:/Users/User/Documents/Universidad/Tercero Carrera/3.2. Realidad Virtual/Practica 2/opencv-4.5.0/3rdparty/protobuf/src\google/protobuf/map_field.h(817,48): error C2064: el término no se evalúa como una función con 1 argumentos (compilando archivo de origen C:\Users\User\Documents\Universidad\Tercero Carrera\3.2. Realidad Virtual\Practica 2\opencv-4.5.0\3rdparty\protobuf\src\google\protobuf\generated_message_reflection.cc)
C:/Users/User/Documents/Universidad/Tercero Carrera/3.2. Realidad Virtual/Practica 2/opencv-4.5.0/3rdparty/protobuf/src\google/protobuf/map_field.h(819,48): error C2064: el término no se evalúa como una función con 1 argumentos (compilando archivo de origen C:\Users\User\Documents\Universidad\Tercero Carrera\3.2. Realidad Virtual\Practica 2\opencv-4.5.0\3rdparty\protobuf\src\google\protobuf\generated_message_reflection.cc)
C:/Users/User/Documents/Universidad/Tercero Carrera/3.2. Realidad Virtual/Practica 2/opencv-4.5.0/3rdparty/protobuf/src\google/protobuf/map_field.h(821,49): error C2064: el término no se evalúa como una función con 1 argumentos (compilando archivo de origen C:\Users\User\Documents\Universidad\Tercero Carrera\3.2. Realidad Virtual\Practica 2\opencv-4.5.0\3rdparty\protobuf\src\google\protobuf\generated_message_reflection.cc)
C:/Users/User/Documents/Universidad/Tercero Carrera/3.2. Realidad Virtual/Practica 2/opencv-4.5.0/3rdparty/protobuf/src\google/protobuf/map_field.h(823,49): error C2064: el término no se evalúa como una función con 1 argumentos (compilando archivo de origen C:\Users\User\Documents\Universidad\Tercero Carrera\3.2. Realidad Virtual\Practica 2\opencv-4.5.0\3rdparty\protobuf\src\google\protobuf\generated_message_reflection.cc)
C:/Users/User/Documents/Universidad/Tercero Carrera/3.2. Realidad Virtual/Practica 2/opencv-4.5.0/3rdparty/protobuf/src\google/protobuf/map_field.h(825,26): error C2064: el término no se evalúa como una función con 1 argumentos (compilando archivo de origen C:\Users\User\Documents\Universidad\Tercero Carrera\3.2. Realidad Virtual\Practica 2\opencv-4.5.0\3rdparty\protobuf\src\google\protobuf\generated_message_reflection.cc)
  service.cc
C:/Users/User/Documents/Universidad/Tercero Carrera/3.2. Realidad Virtual/Practica 2/opencv-4.5.0/3rdparty/protobuf/src\google/protobuf/stubs/hash.h(241,50): error C2143: error de sintaxis: falta ',' delante de '<' (compilando archivo de origen C:\Users\User\Documents\Universidad\Tercero Carrera\3.2. Realidad Virtual\Practica 2\opencv-4.5.0\3rdparty\protobuf\src\google\protobuf\generated_message_table_driven.cc)
C:/Users/User/Documents/Universidad/Tercero Carrera/3.2. Realidad Virtual/Practica 2/opencv-4.5.0/3rdparty/protobuf/src\google/protobuf/stubs/hash.h(242,2): message : Vea la referencia a la creación de una instancia de clase plantilla "google::protobuf::hash<Key>" que se está compilando (compilando archivo de origen C:\Users\User\Documents\Universidad\Tercero Carrera\3.2. Realidad Virtual\Practica 2\opencv-4.5.0\3rdparty\protobuf\src\google\protobuf\generated_message_table_driven.cc)
C:/Users/User/Documents/Universidad/Tercero Carrera/3.2. Realidad Virtual/Practica 2/opencv-4.5.0/3rdparty/protobuf/src\google/protobuf/stubs/hash.h(255,14): error C2039: "hash_compare": no es un miembro de "std" (compilando archivo de origen C:\Users\User\Documents\Universidad\Tercero Carrera\3.2. Realidad Virtual\Practica 2\opencv-4.5.0\3rdparty\protobuf\src\google\protobuf\generated_message_table_driven.cc)
C:\Program Files\Microsoft Visual Studio\2022\Community\VC\Tools\MSVC\14.37.32822\include\unordered_set(24,1): message : vea la declaración de 'std' (compilando archivo de origen C:\Users\User\Documents\Universidad\Tercero Carrera\3.2. Realidad Virtual\Practica 2\opencv-4.5.0\3rdparty\protobuf\src\google\protobuf\generated_message_table_driven.cc)
C:/Users/User/Documents/Universidad/Tercero Carrera/3.2. Realidad Virtual/Practica 2/opencv-4.5.0/3rdparty/protobuf/src\google/protobuf/stubs/hash.h(255,14): error C2504: 'hash_compare': clase base sin definir (compilando archivo de origen C:\Users\User\Documents\Universidad\Tercero Carrera\3.2. Realidad Virtual\Practica 2\opencv-4.5.0\3rdparty\protobuf\src\google\protobuf\generated_message_table_driven.cc)
C:/Users/User/Documents/Universidad/Tercero Carrera/3.2. Realidad Virtual/Practica 2/opencv-4.5.0/3rdparty/protobuf/src\google/protobuf/stubs/hash.h(255,42): error C2143: error de sintaxis: falta ',' delante de '<' (compilando archivo de origen C:\Users\User\Documents\Universidad\Tercero Carrera\3.2. Realidad Virtual\Practica 2\opencv-4.5.0\3rdparty\protobuf\src\google\protobuf\generated_message_table_driven.cc)
C:/Users/User/Documents/Universidad/Tercero Carrera/3.2. Realidad Virtual/Practica 2/opencv-4.5.0/3rdparty/protobuf/src\google/protobuf/stubs/hash.h(400,29): error C2064: el término no se evalúa como una función con 1 argumentos (compilando archivo de origen C:\Users\User\Documents\Universidad\Tercero Carrera\3.2. Realidad Virtual\Practica 2\opencv-4.5.0\3rdparty\protobuf\src\google\protobuf\generated_message_table_driven.cc)
  source_context.pb.cc
  struct.pb.cc
  mathlimits.cc
  substitute.cc
C:/Users/User/Documents/Universidad/Tercero Carrera/3.2. Realidad Virtual/Practica 2/opencv-4.5.0/3rdparty/protobuf/src\google/protobuf/stubs/hash.h(241,50): error C2143: error de sintaxis: falta ',' delante de '<' (compilando archivo de origen C:\Users\User\Documents\Universidad\Tercero Carrera\3.2. Realidad Virtual\Practica 2\opencv-4.5.0\3rdparty\protobuf\src\google\protobuf\descriptor.cc)
C:/Users/User/Documents/Universidad/Tercero Carrera/3.2. Realidad Virtual/Practica 2/opencv-4.5.0/3rdparty/protobuf/src\google/protobuf/stubs/hash.h(242,2): message : Vea la referencia a la creación de una instancia de clase plantilla "google::protobuf::hash<Key>" que se está compilando (compilando archivo de origen C:\Users\User\Documents\Universidad\Tercero Carrera\3.2. Realidad Virtual\Practica 2\opencv-4.5.0\3rdparty\protobuf\src\google\protobuf\descriptor.cc)
C:/Users/User/Documents/Universidad/Tercero Carrera/3.2. Realidad Virtual/Practica 2/opencv-4.5.0/3rdparty/protobuf/src\google/protobuf/stubs/hash.h(255,14): error C2039: "hash_compare": no es un miembro de "std" (compilando archivo de origen C:\Users\User\Documents\Universidad\Tercero Carrera\3.2. Realidad Virtual\Practica 2\opencv-4.5.0\3rdparty\protobuf\src\google\protobuf\descriptor.cc)
C:\Program Files\Microsoft Visual Studio\2022\Community\VC\Tools\MSVC\14.37.32822\include\unordered_set(24,1): message : vea la declaración de 'std' (compilando archivo de origen C:\Users\User\Documents\Universidad\Tercero Carrera\3.2. Realidad Virtual\Practica 2\opencv-4.5.0\3rdparty\protobuf\src\google\protobuf\descriptor.cc)
C:/Users/User/Documents/Universidad/Tercero Carrera/3.2. Realidad Virtual/Practica 2/opencv-4.5.0/3rdparty/protobuf/src\google/protobuf/stubs/hash.h(255,14): error C2504: 'hash_compare': clase base sin definir (compilando archivo de origen C:\Users\User\Documents\Universidad\Tercero Carrera\3.2. Realidad Virtual\Practica 2\opencv-4.5.0\3rdparty\protobuf\src\google\protobuf\descriptor.cc)
C:/Users/User/Documents/Universidad/Tercero Carrera/3.2. Realidad Virtual/Practica 2/opencv-4.5.0/3rdparty/protobuf/src\google/protobuf/stubs/hash.h(255,42): error C2143: error de sintaxis: falta ',' delante de '<' (compilando archivo de origen C:\Users\User\Documents\Universidad\Tercero Carrera\3.2. Realidad Virtual\Practica 2\opencv-4.5.0\3rdparty\protobuf\src\google\protobuf\descriptor.cc)
C:/Users/User/Documents/Universidad/Tercero Carrera/3.2. Realidad Virtual/Practica 2/opencv-4.5.0/3rdparty/protobuf/src\google/protobuf/stubs/hash.h(400,29): error C2064: el término no se evalúa como una función con 1 argumentos (compilando archivo de origen C:\Users\User\Documents\Universidad\Tercero Carrera\3.2. Realidad Virtual\Practica 2\opencv-4.5.0\3rdparty\protobuf\src\google\protobuf\descriptor.cc)
C:/Users/User/Documents/Universidad/Tercero Carrera/3.2. Realidad Virtual/Practica 2/opencv-4.5.0/3rdparty/protobuf/src\google/protobuf/stubs/hash.h(241,50): error C2143: error de sintaxis: falta ',' delante de '<' (compilando archivo de origen C:\Users\User\Documents\Universidad\Tercero Carrera\3.2. Realidad Virtual\Practica 2\opencv-4.5.0\3rdparty\protobuf\src\google\protobuf\message.cc)
C:/Users/User/Documents/Universidad/Tercero Carrera/3.2. Realidad Virtual/Practica 2/opencv-4.5.0/3rdparty/protobuf/src\google/protobuf/stubs/hash.h(242,2): message : Vea la referencia a la creación de una instancia de clase plantilla "google::protobuf::hash<Key>" que se está compilando (compilando archivo de origen C:\Users\User\Documents\Universidad\Tercero Carrera\3.2. Realidad Virtual\Practica 2\opencv-4.5.0\3rdparty\protobuf\src\google\protobuf\message.cc)
C:/Users/User/Documents/Universidad/Tercero Carrera/3.2. Realidad Virtual/Practica 2/opencv-4.5.0/3rdparty/protobuf/src\google/protobuf/stubs/hash.h(255,14): error C2039: "hash_compare": no es un miembro de "std" (compilando archivo de origen C:\Users\User\Documents\Universidad\Tercero Carrera\3.2. Realidad Virtual\Practica 2\opencv-4.5.0\3rdparty\protobuf\src\google\protobuf\message.cc)
C:\Program Files\Microsoft Visual Studio\2022\Community\VC\Tools\MSVC\14.37.32822\include\unordered_set(24,1): message : vea la declaración de 'std' (compilando archivo de origen C:\Users\User\Documents\Universidad\Tercero Carrera\3.2. Realidad Virtual\Practica 2\opencv-4.5.0\3rdparty\protobuf\src\google\protobuf\message.cc)
C:/Users/User/Documents/Universidad/Tercero Carrera/3.2. Realidad Virtual/Practica 2/opencv-4.5.0/3rdparty/protobuf/src\google/protobuf/stubs/hash.h(255,14): error C2504: 'hash_compare': clase base sin definir (compilando archivo de origen C:\Users\User\Documents\Universidad\Tercero Carrera\3.2. Realidad Virtual\Practica 2\opencv-4.5.0\3rdparty\protobuf\src\google\protobuf\message.cc)
C:/Users/User/Documents/Universidad/Tercero Carrera/3.2. Realidad Virtual/Practica 2/opencv-4.5.0/3rdparty/protobuf/src\google/protobuf/stubs/hash.h(255,42): error C2143: error de sintaxis: falta ',' delante de '<' (compilando archivo de origen C:\Users\User\Documents\Universidad\Tercero Carrera\3.2. Realidad Virtual\Practica 2\opencv-4.5.0\3rdparty\protobuf\src\google\protobuf\message.cc)
C:/Users/User/Documents/Universidad/Tercero Carrera/3.2. Realidad Virtual/Practica 2/opencv-4.5.0/3rdparty/protobuf/src\google/protobuf/stubs/hash.h(400,29): error C2064: el término no se evalúa como una función con 1 argumentos (compilando archivo de origen C:\Users\User\Documents\Universidad\Tercero Carrera\3.2. Realidad Virtual\Practica 2\opencv-4.5.0\3rdparty\protobuf\src\google\protobuf\message.cc)
  text_format.cc
C:/Users/User/Documents/Universidad/Tercero Carrera/3.2. Realidad Virtual/Practica 2/opencv-4.5.0/3rdparty/protobuf/src\google/protobuf/stubs/hash.h(241,22): error C2039: "hash_compare": no es un miembro de "std" (compilando archivo de origen C:\Users\User\Documents\Universidad\Tercero Carrera\3.2. Realidad Virtual\Practica 2\opencv-4.5.0\3rdparty\protobuf\src\google\protobuf\message.cc)
C:\Program Files\Microsoft Visual Studio\2022\Community\VC\Tools\MSVC\14.37.32822\include\unordered_set(24,1): message : vea la declaración de 'std' (compilando archivo de origen C:\Users\User\Documents\Universidad\Tercero Carrera\3.2. Realidad Virtual\Practica 2\opencv-4.5.0\3rdparty\protobuf\src\google\protobuf\message.cc)
C:/Users/User/Documents/Universidad/Tercero Carrera/3.2. Realidad Virtual/Practica 2/opencv-4.5.0/3rdparty/protobuf/src\google/protobuf/map_field.h(817,48): message : Vea la referencia a la creación de una instancia de clase plantilla "google::protobuf::hash<google::protobuf::int64>" que se está compilando (compilando archivo de origen C:\Users\User\Documents\Universidad\Tercero Carrera\3.2. Realidad Virtual\Practica 2\opencv-4.5.0\3rdparty\protobuf\src\google\protobuf\message.cc)
C:/Users/User/Documents/Universidad/Tercero Carrera/3.2. Realidad Virtual/Practica 2/opencv-4.5.0/3rdparty/protobuf/src\google/protobuf/stubs/hash.h(241,22): error C2504: 'hash_compare': clase base sin definir (compilando archivo de origen C:\Users\User\Documents\Universidad\Tercero Carrera\3.2. Realidad Virtual\Practica 2\opencv-4.5.0\3rdparty\protobuf\src\google\protobuf\message.cc)
C:/Users/User/Documents/Universidad/Tercero Carrera/3.2. Realidad Virtual/Practica 2/opencv-4.5.0/3rdparty/protobuf/src\google/protobuf/map_field.h(817,48): error C2064: el término no se evalúa como una función con 1 argumentos (compilando archivo de origen C:\Users\User\Documents\Universidad\Tercero Carrera\3.2. Realidad Virtual\Practica 2\opencv-4.5.0\3rdparty\protobuf\src\google\protobuf\message.cc)
C:/Users/User/Documents/Universidad/Tercero Carrera/3.2. Realidad Virtual/Practica 2/opencv-4.5.0/3rdparty/protobuf/src\google/protobuf/map_field.h(819,48): error C2064: el término no se evalúa como una función con 1 argumentos (compilando archivo de origen C:\Users\User\Documents\Universidad\Tercero Carrera\3.2. Realidad Virtual\Practica 2\opencv-4.5.0\3rdparty\protobuf\src\google\protobuf\message.cc)
C:/Users/User/Documents/Universidad/Tercero Carrera/3.2. Realidad Virtual/Practica 2/opencv-4.5.0/3rdparty/protobuf/src\google/protobuf/map_field.h(821,49): error C2064: el término no se evalúa como una función con 1 argumentos (compilando archivo de origen C:\Users\User\Documents\Universidad\Tercero Carrera\3.2. Realidad Virtual\Practica 2\opencv-4.5.0\3rdparty\protobuf\src\google\protobuf\message.cc)
C:/Users/User/Documents/Universidad/Tercero Carrera/3.2. Realidad Virtual/Practica 2/opencv-4.5.0/3rdparty/protobuf/src\google/protobuf/map_field.h(823,49): error C2064: el término no se evalúa como una función con 1 argumentos (compilando archivo de origen C:\Users\User\Documents\Universidad\Tercero Carrera\3.2. Realidad Virtual\Practica 2\opencv-4.5.0\3rdparty\protobuf\src\google\protobuf\message.cc)
C:/Users/User/Documents/Universidad/Tercero Carrera/3.2. Realidad Virtual/Practica 2/opencv-4.5.0/3rdparty/protobuf/src\google/protobuf/map_field.h(825,26): error C2064: el término no se evalúa como una función con 1 argumentos (compilando archivo de origen C:\Users\User\Documents\Universidad\Tercero Carrera\3.2. Realidad Virtual\Practica 2\opencv-4.5.0\3rdparty\protobuf\src\google\protobuf\message.cc)
C:/Users/User/Documents/Universidad/Tercero Carrera/3.2. Realidad Virtual/Practica 2/opencv-4.5.0/3rdparty/protobuf/src\google/protobuf/stubs/hash.h(241,50): error C2143: error de sintaxis: falta ',' delante de '<' (compilando archivo de origen C:\Users\User\Documents\Universidad\Tercero Carrera\3.2. Realidad Virtual\Practica 2\opencv-4.5.0\3rdparty\protobuf\src\google\protobuf\io\tokenizer.cc)
C:/Users/User/Documents/Universidad/Tercero Carrera/3.2. Realidad Virtual/Practica 2/opencv-4.5.0/3rdparty/protobuf/src\google/protobuf/stubs/hash.h(242,2): message : Vea la referencia a la creación de una instancia de clase plantilla "google::protobuf::hash<Key>" que se está compilando (compilando archivo de origen C:\Users\User\Documents\Universidad\Tercero Carrera\3.2. Realidad Virtual\Practica 2\opencv-4.5.0\3rdparty\protobuf\src\google\protobuf\io\tokenizer.cc)
C:/Users/User/Documents/Universidad/Tercero Carrera/3.2. Realidad Virtual/Practica 2/opencv-4.5.0/3rdparty/protobuf/src\google/protobuf/stubs/hash.h(255,14): error C2039: "hash_compare": no es un miembro de "std" (compilando archivo de origen C:\Users\User\Documents\Universidad\Tercero Carrera\3.2. Realidad Virtual\Practica 2\opencv-4.5.0\3rdparty\protobuf\src\google\protobuf\io\tokenizer.cc)
C:\Program Files\Microsoft Visual Studio\2022\Community\VC\Tools\MSVC\14.37.32822\include\unordered_set(24,1): message : vea la declaración de 'std' (compilando archivo de origen C:\Users\User\Documents\Universidad\Tercero Carrera\3.2. Realidad Virtual\Practica 2\opencv-4.5.0\3rdparty\protobuf\src\google\protobuf\io\tokenizer.cc)
C:/Users/User/Documents/Universidad/Tercero Carrera/3.2. Realidad Virtual/Practica 2/opencv-4.5.0/3rdparty/protobuf/src\google/protobuf/stubs/hash.h(255,14): error C2504: 'hash_compare': clase base sin definir (compilando archivo de origen C:\Users\User\Documents\Universidad\Tercero Carrera\3.2. Realidad Virtual\Practica 2\opencv-4.5.0\3rdparty\protobuf\src\google\protobuf\io\tokenizer.cc)
C:/Users/User/Documents/Universidad/Tercero Carrera/3.2. Realidad Virtual/Practica 2/opencv-4.5.0/3rdparty/protobuf/src\google/protobuf/stubs/hash.h(255,42): error C2143: error de sintaxis: falta ',' delante de '<' (compilando archivo de origen C:\Users\User\Documents\Universidad\Tercero Carrera\3.2. Realidad Virtual\Practica 2\opencv-4.5.0\3rdparty\protobuf\src\google\protobuf\io\tokenizer.cc)
C:/Users/User/Documents/Universidad/Tercero Carrera/3.2. Realidad Virtual/Practica 2/opencv-4.5.0/3rdparty/protobuf/src\google/protobuf/stubs/hash.h(400,29): error C2064: el término no se evalúa como una función con 1 argumentos (compilando archivo de origen C:\Users\User\Documents\Universidad\Tercero Carrera\3.2. Realidad Virtual\Practica 2\opencv-4.5.0\3rdparty\protobuf\src\google\protobuf\io\tokenizer.cc)
C:/Users/User/Documents/Universidad/Tercero Carrera/3.2. Realidad Virtual/Practica 2/opencv-4.5.0/3rdparty/protobuf/src\google/protobuf/stubs/hash.h(241,50): error C2143: error de sintaxis: falta ',' delante de '<' (compilando archivo de origen C:\Users\User\Documents\Universidad\Tercero Carrera\3.2. Realidad Virtual\Practica 2\opencv-4.5.0\3rdparty\protobuf\src\google\protobuf\empty.pb.cc)
C:/Users/User/Documents/Universidad/Tercero Carrera/3.2. Realidad Virtual/Practica 2/opencv-4.5.0/3rdparty/protobuf/src\google/protobuf/stubs/hash.h(242,2): message : Vea la referencia a la creación de una instancia de clase plantilla "google::protobuf::hash<Key>" que se está compilando (compilando archivo de origen C:\Users\User\Documents\Universidad\Tercero Carrera\3.2. Realidad Virtual\Practica 2\opencv-4.5.0\3rdparty\protobuf\src\google\protobuf\empty.pb.cc)
C:/Users/User/Documents/Universidad/Tercero Carrera/3.2. Realidad Virtual/Practica 2/opencv-4.5.0/3rdparty/protobuf/src\google/protobuf/stubs/hash.h(255,14): error C2039: "hash_compare": no es un miembro de "std" (compilando archivo de origen C:\Users\User\Documents\Universidad\Tercero Carrera\3.2. Realidad Virtual\Practica 2\opencv-4.5.0\3rdparty\protobuf\src\google\protobuf\empty.pb.cc)
C:\Program Files\Microsoft Visual Studio\2022\Community\VC\Tools\MSVC\14.37.32822\include\unordered_set(24,1): message : vea la declaración de 'std' (compilando archivo de origen C:\Users\User\Documents\Universidad\Tercero Carrera\3.2. Realidad Virtual\Practica 2\opencv-4.5.0\3rdparty\protobuf\src\google\protobuf\empty.pb.cc)
C:/Users/User/Documents/Universidad/Tercero Carrera/3.2. Realidad Virtual/Practica 2/opencv-4.5.0/3rdparty/protobuf/src\google/protobuf/stubs/hash.h(255,14): error C2504: 'hash_compare': clase base sin definir (compilando archivo de origen C:\Users\User\Documents\Universidad\Tercero Carrera\3.2. Realidad Virtual\Practica 2\opencv-4.5.0\3rdparty\protobuf\src\google\protobuf\empty.pb.cc)
C:/Users/User/Documents/Universidad/Tercero Carrera/3.2. Realidad Virtual/Practica 2/opencv-4.5.0/3rdparty/protobuf/src\google/protobuf/stubs/hash.h(255,42): error C2143: error de sintaxis: falta ',' delante de '<' (compilando archivo de origen C:\Users\User\Documents\Universidad\Tercero Carrera\3.2. Realidad Virtual\Practica 2\opencv-4.5.0\3rdparty\protobuf\src\google\protobuf\empty.pb.cc)
C:/Users/User/Documents/Universidad/Tercero Carrera/3.2. Realidad Virtual/Practica 2/opencv-4.5.0/3rdparty/protobuf/src\google/protobuf/stubs/hash.h(400,29): error C2064: el término no se evalúa como una función con 1 argumentos (compilando archivo de origen C:\Users\User\Documents\Universidad\Tercero Carrera\3.2. Realidad Virtual\Practica 2\opencv-4.5.0\3rdparty\protobuf\src\google\protobuf\empty.pb.cc)
C:/Users/User/Documents/Universidad/Tercero Carrera/3.2. Realidad Virtual/Practica 2/opencv-4.5.0/3rdparty/protobuf/src\google/protobuf/stubs/hash.h(241,50): error C2143: error de sintaxis: falta ',' delante de '<' (compilando archivo de origen C:\Users\User\Documents\Universidad\Tercero Carrera\3.2. Realidad Virtual\Practica 2\opencv-4.5.0\3rdparty\protobuf\src\google\protobuf\map_field.cc)
C:/Users/User/Documents/Universidad/Tercero Carrera/3.2. Realidad Virtual/Practica 2/opencv-4.5.0/3rdparty/protobuf/src\google/protobuf/stubs/hash.h(242,2): message : Vea la referencia a la creación de una instancia de clase plantilla "google::protobuf::hash<Key>" que se está compilando (compilando archivo de origen C:\Users\User\Documents\Universidad\Tercero Carrera\3.2. Realidad Virtual\Practica 2\opencv-4.5.0\3rdparty\protobuf\src\google\protobuf\map_field.cc)
  timestamp.pb.cc
C:/Users/User/Documents/Universidad/Tercero Carrera/3.2. Realidad Virtual/Practica 2/opencv-4.5.0/3rdparty/protobuf/src\google/protobuf/stubs/hash.h(255,14): error C2039: "hash_compare": no es un miembro de "std" (compilando archivo de origen C:\Users\User\Documents\Universidad\Tercero Carrera\3.2. Realidad Virtual\Practica 2\opencv-4.5.0\3rdparty\protobuf\src\google\protobuf\map_field.cc)
C:\Program Files\Microsoft Visual Studio\2022\Community\VC\Tools\MSVC\14.37.32822\include\unordered_set(24,1): message : vea la declaración de 'std' (compilando archivo de origen C:\Users\User\Documents\Universidad\Tercero Carrera\3.2. Realidad Virtual\Practica 2\opencv-4.5.0\3rdparty\protobuf\src\google\protobuf\map_field.cc)
C:/Users/User/Documents/Universidad/Tercero Carrera/3.2. Realidad Virtual/Practica 2/opencv-4.5.0/3rdparty/protobuf/src\google/protobuf/stubs/hash.h(255,14): error C2504: 'hash_compare': clase base sin definir (compilando archivo de origen C:\Users\User\Documents\Universidad\Tercero Carrera\3.2. Realidad Virtual\Practica 2\opencv-4.5.0\3rdparty\protobuf\src\google\protobuf\map_field.cc)
  type.pb.cc
C:/Users/User/Documents/Universidad/Tercero Carrera/3.2. Realidad Virtual/Practica 2/opencv-4.5.0/3rdparty/protobuf/src\google/protobuf/stubs/hash.h(255,42): error C2143: error de sintaxis: falta ',' delante de '<' (compilando archivo de origen C:\Users\User\Documents\Universidad\Tercero Carrera\3.2. Realidad Virtual\Practica 2\opencv-4.5.0\3rdparty\protobuf\src\google\protobuf\map_field.cc)
C:/Users/User/Documents/Universidad/Tercero Carrera/3.2. Realidad Virtual/Practica 2/opencv-4.5.0/3rdparty/protobuf/src\google/protobuf/stubs/hash.h(400,29): error C2064: el término no se evalúa como una función con 1 argumentos (compilando archivo de origen C:\Users\User\Documents\Universidad\Tercero Carrera\3.2. Realidad Virtual\Practica 2\opencv-4.5.0\3rdparty\protobuf\src\google\protobuf\map_field.cc)
C:/Users/User/Documents/Universidad/Tercero Carrera/3.2. Realidad Virtual/Practica 2/opencv-4.5.0/3rdparty/protobuf/src\google/protobuf/stubs/hash.h(241,22): error C2039: "hash_compare": no es un miembro de "std" (compilando archivo de origen C:\Users\User\Documents\Universidad\Tercero Carrera\3.2. Realidad Virtual\Practica 2\opencv-4.5.0\3rdparty\protobuf\src\google\protobuf\map_field.cc)
C:\Program Files\Microsoft Visual Studio\2022\Community\VC\Tools\MSVC\14.37.32822\include\unordered_set(24,1): message : vea la declaración de 'std' (compilando archivo de origen C:\Users\User\Documents\Universidad\Tercero Carrera\3.2. Realidad Virtual\Practica 2\opencv-4.5.0\3rdparty\protobuf\src\google\protobuf\map_field.cc)
C:/Users/User/Documents/Universidad/Tercero Carrera/3.2. Realidad Virtual/Practica 2/opencv-4.5.0/3rdparty/protobuf/src\google/protobuf/map_field.h(817,48): message : Vea la referencia a la creación de una instancia de clase plantilla "google::protobuf::hash<google::protobuf::int64>" que se está compilando (compilando archivo de origen C:\Users\User\Documents\Universidad\Tercero Carrera\3.2. Realidad Virtual\Practica 2\opencv-4.5.0\3rdparty\protobuf\src\google\protobuf\map_field.cc)
C:/Users/User/Documents/Universidad/Tercero Carrera/3.2. Realidad Virtual/Practica 2/opencv-4.5.0/3rdparty/protobuf/src\google/protobuf/stubs/hash.h(241,22): error C2504: 'hash_compare': clase base sin definir (compilando archivo de origen C:\Users\User\Documents\Universidad\Tercero Carrera\3.2. Realidad Virtual\Practica 2\opencv-4.5.0\3rdparty\protobuf\src\google\protobuf\map_field.cc)
C:/Users/User/Documents/Universidad/Tercero Carrera/3.2. Realidad Virtual/Practica 2/opencv-4.5.0/3rdparty/protobuf/src\google/protobuf/map_field.h(817,48): error C2064: el término no se evalúa como una función con 1 argumentos (compilando archivo de origen C:\Users\User\Documents\Universidad\Tercero Carrera\3.2. Realidad Virtual\Practica 2\opencv-4.5.0\3rdparty\protobuf\src\google\protobuf\map_field.cc)
C:/Users/User/Documents/Universidad/Tercero Carrera/3.2. Realidad Virtual/Practica 2/opencv-4.5.0/3rdparty/protobuf/src\google/protobuf/map_field.h(819,48): error C2064: el término no se evalúa como una función con 1 argumentos (compilando archivo de origen C:\Users\User\Documents\Universidad\Tercero Carrera\3.2. Realidad Virtual\Practica 2\opencv-4.5.0\3rdparty\protobuf\src\google\protobuf\map_field.cc)
C:/Users/User/Documents/Universidad/Tercero Carrera/3.2. Realidad Virtual/Practica 2/opencv-4.5.0/3rdparty/protobuf/src\google/protobuf/map_field.h(821,49): error C2064: el término no se evalúa como una función con 1 argumentos (compilando archivo de origen C:\Users\User\Documents\Universidad\Tercero Carrera\3.2. Realidad Virtual\Practica 2\opencv-4.5.0\3rdparty\protobuf\src\google\protobuf\map_field.cc)
C:/Users/User/Documents/Universidad/Tercero Carrera/3.2. Realidad Virtual/Practica 2/opencv-4.5.0/3rdparty/protobuf/src\google/protobuf/map_field.h(823,49): error C2064: el término no se evalúa como una función con 1 argumentos (compilando archivo de origen C:\Users\User\Documents\Universidad\Tercero Carrera\3.2. Realidad Virtual\Practica 2\opencv-4.5.0\3rdparty\protobuf\src\google\protobuf\map_field.cc)
C:/Users/User/Documents/Universidad/Tercero Carrera/3.2. Realidad Virtual/Practica 2/opencv-4.5.0/3rdparty/protobuf/src\google/protobuf/map_field.h(825,26): error C2064: el término no se evalúa como una función con 1 argumentos (compilando archivo de origen C:\Users\User\Documents\Universidad\Tercero Carrera\3.2. Realidad Virtual\Practica 2\opencv-4.5.0\3rdparty\protobuf\src\google\protobuf\map_field.cc)
C:/Users/User/Documents/Universidad/Tercero Carrera/3.2. Realidad Virtual/Practica 2/opencv-4.5.0/3rdparty/protobuf/src\google/protobuf/stubs/hash.h(241,50): error C2143: error de sintaxis: falta ',' delante de '<' (compilando archivo de origen C:\Users\User\Documents\Universidad\Tercero Carrera\3.2. Realidad Virtual\Practica 2\opencv-4.5.0\3rdparty\protobuf\src\google\protobuf\reflection_ops.cc)
C:/Users/User/Documents/Universidad/Tercero Carrera/3.2. Realidad Virtual/Practica 2/opencv-4.5.0/3rdparty/protobuf/src\google/protobuf/stubs/hash.h(242,2): message : Vea la referencia a la creación de una instancia de clase plantilla "google::protobuf::hash<Key>" que se está compilando (compilando archivo de origen C:\Users\User\Documents\Universidad\Tercero Carrera\3.2. Realidad Virtual\Practica 2\opencv-4.5.0\3rdparty\protobuf\src\google\protobuf\reflection_ops.cc)
C:/Users/User/Documents/Universidad/Tercero Carrera/3.2. Realidad Virtual/Practica 2/opencv-4.5.0/3rdparty/protobuf/src\google/protobuf/stubs/hash.h(255,14): error C2039: "hash_compare": no es un miembro de "std" (compilando archivo de origen C:\Users\User\Documents\Universidad\Tercero Carrera\3.2. Realidad Virtual\Practica 2\opencv-4.5.0\3rdparty\protobuf\src\google\protobuf\reflection_ops.cc)
C:\Program Files\Microsoft Visual Studio\2022\Community\VC\Tools\MSVC\14.37.32822\include\unordered_set(24,1): message : vea la declaración de 'std' (compilando archivo de origen C:\Users\User\Documents\Universidad\Tercero Carrera\3.2. Realidad Virtual\Practica 2\opencv-4.5.0\3rdparty\protobuf\src\google\protobuf\reflection_ops.cc)
C:/Users/User/Documents/Universidad/Tercero Carrera/3.2. Realidad Virtual/Practica 2/opencv-4.5.0/3rdparty/protobuf/src\google/protobuf/stubs/hash.h(255,14): error C2504: 'hash_compare': clase base sin definir (compilando archivo de origen C:\Users\User\Documents\Universidad\Tercero Carrera\3.2. Realidad Virtual\Practica 2\opencv-4.5.0\3rdparty\protobuf\src\google\protobuf\reflection_ops.cc)
C:/Users/User/Documents/Universidad/Tercero Carrera/3.2. Realidad Virtual/Practica 2/opencv-4.5.0/3rdparty/protobuf/src\google/protobuf/stubs/hash.h(255,42): error C2143: error de sintaxis: falta ',' delante de '<' (compilando archivo de origen C:\Users\User\Documents\Universidad\Tercero Carrera\3.2. Realidad Virtual\Practica 2\opencv-4.5.0\3rdparty\protobuf\src\google\protobuf\reflection_ops.cc)
C:/Users/User/Documents/Universidad/Tercero Carrera/3.2. Realidad Virtual/Practica 2/opencv-4.5.0/3rdparty/protobuf/src\google/protobuf/stubs/hash.h(400,29): error C2064: el término no se evalúa como una función con 1 argumentos (compilando archivo de origen C:\Users\User\Documents\Universidad\Tercero Carrera\3.2. Realidad Virtual\Practica 2\opencv-4.5.0\3rdparty\protobuf\src\google\protobuf\reflection_ops.cc)
  unknown_field_set.cc
C:/Users/User/Documents/Universidad/Tercero Carrera/3.2. Realidad Virtual/Practica 2/opencv-4.5.0/3rdparty/protobuf/src\google/protobuf/stubs/hash.h(241,50): error C2143: error de sintaxis: falta ',' delante de '<' (compilando archivo de origen C:\Users\User\Documents\Universidad\Tercero Carrera\3.2. Realidad Virtual\Practica 2\opencv-4.5.0\3rdparty\protobuf\src\google\protobuf\descriptor_database.cc)
C:/Users/User/Documents/Universidad/Tercero Carrera/3.2. Realidad Virtual/Practica 2/opencv-4.5.0/3rdparty/protobuf/src\google/protobuf/stubs/hash.h(242,2): message : Vea la referencia a la creación de una instancia de clase plantilla "google::protobuf::hash<Key>" que se está compilando (compilando archivo de origen C:\Users\User\Documents\Universidad\Tercero Carrera\3.2. Realidad Virtual\Practica 2\opencv-4.5.0\3rdparty\protobuf\src\google\protobuf\descriptor_database.cc)
C:/Users/User/Documents/Universidad/Tercero Carrera/3.2. Realidad Virtual/Practica 2/opencv-4.5.0/3rdparty/protobuf/src\google/protobuf/stubs/hash.h(255,14): error C2039: "hash_compare": no es un miembro de "std" (compilando archivo de origen C:\Users\User\Documents\Universidad\Tercero Carrera\3.2. Realidad Virtual\Practica 2\opencv-4.5.0\3rdparty\protobuf\src\google\protobuf\descriptor_database.cc)
C:\Program Files\Microsoft Visual Studio\2022\Community\VC\Tools\MSVC\14.37.32822\include\unordered_set(24,1): message : vea la declaración de 'std' (compilando archivo de origen C:\Users\User\Documents\Universidad\Tercero Carrera\3.2. Realidad Virtual\Practica 2\opencv-4.5.0\3rdparty\protobuf\src\google\protobuf\descriptor_database.cc)
C:/Users/User/Documents/Universidad/Tercero Carrera/3.2. Realidad Virtual/Practica 2/opencv-4.5.0/3rdparty/protobuf/src\google/protobuf/stubs/hash.h(255,14): error C2504: 'hash_compare': clase base sin definir (compilando archivo de origen C:\Users\User\Documents\Universidad\Tercero Carrera\3.2. Realidad Virtual\Practica 2\opencv-4.5.0\3rdparty\protobuf\src\google\protobuf\descriptor_database.cc)
C:/Users/User/Documents/Universidad/Tercero Carrera/3.2. Realidad Virtual/Practica 2/opencv-4.5.0/3rdparty/protobuf/src\google/protobuf/stubs/hash.h(255,42): error C2143: error de sintaxis: falta ',' delante de '<' (compilando archivo de origen C:\Users\User\Documents\Universidad\Tercero Carrera\3.2. Realidad Virtual\Practica 2\opencv-4.5.0\3rdparty\protobuf\src\google\protobuf\descriptor_database.cc)
C:/Users/User/Documents/Universidad/Tercero Carrera/3.2. Realidad Virtual/Practica 2/opencv-4.5.0/3rdparty/protobuf/src\google/protobuf/stubs/hash.h(400,29): error C2064: el término no se evalúa como una función con 1 argumentos (compilando archivo de origen C:\Users\User\Documents\Universidad\Tercero Carrera\3.2. Realidad Virtual\Practica 2\opencv-4.5.0\3rdparty\protobuf\src\google\protobuf\descriptor_database.cc)
  delimited_message_util.cc
C:\Users\User\Documents\Universidad\Tercero Carrera\3.2. Realidad Virtual\Practica 2\opencv-4.5.0\3rdparty\protobuf\src\google\protobuf\descriptor.cc(429,12): error C2064: el término no se evalúa como una función con 1 argumentos
C:/Users/User/Documents/Universidad/Tercero Carrera/3.2. Realidad Virtual/Practica 2/opencv-4.5.0/3rdparty/protobuf/src\google/protobuf/stubs/hash.h(241,22): error C2039: "hash_compare": no es un miembro de "std" (compilando archivo de origen C:\Users\User\Documents\Universidad\Tercero Carrera\3.2. Realidad Virtual\Practica 2\opencv-4.5.0\3rdparty\protobuf\src\google\protobuf\descriptor.cc)
C:\Program Files\Microsoft Visual Studio\2022\Community\VC\Tools\MSVC\14.37.32822\include\unordered_set(24,1): message : vea la declaración de 'std' (compilando archivo de origen C:\Users\User\Documents\Universidad\Tercero Carrera\3.2. Realidad Virtual\Practica 2\opencv-4.5.0\3rdparty\protobuf\src\google\protobuf\descriptor.cc)
C:\Program Files\Microsoft Visual Studio\2022\Community\VC\Tools\MSVC\14.37.32822\include\xmemory(1505,59): message : Vea la referencia a la creación de una instancia de clase plantilla "google::protobuf::hash<Key>" que se está compilando
          with
          [
              Key=const google::protobuf::Descriptor *
          ] (compilando archivo de origen C:\Users\User\Documents\Universidad\Tercero Carrera\3.2. Realidad Virtual\Practica 2\opencv-4.5.0\3rdparty\protobuf\src\google\protobuf\descriptor.cc)
C:\Program Files\Microsoft Visual Studio\2022\Community\VC\Tools\MSVC\14.37.32822\include\xmemory(1505,42): message : vea la referencia a la plantilla de variables 'const bool is_empty_v<google::protobuf::hash<google::protobuf::Descriptor const *> >' que se está compilando (compilando archivo de origen C:\Users\User\Documents\Universidad\Tercero Carrera\3.2. Realidad Virtual\Practica 2\opencv-4.5.0\3rdparty\protobuf\src\google\protobuf\descriptor.cc)
C:\Program Files\Microsoft Visual Studio\2022\Community\VC\Tools\MSVC\14.37.32822\include\unordered_set(29,29): message : Vea la referencia a la creación de una instancia de clase plantilla "std::_Uhash_compare<_Kty,_Hasher,_Keyeq>" que se está compilando
          with
          [
              _Kty=const google::protobuf::Descriptor *,
              _Hasher=google::protobuf::hash<const google::protobuf::Descriptor *>,
              _Keyeq=std::equal_to<const google::protobuf::Descriptor *>
          ] (compilando archivo de origen C:\Users\User\Documents\Universidad\Tercero Carrera\3.2. Realidad Virtual\Practica 2\opencv-4.5.0\3rdparty\protobuf\src\google\protobuf\descriptor.cc)
C:\Program Files\Microsoft Visual Studio\2022\Community\VC\Tools\MSVC\14.37.32822\include\xhash(335,1): message : Vea la referencia a la creación de una instancia de clase plantilla "std::_Uset_traits<_Kty,std::_Uhash_compare<_Kty,_Hasher,_Keyeq>,_Alloc,false>" que se está compilando
          with
          [
              _Kty=const google::protobuf::Descriptor *,
              _Hasher=google::protobuf::hash<const google::protobuf::Descriptor *>,
              _Keyeq=std::equal_to<const google::protobuf::Descriptor *>,
              _Alloc=std::allocator<const google::protobuf::Descriptor *>
          ] (compilando archivo de origen C:\Users\User\Documents\Universidad\Tercero Carrera\3.2. Realidad Virtual\Practica 2\opencv-4.5.0\3rdparty\protobuf\src\google\protobuf\descriptor.cc)
C:\Program Files\Microsoft Visual Studio\2022\Community\VC\Tools\MSVC\14.37.32822\include\unordered_set(64,30): message : Vea la referencia a la creación de una instancia de clase plantilla "std::_Hash<std::_Uset_traits<_Kty,std::_Uhash_compare<_Kty,_Hasher,_Keyeq>,_Alloc,false>>" que se está compilando
          with
          [
              _Kty=const google::protobuf::Descriptor *,
              _Hasher=google::protobuf::hash<const google::protobuf::Descriptor *>,
              _Keyeq=std::equal_to<const google::protobuf::Descriptor *>,
              _Alloc=std::allocator<const google::protobuf::Descriptor *>
          ] (compilando archivo de origen C:\Users\User\Documents\Universidad\Tercero Carrera\3.2. Realidad Virtual\Practica 2\opencv-4.5.0\3rdparty\protobuf\src\google\protobuf\descriptor.cc)
C:/Users/User/Documents/Universidad/Tercero Carrera/3.2. Realidad Virtual/Practica 2/opencv-4.5.0/3rdparty/protobuf/src\google/protobuf/stubs/hash.h(324,46): message : Vea la referencia a la creación de una instancia de clase plantilla "std::unordered_set<Key,HashFcn,EqualKey,std::allocator<Key>>" que se está compilando
          with
          [
              Key=const google::protobuf::Descriptor *,
              HashFcn=google::protobuf::hash<const google::protobuf::Descriptor *>,
              EqualKey=std::equal_to<const google::protobuf::Descriptor *>
          ] (compilando archivo de origen C:\Users\User\Documents\Universidad\Tercero Carrera\3.2. Realidad Virtual\Practica 2\opencv-4.5.0\3rdparty\protobuf\src\google\protobuf\descriptor.cc)
C:\Users\User\Documents\Universidad\Tercero Carrera\3.2. Realidad Virtual\Practica 2\opencv-4.5.0\3rdparty\protobuf\src\google\protobuf\descriptor.cc(577,31): message : Vea la referencia a la creación de una instancia de clase plantilla "google::protobuf::hash_set<const google::protobuf::Descriptor *,google::protobuf::hash<Key>,std::equal_to<Key>>" que se está compilando
          with
          [
              Key=const google::protobuf::Descriptor *
          ]
C:/Users/User/Documents/Universidad/Tercero Carrera/3.2. Realidad Virtual/Practica 2/opencv-4.5.0/3rdparty/protobuf/src\google/protobuf/stubs/hash.h(241,22): error C2504: 'hash_compare': clase base sin definir (compilando archivo de origen C:\Users\User\Documents\Universidad\Tercero Carrera\3.2. Realidad Virtual\Practica 2\opencv-4.5.0\3rdparty\protobuf\src\google\protobuf\descriptor.cc)
  field_comparator.cc
  field_mask_util.cc
C:/Users/User/Documents/Universidad/Tercero Carrera/3.2. Realidad Virtual/Practica 2/opencv-4.5.0/3rdparty/protobuf/src\google/protobuf/stubs/hash.h(241,22): error C2039: "hash_compare": no es un miembro de "std" (compilando archivo de origen C:\Users\User\Documents\Universidad\Tercero Carrera\3.2. Realidad Virtual\Practica 2\opencv-4.5.0\3rdparty\protobuf\src\google\protobuf\reflection_ops.cc)
C:\Program Files\Microsoft Visual Studio\2022\Community\VC\Tools\MSVC\14.37.32822\include\unordered_set(24,1): message : vea la declaración de 'std' (compilando archivo de origen C:\Users\User\Documents\Universidad\Tercero Carrera\3.2. Realidad Virtual\Practica 2\opencv-4.5.0\3rdparty\protobuf\src\google\protobuf\reflection_ops.cc)
C:/Users/User/Documents/Universidad/Tercero Carrera/3.2. Realidad Virtual/Practica 2/opencv-4.5.0/3rdparty/protobuf/src\google/protobuf/map_field.h(817,48): message : Vea la referencia a la creación de una instancia de clase plantilla "google::protobuf::hash<google::protobuf::int64>" que se está compilando (compilando archivo de origen C:\Users\User\Documents\Universidad\Tercero Carrera\3.2. Realidad Virtual\Practica 2\opencv-4.5.0\3rdparty\protobuf\src\google\protobuf\reflection_ops.cc)
C:/Users/User/Documents/Universidad/Tercero Carrera/3.2. Realidad Virtual/Practica 2/opencv-4.5.0/3rdparty/protobuf/src\google/protobuf/stubs/hash.h(241,22): error C2504: 'hash_compare': clase base sin definir (compilando archivo de origen C:\Users\User\Documents\Universidad\Tercero Carrera\3.2. Realidad Virtual\Practica 2\opencv-4.5.0\3rdparty\protobuf\src\google\protobuf\reflection_ops.cc)
C:/Users/User/Documents/Universidad/Tercero Carrera/3.2. Realidad Virtual/Practica 2/opencv-4.5.0/3rdparty/protobuf/src\google/protobuf/map_field.h(817,48): error C2064: el término no se evalúa como una función con 1 argumentos (compilando archivo de origen C:\Users\User\Documents\Universidad\Tercero Carrera\3.2. Realidad Virtual\Practica 2\opencv-4.5.0\3rdparty\protobuf\src\google\protobuf\reflection_ops.cc)
C:/Users/User/Documents/Universidad/Tercero Carrera/3.2. Realidad Virtual/Practica 2/opencv-4.5.0/3rdparty/protobuf/src\google/protobuf/map_field.h(819,48): error C2064: el término no se evalúa como una función con 1 argumentos (compilando archivo de origen C:\Users\User\Documents\Universidad\Tercero Carrera\3.2. Realidad Virtual\Practica 2\opencv-4.5.0\3rdparty\protobuf\src\google\protobuf\reflection_ops.cc)
C:/Users/User/Documents/Universidad/Tercero Carrera/3.2. Realidad Virtual/Practica 2/opencv-4.5.0/3rdparty/protobuf/src\google/protobuf/map_field.h(821,49): error C2064: el término no se evalúa como una función con 1 argumentos (compilando archivo de origen C:\Users\User\Documents\Universidad\Tercero Carrera\3.2. Realidad Virtual\Practica 2\opencv-4.5.0\3rdparty\protobuf\src\google\protobuf\reflection_ops.cc)
C:/Users/User/Documents/Universidad/Tercero Carrera/3.2. Realidad Virtual/Practica 2/opencv-4.5.0/3rdparty/protobuf/src\google/protobuf/map_field.h(823,49): error C2064: el término no se evalúa como una función con 1 argumentos (compilando archivo de origen C:\Users\User\Documents\Universidad\Tercero Carrera\3.2. Realidad Virtual\Practica 2\opencv-4.5.0\3rdparty\protobuf\src\google\protobuf\reflection_ops.cc)
C:/Users/User/Documents/Universidad/Tercero Carrera/3.2. Realidad Virtual/Practica 2/opencv-4.5.0/3rdparty/protobuf/src\google/protobuf/map_field.h(825,26): error C2064: el término no se evalúa como una función con 1 argumentos (compilando archivo de origen C:\Users\User\Documents\Universidad\Tercero Carrera\3.2. Realidad Virtual\Practica 2\opencv-4.5.0\3rdparty\protobuf\src\google\protobuf\reflection_ops.cc)
  datapiece.cc
C:/Users/User/Documents/Universidad/Tercero Carrera/3.2. Realidad Virtual/Practica 2/opencv-4.5.0/3rdparty/protobuf/src\google/protobuf/stubs/hash.h(241,50): error C2143: error de sintaxis: falta ',' delante de '<' (compilando archivo de origen C:\Users\User\Documents\Universidad\Tercero Carrera\3.2. Realidad Virtual\Practica 2\opencv-4.5.0\3rdparty\protobuf\src\google\protobuf\stubs\substitute.cc)
C:/Users/User/Documents/Universidad/Tercero Carrera/3.2. Realidad Virtual/Practica 2/opencv-4.5.0/3rdparty/protobuf/src\google/protobuf/stubs/hash.h(242,2): message : Vea la referencia a la creación de una instancia de clase plantilla "google::protobuf::hash<Key>" que se está compilando (compilando archivo de origen C:\Users\User\Documents\Universidad\Tercero Carrera\3.2. Realidad Virtual\Practica 2\opencv-4.5.0\3rdparty\protobuf\src\google\protobuf\stubs\substitute.cc)
C:/Users/User/Documents/Universidad/Tercero Carrera/3.2. Realidad Virtual/Practica 2/opencv-4.5.0/3rdparty/protobuf/src\google/protobuf/stubs/hash.h(255,14): error C2039: "hash_compare": no es un miembro de "std" (compilando archivo de origen C:\Users\User\Documents\Universidad\Tercero Carrera\3.2. Realidad Virtual\Practica 2\opencv-4.5.0\3rdparty\protobuf\src\google\protobuf\stubs\substitute.cc)
C:\Program Files\Microsoft Visual Studio\2022\Community\VC\Tools\MSVC\14.37.32822\include\unordered_set(24,1): message : vea la declaración de 'std' (compilando archivo de origen C:\Users\User\Documents\Universidad\Tercero Carrera\3.2. Realidad Virtual\Practica 2\opencv-4.5.0\3rdparty\protobuf\src\google\protobuf\stubs\substitute.cc)
C:/Users/User/Documents/Universidad/Tercero Carrera/3.2. Realidad Virtual/Practica 2/opencv-4.5.0/3rdparty/protobuf/src\google/protobuf/stubs/hash.h(255,14): error C2504: 'hash_compare': clase base sin definir (compilando archivo de origen C:\Users\User\Documents\Universidad\Tercero Carrera\3.2. Realidad Virtual\Practica 2\opencv-4.5.0\3rdparty\protobuf\src\google\protobuf\stubs\substitute.cc)
C:/Users/User/Documents/Universidad/Tercero Carrera/3.2. Realidad Virtual/Practica 2/opencv-4.5.0/3rdparty/protobuf/src\google/protobuf/stubs/hash.h(255,42): error C2143: error de sintaxis: falta ',' delante de '<' (compilando archivo de origen C:\Users\User\Documents\Universidad\Tercero Carrera\3.2. Realidad Virtual\Practica 2\opencv-4.5.0\3rdparty\protobuf\src\google\protobuf\stubs\substitute.cc)
C:/Users/User/Documents/Universidad/Tercero Carrera/3.2. Realidad Virtual/Practica 2/opencv-4.5.0/3rdparty/protobuf/src\google/protobuf/stubs/hash.h(400,29): error C2064: el término no se evalúa como una función con 1 argumentos (compilando archivo de origen C:\Users\User\Documents\Universidad\Tercero Carrera\3.2. Realidad Virtual\Practica 2\opencv-4.5.0\3rdparty\protobuf\src\google\protobuf\stubs\substitute.cc)
  default_value_objectwriter.cc
C:\Program Files\Microsoft Visual Studio\2022\Community\VC\Tools\MSVC\14.37.32822\include\xhash(122,62): error C2064: el término no se evalúa como una función con 1 argumentos (compilando archivo de origen C:\Users\User\Documents\Universidad\Tercero Carrera\3.2. Realidad Virtual\Practica 2\opencv-4.5.0\3rdparty\protobuf\src\google\protobuf\descriptor.cc)
C:\Program Files\Microsoft Visual Studio\2022\Community\VC\Tools\MSVC\14.37.32822\include\xhash(145,72): message : vea la referencia a la plantilla de variables 'const bool _Nothrow_hash<google::protobuf::hash<char const *>,char const *>' que se está compilando (compilando archivo de origen C:\Users\User\Documents\Universidad\Tercero Carrera\3.2. Realidad Virtual\Practica 2\opencv-4.5.0\3rdparty\protobuf\src\google\protobuf\descriptor.cc)
C:\Program Files\Microsoft Visual Studio\2022\Community\VC\Tools\MSVC\14.37.32822\include\xhash(122,62): message : al compilar la función del miembro clase plantilla "size_t std::_Uhash_compare<_Kty,_Hasher,_Keyeq>::operator ()<_Kty>(const _Keyty &) noexcept(<expr>) const"
          with
          [
              _Kty=const char *,
              _Hasher=google::protobuf::hash<const char*>,
              _Keyeq=google::protobuf::streq,
              _Keyty=const char *
          ] (compilando archivo de origen C:\Users\User\Documents\Universidad\Tercero Carrera\3.2. Realidad Virtual\Practica 2\opencv-4.5.0\3rdparty\protobuf\src\google\protobuf\descriptor.cc)
C:\Program Files\Microsoft Visual Studio\2022\Community\VC\Tools\MSVC\14.37.32822\include\xhash(1100,16): message : vea la referencia a la plantilla de variables 'const bool _Nothrow_hash<std::_Umap_traits<char const *,google::protobuf::Symbol,std::_Uhash_compare<char const *,google::protobuf::hash<char const *>,google::protobuf::streq>,std::allocator<std::pair<char const * const,google::protobuf::Symbol> >,0>,char const *>' que se está compilando (compilando archivo de origen C:\Users\User\Documents\Universidad\Tercero Carrera\3.2. Realidad Virtual\Practica 2\opencv-4.5.0\3rdparty\protobuf\src\google\protobuf\descriptor.cc)
C:\Program Files\Microsoft Visual Studio\2022\Community\VC\Tools\MSVC\14.37.32822\include\xhash(1105,97): message : Vea la referencia a la creación de una instancia de la función plantilla "bool std::_Hash<std::_Umap_traits<_Kty,_Ty,std::_Uhash_compare<_Kty,_Hasher,_Keyeq>,_Alloc,false>>::_Noexcept_heterogeneous_erasure<_Keytype>(void)" que se está compilando
          with
          [
              _Kty=const char *,
              _Ty=google::protobuf::Symbol,
              _Hasher=google::protobuf::hash<const char*>,
              _Keyeq=google::protobuf::streq,
              _Alloc=std::allocator<std::pair<const char *const ,google::protobuf::Symbol>>,
              _Keytype=const char *
          ] (compilando archivo de origen C:\Users\User\Documents\Universidad\Tercero Carrera\3.2. Realidad Virtual\Practica 2\opencv-4.5.0\3rdparty\protobuf\src\google\protobuf\descriptor.cc)
C:\Program Files\Microsoft Visual Studio\2022\Community\VC\Tools\MSVC\14.37.32822\include\xhash(1138,70): message : al compilar la función del miembro clase plantilla "unsigned __int64 std::_Hash<std::_Umap_traits<_Kty,_Ty,std::_Uhash_compare<_Kty,_Hasher,_Keyeq>,_Alloc,false>>::_Erase<const char*>(const _Keytype &) noexcept(<expr>)"
          with
          [
              _Kty=const char *,
              _Ty=google::protobuf::Symbol,
              _Hasher=google::protobuf::hash<const char*>,
              _Keyeq=google::protobuf::streq,
              _Alloc=std::allocator<std::pair<const char *const ,google::protobuf::Symbol>>,
              _Keytype=const char *
          ] (compilando archivo de origen C:\Users\User\Documents\Universidad\Tercero Carrera\3.2. Realidad Virtual\Practica 2\opencv-4.5.0\3rdparty\protobuf\src\google\protobuf\descriptor.cc)
C:\Program Files\Microsoft Visual Studio\2022\Community\VC\Tools\MSVC\14.37.32822\include\xhash(122,5): error C2056: expresión no válida (compilando archivo de origen C:\Users\User\Documents\Universidad\Tercero Carrera\3.2. Realidad Virtual\Practica 2\opencv-4.5.0\3rdparty\protobuf\src\google\protobuf\descriptor.cc)
C:/Users/User/Documents/Universidad/Tercero Carrera/3.2. Realidad Virtual/Practica 2/opencv-4.5.0/3rdparty/protobuf/src\google/protobuf/stubs/hash.h(241,50): error C2143: error de sintaxis: falta ',' delante de '<' (compilando archivo de origen C:\Users\User\Documents\Universidad\Tercero Carrera\3.2. Realidad Virtual\Practica 2\opencv-4.5.0\3rdparty\protobuf\src\google\protobuf\source_context.pb.cc)
C:/Users/User/Documents/Universidad/Tercero Carrera/3.2. Realidad Virtual/Practica 2/opencv-4.5.0/3rdparty/protobuf/src\google/protobuf/stubs/hash.h(242,2): message : Vea la referencia a la creación de una instancia de clase plantilla "google::protobuf::hash<Key>" que se está compilando (compilando archivo de origen C:\Users\User\Documents\Universidad\Tercero Carrera\3.2. Realidad Virtual\Practica 2\opencv-4.5.0\3rdparty\protobuf\src\google\protobuf\source_context.pb.cc)
C:/Users/User/Documents/Universidad/Tercero Carrera/3.2. Realidad Virtual/Practica 2/opencv-4.5.0/3rdparty/protobuf/src\google/protobuf/stubs/hash.h(255,14): error C2039: "hash_compare": no es un miembro de "std" (compilando archivo de origen C:\Users\User\Documents\Universidad\Tercero Carrera\3.2. Realidad Virtual\Practica 2\opencv-4.5.0\3rdparty\protobuf\src\google\protobuf\source_context.pb.cc)
C:\Program Files\Microsoft Visual Studio\2022\Community\VC\Tools\MSVC\14.37.32822\include\unordered_set(24,1): message : vea la declaración de 'std' (compilando archivo de origen C:\Users\User\Documents\Universidad\Tercero Carrera\3.2. Realidad Virtual\Practica 2\opencv-4.5.0\3rdparty\protobuf\src\google\protobuf\source_context.pb.cc)
C:/Users/User/Documents/Universidad/Tercero Carrera/3.2. Realidad Virtual/Practica 2/opencv-4.5.0/3rdparty/protobuf/src\google/protobuf/stubs/hash.h(255,14): error C2504: 'hash_compare': clase base sin definir (compilando archivo de origen C:\Users\User\Documents\Universidad\Tercero Carrera\3.2. Realidad Virtual\Practica 2\opencv-4.5.0\3rdparty\protobuf\src\google\protobuf\source_context.pb.cc)
C:/Users/User/Documents/Universidad/Tercero Carrera/3.2. Realidad Virtual/Practica 2/opencv-4.5.0/3rdparty/protobuf/src\google/protobuf/stubs/hash.h(255,42): error C2143: error de sintaxis: falta ',' delante de '<' (compilando archivo de origen C:\Users\User\Documents\Universidad\Tercero Carrera\3.2. Realidad Virtual\Practica 2\opencv-4.5.0\3rdparty\protobuf\src\google\protobuf\source_context.pb.cc)
C:/Users/User/Documents/Universidad/Tercero Carrera/3.2. Realidad Virtual/Practica 2/opencv-4.5.0/3rdparty/protobuf/src\google/protobuf/stubs/hash.h(400,29): error C2064: el término no se evalúa como una función con 1 argumentos (compilando archivo de origen C:\Users\User\Documents\Universidad\Tercero Carrera\3.2. Realidad Virtual\Practica 2\opencv-4.5.0\3rdparty\protobuf\src\google\protobuf\source_context.pb.cc)
  field_mask_utility.cc
  json_escaping.cc
  json_objectwriter.cc
  json_stream_parser.cc
  object_writer.cc
C:/Users/User/Documents/Universidad/Tercero Carrera/3.2. Realidad Virtual/Practica 2/opencv-4.5.0/3rdparty/protobuf/src\google/protobuf/stubs/hash.h(241,50): error C2143: error de sintaxis: falta ',' delante de '<' (compilando archivo de origen C:\Users\User\Documents\Universidad\Tercero Carrera\3.2. Realidad Virtual\Practica 2\opencv-4.5.0\3rdparty\protobuf\src\google\protobuf\struct.pb.cc)
C:/Users/User/Documents/Universidad/Tercero Carrera/3.2. Realidad Virtual/Practica 2/opencv-4.5.0/3rdparty/protobuf/src\google/protobuf/stubs/hash.h(242,2): message : Vea la referencia a la creación de una instancia de clase plantilla "google::protobuf::hash<Key>" que se está compilando (compilando archivo de origen C:\Users\User\Documents\Universidad\Tercero Carrera\3.2. Realidad Virtual\Practica 2\opencv-4.5.0\3rdparty\protobuf\src\google\protobuf\struct.pb.cc)
C:/Users/User/Documents/Universidad/Tercero Carrera/3.2. Realidad Virtual/Practica 2/opencv-4.5.0/3rdparty/protobuf/src\google/protobuf/stubs/hash.h(255,14): error C2039: "hash_compare": no es un miembro de "std" (compilando archivo de origen C:\Users\User\Documents\Universidad\Tercero Carrera\3.2. Realidad Virtual\Practica 2\opencv-4.5.0\3rdparty\protobuf\src\google\protobuf\struct.pb.cc)
C:\Program Files\Microsoft Visual Studio\2022\Community\VC\Tools\MSVC\14.37.32822\include\unordered_set(24,1): message : vea la declaración de 'std' (compilando archivo de origen C:\Users\User\Documents\Universidad\Tercero Carrera\3.2. Realidad Virtual\Practica 2\opencv-4.5.0\3rdparty\protobuf\src\google\protobuf\struct.pb.cc)
C:/Users/User/Documents/Universidad/Tercero Carrera/3.2. Realidad Virtual/Practica 2/opencv-4.5.0/3rdparty/protobuf/src\google/protobuf/stubs/hash.h(255,14): error C2504: 'hash_compare': clase base sin definir (compilando archivo de origen C:\Users\User\Documents\Universidad\Tercero Carrera\3.2. Realidad Virtual\Practica 2\opencv-4.5.0\3rdparty\protobuf\src\google\protobuf\struct.pb.cc)
C:/Users/User/Documents/Universidad/Tercero Carrera/3.2. Realidad Virtual/Practica 2/opencv-4.5.0/3rdparty/protobuf/src\google/protobuf/stubs/hash.h(255,42): error C2143: error de sintaxis: falta ',' delante de '<' (compilando archivo de origen C:\Users\User\Documents\Universidad\Tercero Carrera\3.2. Realidad Virtual\Practica 2\opencv-4.5.0\3rdparty\protobuf\src\google\protobuf\struct.pb.cc)
C:/Users/User/Documents/Universidad/Tercero Carrera/3.2. Realidad Virtual/Practica 2/opencv-4.5.0/3rdparty/protobuf/src\google/protobuf/stubs/hash.h(400,29): error C2064: el término no se evalúa como una función con 1 argumentos (compilando archivo de origen C:\Users\User\Documents\Universidad\Tercero Carrera\3.2. Realidad Virtual\Practica 2\opencv-4.5.0\3rdparty\protobuf\src\google\protobuf\struct.pb.cc)
C:/Users/User/Documents/Universidad/Tercero Carrera/3.2. Realidad Virtual/Practica 2/opencv-4.5.0/3rdparty/protobuf/src\google/protobuf/stubs/hash.h(241,22): error C2039: "hash_compare": no es un miembro de "std" (compilando archivo de origen C:\Users\User\Documents\Universidad\Tercero Carrera\3.2. Realidad Virtual\Practica 2\opencv-4.5.0\3rdparty\protobuf\src\google\protobuf\struct.pb.cc)
C:\Program Files\Microsoft Visual Studio\2022\Community\VC\Tools\MSVC\14.37.32822\include\unordered_set(24,1): message : vea la declaración de 'std' (compilando archivo de origen C:\Users\User\Documents\Universidad\Tercero Carrera\3.2. Realidad Virtual\Practica 2\opencv-4.5.0\3rdparty\protobuf\src\google\protobuf\struct.pb.cc)
C:/Users/User/Documents/Universidad/Tercero Carrera/3.2. Realidad Virtual/Practica 2/opencv-4.5.0/3rdparty/protobuf/src\google/protobuf/map_field.h(817,48): message : Vea la referencia a la creación de una instancia de clase plantilla "google::protobuf::hash<google::protobuf::int64>" que se está compilando (compilando archivo de origen C:\Users\User\Documents\Universidad\Tercero Carrera\3.2. Realidad Virtual\Practica 2\opencv-4.5.0\3rdparty\protobuf\src\google\protobuf\struct.pb.cc)
C:/Users/User/Documents/Universidad/Tercero Carrera/3.2. Realidad Virtual/Practica 2/opencv-4.5.0/3rdparty/protobuf/src\google/protobuf/stubs/hash.h(241,22): error C2504: 'hash_compare': clase base sin definir (compilando archivo de origen C:\Users\User\Documents\Universidad\Tercero Carrera\3.2. Realidad Virtual\Practica 2\opencv-4.5.0\3rdparty\protobuf\src\google\protobuf\struct.pb.cc)
C:/Users/User/Documents/Universidad/Tercero Carrera/3.2. Realidad Virtual/Practica 2/opencv-4.5.0/3rdparty/protobuf/src\google/protobuf/map_field.h(817,48): error C2064: el término no se evalúa como una función con 1 argumentos (compilando archivo de origen C:\Users\User\Documents\Universidad\Tercero Carrera\3.2. Realidad Virtual\Practica 2\opencv-4.5.0\3rdparty\protobuf\src\google\protobuf\struct.pb.cc)
C:/Users/User/Documents/Universidad/Tercero Carrera/3.2. Realidad Virtual/Practica 2/opencv-4.5.0/3rdparty/protobuf/src\google/protobuf/map_field.h(819,48): error C2064: el término no se evalúa como una función con 1 argumentos (compilando archivo de origen C:\Users\User\Documents\Universidad\Tercero Carrera\3.2. Realidad Virtual\Practica 2\opencv-4.5.0\3rdparty\protobuf\src\google\protobuf\struct.pb.cc)
C:/Users/User/Documents/Universidad/Tercero Carrera/3.2. Realidad Virtual/Practica 2/opencv-4.5.0/3rdparty/protobuf/src\google/protobuf/map_field.h(821,49): error C2064: el término no se evalúa como una función con 1 argumentos (compilando archivo de origen C:\Users\User\Documents\Universidad\Tercero Carrera\3.2. Realidad Virtual\Practica 2\opencv-4.5.0\3rdparty\protobuf\src\google\protobuf\struct.pb.cc)
C:/Users/User/Documents/Universidad/Tercero Carrera/3.2. Realidad Virtual/Practica 2/opencv-4.5.0/3rdparty/protobuf/src\google/protobuf/map_field.h(823,49): error C2064: el término no se evalúa como una función con 1 argumentos (compilando archivo de origen C:\Users\User\Documents\Universidad\Tercero Carrera\3.2. Realidad Virtual\Practica 2\opencv-4.5.0\3rdparty\protobuf\src\google\protobuf\struct.pb.cc)
C:/Users/User/Documents/Universidad/Tercero Carrera/3.2. Realidad Virtual/Practica 2/opencv-4.5.0/3rdparty/protobuf/src\google/protobuf/map_field.h(825,26): error C2064: el término no se evalúa como una función con 1 argumentos (compilando archivo de origen C:\Users\User\Documents\Universidad\Tercero Carrera\3.2. Realidad Virtual\Practica 2\opencv-4.5.0\3rdparty\protobuf\src\google\protobuf\struct.pb.cc)
  proto_writer.cc
C:/Users/User/Documents/Universidad/Tercero Carrera/3.2. Realidad Virtual/Practica 2/opencv-4.5.0/3rdparty/protobuf/src\google/protobuf/stubs/hash.h(241,50): error C2143: error de sintaxis: falta ',' delante de '<' (compilando archivo de origen C:\Users\User\Documents\Universidad\Tercero Carrera\3.2. Realidad Virtual\Practica 2\opencv-4.5.0\3rdparty\protobuf\src\google\protobuf\timestamp.pb.cc)
C:/Users/User/Documents/Universidad/Tercero Carrera/3.2. Realidad Virtual/Practica 2/opencv-4.5.0/3rdparty/protobuf/src\google/protobuf/stubs/hash.h(242,2): message : Vea la referencia a la creación de una instancia de clase plantilla "google::protobuf::hash<Key>" que se está compilando (compilando archivo de origen C:\Users\User\Documents\Universidad\Tercero Carrera\3.2. Realidad Virtual\Practica 2\opencv-4.5.0\3rdparty\protobuf\src\google\protobuf\timestamp.pb.cc)
C:/Users/User/Documents/Universidad/Tercero Carrera/3.2. Realidad Virtual/Practica 2/opencv-4.5.0/3rdparty/protobuf/src\google/protobuf/stubs/hash.h(255,14): error C2039: "hash_compare": no es un miembro de "std" (compilando archivo de origen C:\Users\User\Documents\Universidad\Tercero Carrera\3.2. Realidad Virtual\Practica 2\opencv-4.5.0\3rdparty\protobuf\src\google\protobuf\timestamp.pb.cc)
C:\Program Files\Microsoft Visual Studio\2022\Community\VC\Tools\MSVC\14.37.32822\include\unordered_set(24,1): message : vea la declaración de 'std' (compilando archivo de origen C:\Users\User\Documents\Universidad\Tercero Carrera\3.2. Realidad Virtual\Practica 2\opencv-4.5.0\3rdparty\protobuf\src\google\protobuf\timestamp.pb.cc)
C:/Users/User/Documents/Universidad/Tercero Carrera/3.2. Realidad Virtual/Practica 2/opencv-4.5.0/3rdparty/protobuf/src\google/protobuf/stubs/hash.h(255,14): error C2504: 'hash_compare': clase base sin definir (compilando archivo de origen C:\Users\User\Documents\Universidad\Tercero Carrera\3.2. Realidad Virtual\Practica 2\opencv-4.5.0\3rdparty\protobuf\src\google\protobuf\timestamp.pb.cc)
C:/Users/User/Documents/Universidad/Tercero Carrera/3.2. Realidad Virtual/Practica 2/opencv-4.5.0/3rdparty/protobuf/src\google/protobuf/stubs/hash.h(255,42): error C2143: error de sintaxis: falta ',' delante de '<' (compilando archivo de origen C:\Users\User\Documents\Universidad\Tercero Carrera\3.2. Realidad Virtual\Practica 2\opencv-4.5.0\3rdparty\protobuf\src\google\protobuf\timestamp.pb.cc)
C:/Users/User/Documents/Universidad/Tercero Carrera/3.2. Realidad Virtual/Practica 2/opencv-4.5.0/3rdparty/protobuf/src\google/protobuf/stubs/hash.h(400,29): error C2064: el término no se evalúa como una función con 1 argumentos (compilando archivo de origen C:\Users\User\Documents\Universidad\Tercero Carrera\3.2. Realidad Virtual\Practica 2\opencv-4.5.0\3rdparty\protobuf\src\google\protobuf\timestamp.pb.cc)
C:/Users/User/Documents/Universidad/Tercero Carrera/3.2. Realidad Virtual/Practica 2/opencv-4.5.0/3rdparty/protobuf/src\google/protobuf/stubs/hash.h(241,50): error C2143: error de sintaxis: falta ',' delante de '<' (compilando archivo de origen C:\Users\User\Documents\Universidad\Tercero Carrera\3.2. Realidad Virtual\Practica 2\opencv-4.5.0\3rdparty\protobuf\src\google\protobuf\text_format.cc)
C:/Users/User/Documents/Universidad/Tercero Carrera/3.2. Realidad Virtual/Practica 2/opencv-4.5.0/3rdparty/protobuf/src\google/protobuf/stubs/hash.h(242,2): message : Vea la referencia a la creación de una instancia de clase plantilla "google::protobuf::hash<Key>" que se está compilando (compilando archivo de origen C:\Users\User\Documents\Universidad\Tercero Carrera\3.2. Realidad Virtual\Practica 2\opencv-4.5.0\3rdparty\protobuf\src\google\protobuf\text_format.cc)
C:/Users/User/Documents/Universidad/Tercero Carrera/3.2. Realidad Virtual/Practica 2/opencv-4.5.0/3rdparty/protobuf/src\google/protobuf/stubs/hash.h(255,14): error C2039: "hash_compare": no es un miembro de "std" (compilando archivo de origen C:\Users\User\Documents\Universidad\Tercero Carrera\3.2. Realidad Virtual\Practica 2\opencv-4.5.0\3rdparty\protobuf\src\google\protobuf\text_format.cc)
C:\Program Files\Microsoft Visual Studio\2022\Community\VC\Tools\MSVC\14.37.32822\include\unordered_set(24,1): message : vea la declaración de 'std' (compilando archivo de origen C:\Users\User\Documents\Universidad\Tercero Carrera\3.2. Realidad Virtual\Practica 2\opencv-4.5.0\3rdparty\protobuf\src\google\protobuf\text_format.cc)
C:/Users/User/Documents/Universidad/Tercero Carrera/3.2. Realidad Virtual/Practica 2/opencv-4.5.0/3rdparty/protobuf/src\google/protobuf/stubs/hash.h(255,14): error C2504: 'hash_compare': clase base sin definir (compilando archivo de origen C:\Users\User\Documents\Universidad\Tercero Carrera\3.2. Realidad Virtual\Practica 2\opencv-4.5.0\3rdparty\protobuf\src\google\protobuf\text_format.cc)
C:/Users/User/Documents/Universidad/Tercero Carrera/3.2. Realidad Virtual/Practica 2/opencv-4.5.0/3rdparty/protobuf/src\google/protobuf/stubs/hash.h(255,42): error C2143: error de sintaxis: falta ',' delante de '<' (compilando archivo de origen C:\Users\User\Documents\Universidad\Tercero Carrera\3.2. Realidad Virtual\Practica 2\opencv-4.5.0\3rdparty\protobuf\src\google\protobuf\text_format.cc)
C:/Users/User/Documents/Universidad/Tercero Carrera/3.2. Realidad Virtual/Practica 2/opencv-4.5.0/3rdparty/protobuf/src\google/protobuf/stubs/hash.h(400,29): error C2064: el término no se evalúa como una función con 1 argumentos (compilando archivo de origen C:\Users\User\Documents\Universidad\Tercero Carrera\3.2. Realidad Virtual\Practica 2\opencv-4.5.0\3rdparty\protobuf\src\google\protobuf\text_format.cc)
  protostream_objectsource.cc
C:/Users/User/Documents/Universidad/Tercero Carrera/3.2. Realidad Virtual/Practica 2/opencv-4.5.0/3rdparty/protobuf/src\google/protobuf/stubs/hash.h(241,50): error C2143: error de sintaxis: falta ',' delante de '<' (compilando archivo de origen C:\Users\User\Documents\Universidad\Tercero Carrera\3.2. Realidad Virtual\Practica 2\opencv-4.5.0\3rdparty\protobuf\src\google\protobuf\type.pb.cc)
C:/Users/User/Documents/Universidad/Tercero Carrera/3.2. Realidad Virtual/Practica 2/opencv-4.5.0/3rdparty/protobuf/src\google/protobuf/stubs/hash.h(242,2): message : Vea la referencia a la creación de una instancia de clase plantilla "google::protobuf::hash<Key>" que se está compilando (compilando archivo de origen C:\Users\User\Documents\Universidad\Tercero Carrera\3.2. Realidad Virtual\Practica 2\opencv-4.5.0\3rdparty\protobuf\src\google\protobuf\type.pb.cc)
C:/Users/User/Documents/Universidad/Tercero Carrera/3.2. Realidad Virtual/Practica 2/opencv-4.5.0/3rdparty/protobuf/src\google/protobuf/stubs/hash.h(255,14): error C2039: "hash_compare": no es un miembro de "std" (compilando archivo de origen C:\Users\User\Documents\Universidad\Tercero Carrera\3.2. Realidad Virtual\Practica 2\opencv-4.5.0\3rdparty\protobuf\src\google\protobuf\type.pb.cc)
C:\Program Files\Microsoft Visual Studio\2022\Community\VC\Tools\MSVC\14.37.32822\include\unordered_set(24,1): message : vea la declaración de 'std' (compilando archivo de origen C:\Users\User\Documents\Universidad\Tercero Carrera\3.2. Realidad Virtual\Practica 2\opencv-4.5.0\3rdparty\protobuf\src\google\protobuf\type.pb.cc)
C:/Users/User/Documents/Universidad/Tercero Carrera/3.2. Realidad Virtual/Practica 2/opencv-4.5.0/3rdparty/protobuf/src\google/protobuf/stubs/hash.h(255,14): error C2504: 'hash_compare': clase base sin definir (compilando archivo de origen C:\Users\User\Documents\Universidad\Tercero Carrera\3.2. Realidad Virtual\Practica 2\opencv-4.5.0\3rdparty\protobuf\src\google\protobuf\type.pb.cc)
  protostream_objectwriter.cc
C:/Users/User/Documents/Universidad/Tercero Carrera/3.2. Realidad Virtual/Practica 2/opencv-4.5.0/3rdparty/protobuf/src\google/protobuf/stubs/hash.h(255,42): error C2143: error de sintaxis: falta ',' delante de '<' (compilando archivo de origen C:\Users\User\Documents\Universidad\Tercero Carrera\3.2. Realidad Virtual\Practica 2\opencv-4.5.0\3rdparty\protobuf\src\google\protobuf\type.pb.cc)
C:/Users/User/Documents/Universidad/Tercero Carrera/3.2. Realidad Virtual/Practica 2/opencv-4.5.0/3rdparty/protobuf/src\google/protobuf/stubs/hash.h(400,29): error C2064: el término no se evalúa como una función con 1 argumentos (compilando archivo de origen C:\Users\User\Documents\Universidad\Tercero Carrera\3.2. Realidad Virtual\Practica 2\opencv-4.5.0\3rdparty\protobuf\src\google\protobuf\type.pb.cc)
C:/Users/User/Documents/Universidad/Tercero Carrera/3.2. Realidad Virtual/Practica 2/opencv-4.5.0/3rdparty/protobuf/src\google/protobuf/stubs/hash.h(241,50): error C2143: error de sintaxis: falta ',' delante de '<' (compilando archivo de origen C:\Users\User\Documents\Universidad\Tercero Carrera\3.2. Realidad Virtual\Practica 2\opencv-4.5.0\3rdparty\protobuf\src\google\protobuf\util\internal\json_escaping.cc)
C:/Users/User/Documents/Universidad/Tercero Carrera/3.2. Realidad Virtual/Practica 2/opencv-4.5.0/3rdparty/protobuf/src\google/protobuf/stubs/hash.h(242,2): message : Vea la referencia a la creación de una instancia de clase plantilla "google::protobuf::hash<Key>" que se está compilando (compilando archivo de origen C:\Users\User\Documents\Universidad\Tercero Carrera\3.2. Realidad Virtual\Practica 2\opencv-4.5.0\3rdparty\protobuf\src\google\protobuf\util\internal\json_escaping.cc)
C:/Users/User/Documents/Universidad/Tercero Carrera/3.2. Realidad Virtual/Practica 2/opencv-4.5.0/3rdparty/protobuf/src\google/protobuf/stubs/hash.h(255,14): error C2039: "hash_compare": no es un miembro de "std" (compilando archivo de origen C:\Users\User\Documents\Universidad\Tercero Carrera\3.2. Realidad Virtual\Practica 2\opencv-4.5.0\3rdparty\protobuf\src\google\protobuf\util\internal\json_escaping.cc)
C:\Program Files\Microsoft Visual Studio\2022\Community\VC\Tools\MSVC\14.37.32822\include\unordered_set(24,1): message : vea la declaración de 'std' (compilando archivo de origen C:\Users\User\Documents\Universidad\Tercero Carrera\3.2. Realidad Virtual\Practica 2\opencv-4.5.0\3rdparty\protobuf\src\google\protobuf\util\internal\json_escaping.cc)
C:/Users/User/Documents/Universidad/Tercero Carrera/3.2. Realidad Virtual/Practica 2/opencv-4.5.0/3rdparty/protobuf/src\google/protobuf/stubs/hash.h(255,14): error C2504: 'hash_compare': clase base sin definir (compilando archivo de origen C:\Users\User\Documents\Universidad\Tercero Carrera\3.2. Realidad Virtual\Practica 2\opencv-4.5.0\3rdparty\protobuf\src\google\protobuf\util\internal\json_escaping.cc)
C:/Users/User/Documents/Universidad/Tercero Carrera/3.2. Realidad Virtual/Practica 2/opencv-4.5.0/3rdparty/protobuf/src\google/protobuf/stubs/hash.h(255,42): error C2143: error de sintaxis: falta ',' delante de '<' (compilando archivo de origen C:\Users\User\Documents\Universidad\Tercero Carrera\3.2. Realidad Virtual\Practica 2\opencv-4.5.0\3rdparty\protobuf\src\google\protobuf\util\internal\json_escaping.cc)
C:/Users/User/Documents/Universidad/Tercero Carrera/3.2. Realidad Virtual/Practica 2/opencv-4.5.0/3rdparty/protobuf/src\google/protobuf/stubs/hash.h(400,29): error C2064: el término no se evalúa como una función con 1 argumentos (compilando archivo de origen C:\Users\User\Documents\Universidad\Tercero Carrera\3.2. Realidad Virtual\Practica 2\opencv-4.5.0\3rdparty\protobuf\src\google\protobuf\util\internal\json_escaping.cc)
  type_info.cc
  utility.cc
  json_util.cc
C:/Users/User/Documents/Universidad/Tercero Carrera/3.2. Realidad Virtual/Practica 2/opencv-4.5.0/3rdparty/protobuf/src\google/protobuf/stubs/hash.h(241,50): error C2143: error de sintaxis: falta ',' delante de '<' (compilando archivo de origen C:\Users\User\Documents\Universidad\Tercero Carrera\3.2. Realidad Virtual\Practica 2\opencv-4.5.0\3rdparty\protobuf\src\google\protobuf\util\internal\datapiece.cc)
C:/Users/User/Documents/Universidad/Tercero Carrera/3.2. Realidad Virtual/Practica 2/opencv-4.5.0/3rdparty/protobuf/src\google/protobuf/stubs/hash.h(242,2): message : Vea la referencia a la creación de una instancia de clase plantilla "google::protobuf::hash<Key>" que se está compilando (compilando archivo de origen C:\Users\User\Documents\Universidad\Tercero Carrera\3.2. Realidad Virtual\Practica 2\opencv-4.5.0\3rdparty\protobuf\src\google\protobuf\util\internal\datapiece.cc)
C:/Users/User/Documents/Universidad/Tercero Carrera/3.2. Realidad Virtual/Practica 2/opencv-4.5.0/3rdparty/protobuf/src\google/protobuf/stubs/hash.h(255,14): error C2039: "hash_compare": no es un miembro de "std" (compilando archivo de origen C:\Users\User\Documents\Universidad\Tercero Carrera\3.2. Realidad Virtual\Practica 2\opencv-4.5.0\3rdparty\protobuf\src\google\protobuf\util\internal\datapiece.cc)
C:\Program Files\Microsoft Visual Studio\2022\Community\VC\Tools\MSVC\14.37.32822\include\unordered_set(24,1): message : vea la declaración de 'std' (compilando archivo de origen C:\Users\User\Documents\Universidad\Tercero Carrera\3.2. Realidad Virtual\Practica 2\opencv-4.5.0\3rdparty\protobuf\src\google\protobuf\util\internal\datapiece.cc)
C:/Users/User/Documents/Universidad/Tercero Carrera/3.2. Realidad Virtual/Practica 2/opencv-4.5.0/3rdparty/protobuf/src\google/protobuf/stubs/hash.h(255,14): error C2504: 'hash_compare': clase base sin definir (compilando archivo de origen C:\Users\User\Documents\Universidad\Tercero Carrera\3.2. Realidad Virtual\Practica 2\opencv-4.5.0\3rdparty\protobuf\src\google\protobuf\util\internal\datapiece.cc)
C:/Users/User/Documents/Universidad/Tercero Carrera/3.2. Realidad Virtual/Practica 2/opencv-4.5.0/3rdparty/protobuf/src\google/protobuf/stubs/hash.h(255,42): error C2143: error de sintaxis: falta ',' delante de '<' (compilando archivo de origen C:\Users\User\Documents\Universidad\Tercero Carrera\3.2. Realidad Virtual\Practica 2\opencv-4.5.0\3rdparty\protobuf\src\google\protobuf\util\internal\datapiece.cc)
C:/Users/User/Documents/Universidad/Tercero Carrera/3.2. Realidad Virtual/Practica 2/opencv-4.5.0/3rdparty/protobuf/src\google/protobuf/stubs/hash.h(400,29): error C2064: el término no se evalúa como una función con 1 argumentos (compilando archivo de origen C:\Users\User\Documents\Universidad\Tercero Carrera\3.2. Realidad Virtual\Practica 2\opencv-4.5.0\3rdparty\protobuf\src\google\protobuf\util\internal\datapiece.cc)
C:/Users/User/Documents/Universidad/Tercero Carrera/3.2. Realidad Virtual/Practica 2/opencv-4.5.0/3rdparty/protobuf/src\google/protobuf/stubs/hash.h(241,50): error C2143: error de sintaxis: falta ',' delante de '<' (compilando archivo de origen C:\Users\User\Documents\Universidad\Tercero Carrera\3.2. Realidad Virtual\Practica 2\opencv-4.5.0\3rdparty\protobuf\src\google\protobuf\util\internal\json_stream_parser.cc)
C:/Users/User/Documents/Universidad/Tercero Carrera/3.2. Realidad Virtual/Practica 2/opencv-4.5.0/3rdparty/protobuf/src\google/protobuf/stubs/hash.h(242,2): message : Vea la referencia a la creación de una instancia de clase plantilla "google::protobuf::hash<Key>" que se está compilando (compilando archivo de origen C:\Users\User\Documents\Universidad\Tercero Carrera\3.2. Realidad Virtual\Practica 2\opencv-4.5.0\3rdparty\protobuf\src\google\protobuf\util\internal\json_stream_parser.cc)
C:/Users/User/Documents/Universidad/Tercero Carrera/3.2. Realidad Virtual/Practica 2/opencv-4.5.0/3rdparty/protobuf/src\google/protobuf/stubs/hash.h(255,14): error C2039: "hash_compare": no es un miembro de "std" (compilando archivo de origen C:\Users\User\Documents\Universidad\Tercero Carrera\3.2. Realidad Virtual\Practica 2\opencv-4.5.0\3rdparty\protobuf\src\google\protobuf\util\internal\json_stream_parser.cc)
C:\Program Files\Microsoft Visual Studio\2022\Community\VC\Tools\MSVC\14.37.32822\include\unordered_set(24,1): message : vea la declaración de 'std' (compilando archivo de origen C:\Users\User\Documents\Universidad\Tercero Carrera\3.2. Realidad Virtual\Practica 2\opencv-4.5.0\3rdparty\protobuf\src\google\protobuf\util\internal\json_stream_parser.cc)
C:/Users/User/Documents/Universidad/Tercero Carrera/3.2. Realidad Virtual/Practica 2/opencv-4.5.0/3rdparty/protobuf/src\google/protobuf/stubs/hash.h(255,14): error C2504: 'hash_compare': clase base sin definir (compilando archivo de origen C:\Users\User\Documents\Universidad\Tercero Carrera\3.2. Realidad Virtual\Practica 2\opencv-4.5.0\3rdparty\protobuf\src\google\protobuf\util\internal\json_stream_parser.cc)
C:/Users/User/Documents/Universidad/Tercero Carrera/3.2. Realidad Virtual/Practica 2/opencv-4.5.0/3rdparty/protobuf/src\google/protobuf/stubs/hash.h(255,42): error C2143: error de sintaxis: falta ',' delante de '<' (compilando archivo de origen C:\Users\User\Documents\Universidad\Tercero Carrera\3.2. Realidad Virtual\Practica 2\opencv-4.5.0\3rdparty\protobuf\src\google\protobuf\util\internal\json_stream_parser.cc)
C:/Users/User/Documents/Universidad/Tercero Carrera/3.2. Realidad Virtual/Practica 2/opencv-4.5.0/3rdparty/protobuf/src\google/protobuf/stubs/hash.h(400,29): error C2064: el término no se evalúa como una función con 1 argumentos (compilando archivo de origen C:\Users\User\Documents\Universidad\Tercero Carrera\3.2. Realidad Virtual\Practica 2\opencv-4.5.0\3rdparty\protobuf\src\google\protobuf\util\internal\json_stream_parser.cc)
C:/Users/User/Documents/Universidad/Tercero Carrera/3.2. Realidad Virtual/Practica 2/opencv-4.5.0/3rdparty/protobuf/src\google/protobuf/stubs/hash.h(241,50): error C2143: error de sintaxis: falta ',' delante de '<' (compilando archivo de origen C:\Users\User\Documents\Universidad\Tercero Carrera\3.2. Realidad Virtual\Practica 2\opencv-4.5.0\3rdparty\protobuf\src\google\protobuf\util\field_mask_util.cc)
C:/Users/User/Documents/Universidad/Tercero Carrera/3.2. Realidad Virtual/Practica 2/opencv-4.5.0/3rdparty/protobuf/src\google/protobuf/stubs/hash.h(242,2): message : Vea la referencia a la creación de una instancia de clase plantilla "google::protobuf::hash<Key>" que se está compilando (compilando archivo de origen C:\Users\User\Documents\Universidad\Tercero Carrera\3.2. Realidad Virtual\Practica 2\opencv-4.5.0\3rdparty\protobuf\src\google\protobuf\util\field_mask_util.cc)
C:/Users/User/Documents/Universidad/Tercero Carrera/3.2. Realidad Virtual/Practica 2/opencv-4.5.0/3rdparty/protobuf/src\google/protobuf/stubs/hash.h(255,14): error C2039: "hash_compare": no es un miembro de "std" (compilando archivo de origen C:\Users\User\Documents\Universidad\Tercero Carrera\3.2. Realidad Virtual\Practica 2\opencv-4.5.0\3rdparty\protobuf\src\google\protobuf\util\field_mask_util.cc)
C:\Program Files\Microsoft Visual Studio\2022\Community\VC\Tools\MSVC\14.37.32822\include\unordered_set(24,1): message : vea la declaración de 'std' (compilando archivo de origen C:\Users\User\Documents\Universidad\Tercero Carrera\3.2. Realidad Virtual\Practica 2\opencv-4.5.0\3rdparty\protobuf\src\google\protobuf\util\field_mask_util.cc)
C:/Users/User/Documents/Universidad/Tercero Carrera/3.2. Realidad Virtual/Practica 2/opencv-4.5.0/3rdparty/protobuf/src\google/protobuf/stubs/hash.h(255,14): error C2504: 'hash_compare': clase base sin definir (compilando archivo de origen C:\Users\User\Documents\Universidad\Tercero Carrera\3.2. Realidad Virtual\Practica 2\opencv-4.5.0\3rdparty\protobuf\src\google\protobuf\util\field_mask_util.cc)
C:/Users/User/Documents/Universidad/Tercero Carrera/3.2. Realidad Virtual/Practica 2/opencv-4.5.0/3rdparty/protobuf/src\google/protobuf/stubs/hash.h(255,42): error C2143: error de sintaxis: falta ',' delante de '<' (compilando archivo de origen C:\Users\User\Documents\Universidad\Tercero Carrera\3.2. Realidad Virtual\Practica 2\opencv-4.5.0\3rdparty\protobuf\src\google\protobuf\util\field_mask_util.cc)
C:/Users/User/Documents/Universidad/Tercero Carrera/3.2. Realidad Virtual/Practica 2/opencv-4.5.0/3rdparty/protobuf/src\google/protobuf/stubs/hash.h(400,29): error C2064: el término no se evalúa como una función con 1 argumentos (compilando archivo de origen C:\Users\User\Documents\Universidad\Tercero Carrera\3.2. Realidad Virtual\Practica 2\opencv-4.5.0\3rdparty\protobuf\src\google\protobuf\util\field_mask_util.cc)
C:/Users/User/Documents/Universidad/Tercero Carrera/3.2. Realidad Virtual/Practica 2/opencv-4.5.0/3rdparty/protobuf/src\google/protobuf/stubs/hash.h(241,50): error C2143: error de sintaxis: falta ',' delante de '<' (compilando archivo de origen C:\Users\User\Documents\Universidad\Tercero Carrera\3.2. Realidad Virtual\Practica 2\opencv-4.5.0\3rdparty\protobuf\src\google\protobuf\util\internal\json_objectwriter.cc)
C:/Users/User/Documents/Universidad/Tercero Carrera/3.2. Realidad Virtual/Practica 2/opencv-4.5.0/3rdparty/protobuf/src\google/protobuf/stubs/hash.h(242,2): message : Vea la referencia a la creación de una instancia de clase plantilla "google::protobuf::hash<Key>" que se está compilando (compilando archivo de origen C:\Users\User\Documents\Universidad\Tercero Carrera\3.2. Realidad Virtual\Practica 2\opencv-4.5.0\3rdparty\protobuf\src\google\protobuf\util\internal\json_objectwriter.cc)
C:/Users/User/Documents/Universidad/Tercero Carrera/3.2. Realidad Virtual/Practica 2/opencv-4.5.0/3rdparty/protobuf/src\google/protobuf/stubs/hash.h(255,14): error C2039: "hash_compare": no es un miembro de "std" (compilando archivo de origen C:\Users\User\Documents\Universidad\Tercero Carrera\3.2. Realidad Virtual\Practica 2\opencv-4.5.0\3rdparty\protobuf\src\google\protobuf\util\internal\json_objectwriter.cc)
C:\Program Files\Microsoft Visual Studio\2022\Community\VC\Tools\MSVC\14.37.32822\include\unordered_set(24,1): message : vea la declaración de 'std' (compilando archivo de origen C:\Users\User\Documents\Universidad\Tercero Carrera\3.2. Realidad Virtual\Practica 2\opencv-4.5.0\3rdparty\protobuf\src\google\protobuf\util\internal\json_objectwriter.cc)
C:/Users/User/Documents/Universidad/Tercero Carrera/3.2. Realidad Virtual/Practica 2/opencv-4.5.0/3rdparty/protobuf/src\google/protobuf/stubs/hash.h(255,14): error C2504: 'hash_compare': clase base sin definir (compilando archivo de origen C:\Users\User\Documents\Universidad\Tercero Carrera\3.2. Realidad Virtual\Practica 2\opencv-4.5.0\3rdparty\protobuf\src\google\protobuf\util\internal\json_objectwriter.cc)
C:/Users/User/Documents/Universidad/Tercero Carrera/3.2. Realidad Virtual/Practica 2/opencv-4.5.0/3rdparty/protobuf/src\google/protobuf/stubs/hash.h(255,42): error C2143: error de sintaxis: falta ',' delante de '<' (compilando archivo de origen C:\Users\User\Documents\Universidad\Tercero Carrera\3.2. Realidad Virtual\Practica 2\opencv-4.5.0\3rdparty\protobuf\src\google\protobuf\util\internal\json_objectwriter.cc)
C:/Users/User/Documents/Universidad/Tercero Carrera/3.2. Realidad Virtual/Practica 2/opencv-4.5.0/3rdparty/protobuf/src\google/protobuf/stubs/hash.h(400,29): error C2064: el término no se evalúa como una función con 1 argumentos (compilando archivo de origen C:\Users\User\Documents\Universidad\Tercero Carrera\3.2. Realidad Virtual\Practica 2\opencv-4.5.0\3rdparty\protobuf\src\google\protobuf\util\internal\json_objectwriter.cc)
  message_differencer.cc
C:/Users/User/Documents/Universidad/Tercero Carrera/3.2. Realidad Virtual/Practica 2/opencv-4.5.0/3rdparty/protobuf/src\google/protobuf/stubs/hash.h(241,50): error C2143: error de sintaxis: falta ',' delante de '<' (compilando archivo de origen C:\Users\User\Documents\Universidad\Tercero Carrera\3.2. Realidad Virtual\Practica 2\opencv-4.5.0\3rdparty\protobuf\src\google\protobuf\util\internal\object_writer.cc)
C:/Users/User/Documents/Universidad/Tercero Carrera/3.2. Realidad Virtual/Practica 2/opencv-4.5.0/3rdparty/protobuf/src\google/protobuf/stubs/hash.h(242,2): message : Vea la referencia a la creación de una instancia de clase plantilla "google::protobuf::hash<Key>" que se está compilando (compilando archivo de origen C:\Users\User\Documents\Universidad\Tercero Carrera\3.2. Realidad Virtual\Practica 2\opencv-4.5.0\3rdparty\protobuf\src\google\protobuf\util\internal\object_writer.cc)
C:/Users/User/Documents/Universidad/Tercero Carrera/3.2. Realidad Virtual/Practica 2/opencv-4.5.0/3rdparty/protobuf/src\google/protobuf/stubs/hash.h(255,14): error C2039: "hash_compare": no es un miembro de "std" (compilando archivo de origen C:\Users\User\Documents\Universidad\Tercero Carrera\3.2. Realidad Virtual\Practica 2\opencv-4.5.0\3rdparty\protobuf\src\google\protobuf\util\internal\object_writer.cc)
C:\Program Files\Microsoft Visual Studio\2022\Community\VC\Tools\MSVC\14.37.32822\include\unordered_set(24,1): message : vea la declaración de 'std' (compilando archivo de origen C:\Users\User\Documents\Universidad\Tercero Carrera\3.2. Realidad Virtual\Practica 2\opencv-4.5.0\3rdparty\protobuf\src\google\protobuf\util\internal\object_writer.cc)
C:/Users/User/Documents/Universidad/Tercero Carrera/3.2. Realidad Virtual/Practica 2/opencv-4.5.0/3rdparty/protobuf/src\google/protobuf/stubs/hash.h(255,14): error C2504: 'hash_compare': clase base sin definir (compilando archivo de origen C:\Users\User\Documents\Universidad\Tercero Carrera\3.2. Realidad Virtual\Practica 2\opencv-4.5.0\3rdparty\protobuf\src\google\protobuf\util\internal\object_writer.cc)
C:/Users/User/Documents/Universidad/Tercero Carrera/3.2. Realidad Virtual/Practica 2/opencv-4.5.0/3rdparty/protobuf/src\google/protobuf/stubs/hash.h(255,42): error C2143: error de sintaxis: falta ',' delante de '<' (compilando archivo de origen C:\Users\User\Documents\Universidad\Tercero Carrera\3.2. Realidad Virtual\Practica 2\opencv-4.5.0\3rdparty\protobuf\src\google\protobuf\util\internal\object_writer.cc)
C:/Users/User/Documents/Universidad/Tercero Carrera/3.2. Realidad Virtual/Practica 2/opencv-4.5.0/3rdparty/protobuf/src\google/protobuf/stubs/hash.h(400,29): error C2064: el término no se evalúa como una función con 1 argumentos (compilando archivo de origen C:\Users\User\Documents\Universidad\Tercero Carrera\3.2. Realidad Virtual\Practica 2\opencv-4.5.0\3rdparty\protobuf\src\google\protobuf\util\internal\object_writer.cc)
  time_util.cc
  type_resolver_util.cc
  wire_format.cc
  wrappers.pb.cc
C:/Users/User/Documents/Universidad/Tercero Carrera/3.2. Realidad Virtual/Practica 2/opencv-4.5.0/3rdparty/protobuf/src\google/protobuf/stubs/hash.h(241,50): error C2143: error de sintaxis: falta ',' delante de '<' (compilando archivo de origen C:\Users\User\Documents\Universidad\Tercero Carrera\3.2. Realidad Virtual\Practica 2\opencv-4.5.0\3rdparty\protobuf\src\google\protobuf\util\internal\protostream_objectsource.cc)
C:/Users/User/Documents/Universidad/Tercero Carrera/3.2. Realidad Virtual/Practica 2/opencv-4.5.0/3rdparty/protobuf/src\google/protobuf/stubs/hash.h(242,2): message : Vea la referencia a la creación de una instancia de clase plantilla "google::protobuf::hash<Key>" que se está compilando (compilando archivo de origen C:\Users\User\Documents\Universidad\Tercero Carrera\3.2. Realidad Virtual\Practica 2\opencv-4.5.0\3rdparty\protobuf\src\google\protobuf\util\internal\protostream_objectsource.cc)
C:/Users/User/Documents/Universidad/Tercero Carrera/3.2. Realidad Virtual/Practica 2/opencv-4.5.0/3rdparty/protobuf/src\google/protobuf/stubs/hash.h(255,14): error C2039: "hash_compare": no es un miembro de "std" (compilando archivo de origen C:\Users\User\Documents\Universidad\Tercero Carrera\3.2. Realidad Virtual\Practica 2\opencv-4.5.0\3rdparty\protobuf\src\google\protobuf\util\internal\protostream_objectsource.cc)
C:\Program Files\Microsoft Visual Studio\2022\Community\VC\Tools\MSVC\14.37.32822\include\unordered_set(24,1): message : vea la declaración de 'std' (compilando archivo de origen C:\Users\User\Documents\Universidad\Tercero Carrera\3.2. Realidad Virtual\Practica 2\opencv-4.5.0\3rdparty\protobuf\src\google\protobuf\util\internal\protostream_objectsource.cc)
C:/Users/User/Documents/Universidad/Tercero Carrera/3.2. Realidad Virtual/Practica 2/opencv-4.5.0/3rdparty/protobuf/src\google/protobuf/stubs/hash.h(255,14): error C2504: 'hash_compare': clase base sin definir (compilando archivo de origen C:\Users\User\Documents\Universidad\Tercero Carrera\3.2. Realidad Virtual\Practica 2\opencv-4.5.0\3rdparty\protobuf\src\google\protobuf\util\internal\protostream_objectsource.cc)
C:/Users/User/Documents/Universidad/Tercero Carrera/3.2. Realidad Virtual/Practica 2/opencv-4.5.0/3rdparty/protobuf/src\google/protobuf/stubs/hash.h(255,42): error C2143: error de sintaxis: falta ',' delante de '<' (compilando archivo de origen C:\Users\User\Documents\Universidad\Tercero Carrera\3.2. Realidad Virtual\Practica 2\opencv-4.5.0\3rdparty\protobuf\src\google\protobuf\util\internal\protostream_objectsource.cc)
C:/Users/User/Documents/Universidad/Tercero Carrera/3.2. Realidad Virtual/Practica 2/opencv-4.5.0/3rdparty/protobuf/src\google/protobuf/stubs/hash.h(400,29): error C2064: el término no se evalúa como una función con 1 argumentos (compilando archivo de origen C:\Users\User\Documents\Universidad\Tercero Carrera\3.2. Realidad Virtual\Practica 2\opencv-4.5.0\3rdparty\protobuf\src\google\protobuf\util\internal\protostream_objectsource.cc)
C:/Users/User/Documents/Universidad/Tercero Carrera/3.2. Realidad Virtual/Practica 2/opencv-4.5.0/3rdparty/protobuf/src\google/protobuf/stubs/hash.h(241,50): error C2143: error de sintaxis: falta ',' delante de '<' (compilando archivo de origen C:\Users\User\Documents\Universidad\Tercero Carrera\3.2. Realidad Virtual\Practica 2\opencv-4.5.0\3rdparty\protobuf\src\google\protobuf\util\internal\proto_writer.cc)
C:/Users/User/Documents/Universidad/Tercero Carrera/3.2. Realidad Virtual/Practica 2/opencv-4.5.0/3rdparty/protobuf/src\google/protobuf/stubs/hash.h(242,2): message : Vea la referencia a la creación de una instancia de clase plantilla "google::protobuf::hash<Key>" que se está compilando (compilando archivo de origen C:\Users\User\Documents\Universidad\Tercero Carrera\3.2. Realidad Virtual\Practica 2\opencv-4.5.0\3rdparty\protobuf\src\google\protobuf\util\internal\proto_writer.cc)
C:/Users/User/Documents/Universidad/Tercero Carrera/3.2. Realidad Virtual/Practica 2/opencv-4.5.0/3rdparty/protobuf/src\google/protobuf/stubs/hash.h(255,14): error C2039: "hash_compare": no es un miembro de "std" (compilando archivo de origen C:\Users\User\Documents\Universidad\Tercero Carrera\3.2. Realidad Virtual\Practica 2\opencv-4.5.0\3rdparty\protobuf\src\google\protobuf\util\internal\proto_writer.cc)
C:\Program Files\Microsoft Visual Studio\2022\Community\VC\Tools\MSVC\14.37.32822\include\unordered_set(24,1): message : vea la declaración de 'std' (compilando archivo de origen C:\Users\User\Documents\Universidad\Tercero Carrera\3.2. Realidad Virtual\Practica 2\opencv-4.5.0\3rdparty\protobuf\src\google\protobuf\util\internal\proto_writer.cc)
C:/Users/User/Documents/Universidad/Tercero Carrera/3.2. Realidad Virtual/Practica 2/opencv-4.5.0/3rdparty/protobuf/src\google/protobuf/stubs/hash.h(255,14): error C2504: 'hash_compare': clase base sin definir (compilando archivo de origen C:\Users\User\Documents\Universidad\Tercero Carrera\3.2. Realidad Virtual\Practica 2\opencv-4.5.0\3rdparty\protobuf\src\google\protobuf\util\internal\proto_writer.cc)
C:/Users/User/Documents/Universidad/Tercero Carrera/3.2. Realidad Virtual/Practica 2/opencv-4.5.0/3rdparty/protobuf/src\google/protobuf/stubs/hash.h(255,42): error C2143: error de sintaxis: falta ',' delante de '<' (compilando archivo de origen C:\Users\User\Documents\Universidad\Tercero Carrera\3.2. Realidad Virtual\Practica 2\opencv-4.5.0\3rdparty\protobuf\src\google\protobuf\util\internal\proto_writer.cc)
C:/Users/User/Documents/Universidad/Tercero Carrera/3.2. Realidad Virtual/Practica 2/opencv-4.5.0/3rdparty/protobuf/src\google/protobuf/stubs/hash.h(400,29): error C2064: el término no se evalúa como una función con 1 argumentos (compilando archivo de origen C:\Users\User\Documents\Universidad\Tercero Carrera\3.2. Realidad Virtual\Practica 2\opencv-4.5.0\3rdparty\protobuf\src\google\protobuf\util\internal\proto_writer.cc)
C:/Users/User/Documents/Universidad/Tercero Carrera/3.2. Realidad Virtual/Practica 2/opencv-4.5.0/3rdparty/protobuf/src\google/protobuf/stubs/hash.h(241,50): error C2143: error de sintaxis: falta ',' delante de '<' (compilando archivo de origen C:\Users\User\Documents\Universidad\Tercero Carrera\3.2. Realidad Virtual\Practica 2\opencv-4.5.0\3rdparty\protobuf\src\google\protobuf\util\internal\field_mask_utility.cc)
C:/Users/User/Documents/Universidad/Tercero Carrera/3.2. Realidad Virtual/Practica 2/opencv-4.5.0/3rdparty/protobuf/src\google/protobuf/stubs/hash.h(242,2): message : Vea la referencia a la creación de una instancia de clase plantilla "google::protobuf::hash<Key>" que se está compilando (compilando archivo de origen C:\Users\User\Documents\Universidad\Tercero Carrera\3.2. Realidad Virtual\Practica 2\opencv-4.5.0\3rdparty\protobuf\src\google\protobuf\util\internal\field_mask_utility.cc)
C:/Users/User/Documents/Universidad/Tercero Carrera/3.2. Realidad Virtual/Practica 2/opencv-4.5.0/3rdparty/protobuf/src\google/protobuf/stubs/hash.h(255,14): error C2039: "hash_compare": no es un miembro de "std" (compilando archivo de origen C:\Users\User\Documents\Universidad\Tercero Carrera\3.2. Realidad Virtual\Practica 2\opencv-4.5.0\3rdparty\protobuf\src\google\protobuf\util\internal\field_mask_utility.cc)
C:\Program Files\Microsoft Visual Studio\2022\Community\VC\Tools\MSVC\14.37.32822\include\unordered_set(24,1): message : vea la declaración de 'std' (compilando archivo de origen C:\Users\User\Documents\Universidad\Tercero Carrera\3.2. Realidad Virtual\Practica 2\opencv-4.5.0\3rdparty\protobuf\src\google\protobuf\util\internal\field_mask_utility.cc)
C:/Users/User/Documents/Universidad/Tercero Carrera/3.2. Realidad Virtual/Practica 2/opencv-4.5.0/3rdparty/protobuf/src\google/protobuf/stubs/hash.h(255,14): error C2504: 'hash_compare': clase base sin definir (compilando archivo de origen C:\Users\User\Documents\Universidad\Tercero Carrera\3.2. Realidad Virtual\Practica 2\opencv-4.5.0\3rdparty\protobuf\src\google\protobuf\util\internal\field_mask_utility.cc)
C:/Users/User/Documents/Universidad/Tercero Carrera/3.2. Realidad Virtual/Practica 2/opencv-4.5.0/3rdparty/protobuf/src\google/protobuf/stubs/hash.h(255,42): error C2143: error de sintaxis: falta ',' delante de '<' (compilando archivo de origen C:\Users\User\Documents\Universidad\Tercero Carrera\3.2. Realidad Virtual\Practica 2\opencv-4.5.0\3rdparty\protobuf\src\google\protobuf\util\internal\field_mask_utility.cc)
C:/Users/User/Documents/Universidad/Tercero Carrera/3.2. Realidad Virtual/Practica 2/opencv-4.5.0/3rdparty/protobuf/src\google/protobuf/stubs/hash.h(400,29): error C2064: el término no se evalúa como una función con 1 argumentos (compilando archivo de origen C:\Users\User\Documents\Universidad\Tercero Carrera\3.2. Realidad Virtual\Practica 2\opencv-4.5.0\3rdparty\protobuf\src\google\protobuf\util\internal\field_mask_utility.cc)
C:/Users/User/Documents/Universidad/Tercero Carrera/3.2. Realidad Virtual/Practica 2/opencv-4.5.0/3rdparty/protobuf/src\google/protobuf/stubs/hash.h(241,22): error C2039: "hash_compare": no es un miembro de "std" (compilando archivo de origen C:\Users\User\Documents\Universidad\Tercero Carrera\3.2. Realidad Virtual\Practica 2\opencv-4.5.0\3rdparty\protobuf\src\google\protobuf\util\internal\datapiece.cc)
C:\Program Files\Microsoft Visual Studio\2022\Community\VC\Tools\MSVC\14.37.32822\include\unordered_set(24,1): message : vea la declaración de 'std' (compilando archivo de origen C:\Users\User\Documents\Universidad\Tercero Carrera\3.2. Realidad Virtual\Practica 2\opencv-4.5.0\3rdparty\protobuf\src\google\protobuf\util\internal\datapiece.cc)
C:/Users/User/Documents/Universidad/Tercero Carrera/3.2. Realidad Virtual/Practica 2/opencv-4.5.0/3rdparty/protobuf/src\google/protobuf/map_field.h(817,48): message : Vea la referencia a la creación de una instancia de clase plantilla "google::protobuf::hash<google::protobuf::int64>" que se está compilando (compilando archivo de origen C:\Users\User\Documents\Universidad\Tercero Carrera\3.2. Realidad Virtual\Practica 2\opencv-4.5.0\3rdparty\protobuf\src\google\protobuf\util\internal\datapiece.cc)
C:/Users/User/Documents/Universidad/Tercero Carrera/3.2. Realidad Virtual/Practica 2/opencv-4.5.0/3rdparty/protobuf/src\google/protobuf/stubs/hash.h(241,22): error C2504: 'hash_compare': clase base sin definir (compilando archivo de origen C:\Users\User\Documents\Universidad\Tercero Carrera\3.2. Realidad Virtual\Practica 2\opencv-4.5.0\3rdparty\protobuf\src\google\protobuf\util\internal\datapiece.cc)
C:/Users/User/Documents/Universidad/Tercero Carrera/3.2. Realidad Virtual/Practica 2/opencv-4.5.0/3rdparty/protobuf/src\google/protobuf/map_field.h(817,48): error C2064: el término no se evalúa como una función con 1 argumentos (compilando archivo de origen C:\Users\User\Documents\Universidad\Tercero Carrera\3.2. Realidad Virtual\Practica 2\opencv-4.5.0\3rdparty\protobuf\src\google\protobuf\util\internal\datapiece.cc)
C:/Users/User/Documents/Universidad/Tercero Carrera/3.2. Realidad Virtual/Practica 2/opencv-4.5.0/3rdparty/protobuf/src\google/protobuf/map_field.h(819,48): error C2064: el término no se evalúa como una función con 1 argumentos (compilando archivo de origen C:\Users\User\Documents\Universidad\Tercero Carrera\3.2. Realidad Virtual\Practica 2\opencv-4.5.0\3rdparty\protobuf\src\google\protobuf\util\internal\datapiece.cc)
C:/Users/User/Documents/Universidad/Tercero Carrera/3.2. Realidad Virtual/Practica 2/opencv-4.5.0/3rdparty/protobuf/src\google/protobuf/map_field.h(821,49): error C2064: el término no se evalúa como una función con 1 argumentos (compilando archivo de origen C:\Users\User\Documents\Universidad\Tercero Carrera\3.2. Realidad Virtual\Practica 2\opencv-4.5.0\3rdparty\protobuf\src\google\protobuf\util\internal\datapiece.cc)
C:/Users/User/Documents/Universidad/Tercero Carrera/3.2. Realidad Virtual/Practica 2/opencv-4.5.0/3rdparty/protobuf/src\google/protobuf/map_field.h(823,49): error C2064: el término no se evalúa como una función con 1 argumentos (compilando archivo de origen C:\Users\User\Documents\Universidad\Tercero Carrera\3.2. Realidad Virtual\Practica 2\opencv-4.5.0\3rdparty\protobuf\src\google\protobuf\util\internal\datapiece.cc)
C:/Users/User/Documents/Universidad/Tercero Carrera/3.2. Realidad Virtual/Practica 2/opencv-4.5.0/3rdparty/protobuf/src\google/protobuf/map_field.h(825,26): error C2064: el término no se evalúa como una función con 1 argumentos (compilando archivo de origen C:\Users\User\Documents\Universidad\Tercero Carrera\3.2. Realidad Virtual\Practica 2\opencv-4.5.0\3rdparty\protobuf\src\google\protobuf\util\internal\datapiece.cc)
C:/Users/User/Documents/Universidad/Tercero Carrera/3.2. Realidad Virtual/Practica 2/opencv-4.5.0/3rdparty/protobuf/src\google/protobuf/stubs/hash.h(241,50): error C2143: error de sintaxis: falta ',' delante de '<' (compilando archivo de origen C:\Users\User\Documents\Universidad\Tercero Carrera\3.2. Realidad Virtual\Practica 2\opencv-4.5.0\3rdparty\protobuf\src\google\protobuf\util\internal\protostream_objectwriter.cc)
C:/Users/User/Documents/Universidad/Tercero Carrera/3.2. Realidad Virtual/Practica 2/opencv-4.5.0/3rdparty/protobuf/src\google/protobuf/stubs/hash.h(242,2): message : Vea la referencia a la creación de una instancia de clase plantilla "google::protobuf::hash<Key>" que se está compilando (compilando archivo de origen C:\Users\User\Documents\Universidad\Tercero Carrera\3.2. Realidad Virtual\Practica 2\opencv-4.5.0\3rdparty\protobuf\src\google\protobuf\util\internal\protostream_objectwriter.cc)
C:/Users/User/Documents/Universidad/Tercero Carrera/3.2. Realidad Virtual/Practica 2/opencv-4.5.0/3rdparty/protobuf/src\google/protobuf/stubs/hash.h(255,14): error C2039: "hash_compare": no es un miembro de "std" (compilando archivo de origen C:\Users\User\Documents\Universidad\Tercero Carrera\3.2. Realidad Virtual\Practica 2\opencv-4.5.0\3rdparty\protobuf\src\google\protobuf\util\internal\protostream_objectwriter.cc)
C:\Program Files\Microsoft Visual Studio\2022\Community\VC\Tools\MSVC\14.37.32822\include\unordered_set(24,1): message : vea la declaración de 'std' (compilando archivo de origen C:\Users\User\Documents\Universidad\Tercero Carrera\3.2. Realidad Virtual\Practica 2\opencv-4.5.0\3rdparty\protobuf\src\google\protobuf\util\internal\protostream_objectwriter.cc)
C:/Users/User/Documents/Universidad/Tercero Carrera/3.2. Realidad Virtual/Practica 2/opencv-4.5.0/3rdparty/protobuf/src\google/protobuf/stubs/hash.h(255,14): error C2504: 'hash_compare': clase base sin definir (compilando archivo de origen C:\Users\User\Documents\Universidad\Tercero Carrera\3.2. Realidad Virtual\Practica 2\opencv-4.5.0\3rdparty\protobuf\src\google\protobuf\util\internal\protostream_objectwriter.cc)
C:/Users/User/Documents/Universidad/Tercero Carrera/3.2. Realidad Virtual/Practica 2/opencv-4.5.0/3rdparty/protobuf/src\google/protobuf/stubs/hash.h(255,42): error C2143: error de sintaxis: falta ',' delante de '<' (compilando archivo de origen C:\Users\User\Documents\Universidad\Tercero Carrera\3.2. Realidad Virtual\Practica 2\opencv-4.5.0\3rdparty\protobuf\src\google\protobuf\util\internal\protostream_objectwriter.cc)
C:/Users/User/Documents/Universidad/Tercero Carrera/3.2. Realidad Virtual/Practica 2/opencv-4.5.0/3rdparty/protobuf/src\google/protobuf/stubs/hash.h(400,29): error C2064: el término no se evalúa como una función con 1 argumentos (compilando archivo de origen C:\Users\User\Documents\Universidad\Tercero Carrera\3.2. Realidad Virtual\Practica 2\opencv-4.5.0\3rdparty\protobuf\src\google\protobuf\util\internal\protostream_objectwriter.cc)
C:/Users/User/Documents/Universidad/Tercero Carrera/3.2. Realidad Virtual/Practica 2/opencv-4.5.0/3rdparty/protobuf/src\google/protobuf/stubs/hash.h(241,50): error C2143: error de sintaxis: falta ',' delante de '<' (compilando archivo de origen C:\Users\User\Documents\Universidad\Tercero Carrera\3.2. Realidad Virtual\Practica 2\opencv-4.5.0\3rdparty\protobuf\src\google\protobuf\util\internal\default_value_objectwriter.cc)
C:/Users/User/Documents/Universidad/Tercero Carrera/3.2. Realidad Virtual/Practica 2/opencv-4.5.0/3rdparty/protobuf/src\google/protobuf/stubs/hash.h(242,2): message : Vea la referencia a la creación de una instancia de clase plantilla "google::protobuf::hash<Key>" que se está compilando (compilando archivo de origen C:\Users\User\Documents\Universidad\Tercero Carrera\3.2. Realidad Virtual\Practica 2\opencv-4.5.0\3rdparty\protobuf\src\google\protobuf\util\internal\default_value_objectwriter.cc)
C:/Users/User/Documents/Universidad/Tercero Carrera/3.2. Realidad Virtual/Practica 2/opencv-4.5.0/3rdparty/protobuf/src\google/protobuf/stubs/hash.h(255,14): error C2039: "hash_compare": no es un miembro de "std" (compilando archivo de origen C:\Users\User\Documents\Universidad\Tercero Carrera\3.2. Realidad Virtual\Practica 2\opencv-4.5.0\3rdparty\protobuf\src\google\protobuf\util\internal\default_value_objectwriter.cc)
C:\Program Files\Microsoft Visual Studio\2022\Community\VC\Tools\MSVC\14.37.32822\include\unordered_set(24,1): message : vea la declaración de 'std' (compilando archivo de origen C:\Users\User\Documents\Universidad\Tercero Carrera\3.2. Realidad Virtual\Practica 2\opencv-4.5.0\3rdparty\protobuf\src\google\protobuf\util\internal\default_value_objectwriter.cc)
C:/Users/User/Documents/Universidad/Tercero Carrera/3.2. Realidad Virtual/Practica 2/opencv-4.5.0/3rdparty/protobuf/src\google/protobuf/stubs/hash.h(255,14): error C2504: 'hash_compare': clase base sin definir (compilando archivo de origen C:\Users\User\Documents\Universidad\Tercero Carrera\3.2. Realidad Virtual\Practica 2\opencv-4.5.0\3rdparty\protobuf\src\google\protobuf\util\internal\default_value_objectwriter.cc)
C:/Users/User/Documents/Universidad/Tercero Carrera/3.2. Realidad Virtual/Practica 2/opencv-4.5.0/3rdparty/protobuf/src\google/protobuf/stubs/hash.h(255,42): error C2143: error de sintaxis: falta ',' delante de '<' (compilando archivo de origen C:\Users\User\Documents\Universidad\Tercero Carrera\3.2. Realidad Virtual\Practica 2\opencv-4.5.0\3rdparty\protobuf\src\google\protobuf\util\internal\default_value_objectwriter.cc)
C:/Users/User/Documents/Universidad/Tercero Carrera/3.2. Realidad Virtual/Practica 2/opencv-4.5.0/3rdparty/protobuf/src\google/protobuf/stubs/hash.h(400,29): error C2064: el término no se evalúa como una función con 1 argumentos (compilando archivo de origen C:\Users\User\Documents\Universidad\Tercero Carrera\3.2. Realidad Virtual\Practica 2\opencv-4.5.0\3rdparty\protobuf\src\google\protobuf\util\internal\default_value_objectwriter.cc)
C:/Users/User/Documents/Universidad/Tercero Carrera/3.2. Realidad Virtual/Practica 2/opencv-4.5.0/3rdparty/protobuf/src\google/protobuf/stubs/hash.h(241,50): error C2143: error de sintaxis: falta ',' delante de '<' (compilando archivo de origen C:\Users\User\Documents\Universidad\Tercero Carrera\3.2. Realidad Virtual\Practica 2\opencv-4.5.0\3rdparty\protobuf\src\google\protobuf\util\internal\utility.cc)
C:/Users/User/Documents/Universidad/Tercero Carrera/3.2. Realidad Virtual/Practica 2/opencv-4.5.0/3rdparty/protobuf/src\google/protobuf/stubs/hash.h(242,2): message : Vea la referencia a la creación de una instancia de clase plantilla "google::protobuf::hash<Key>" que se está compilando (compilando archivo de origen C:\Users\User\Documents\Universidad\Tercero Carrera\3.2. Realidad Virtual\Practica 2\opencv-4.5.0\3rdparty\protobuf\src\google\protobuf\util\internal\utility.cc)
C:/Users/User/Documents/Universidad/Tercero Carrera/3.2. Realidad Virtual/Practica 2/opencv-4.5.0/3rdparty/protobuf/src\google/protobuf/stubs/hash.h(255,14): error C2039: "hash_compare": no es un miembro de "std" (compilando archivo de origen C:\Users\User\Documents\Universidad\Tercero Carrera\3.2. Realidad Virtual\Practica 2\opencv-4.5.0\3rdparty\protobuf\src\google\protobuf\util\internal\utility.cc)
C:\Program Files\Microsoft Visual Studio\2022\Community\VC\Tools\MSVC\14.37.32822\include\unordered_set(24,1): message : vea la declaración de 'std' (compilando archivo de origen C:\Users\User\Documents\Universidad\Tercero Carrera\3.2. Realidad Virtual\Practica 2\opencv-4.5.0\3rdparty\protobuf\src\google\protobuf\util\internal\utility.cc)
C:/Users/User/Documents/Universidad/Tercero Carrera/3.2. Realidad Virtual/Practica 2/opencv-4.5.0/3rdparty/protobuf/src\google/protobuf/stubs/hash.h(255,14): error C2504: 'hash_compare': clase base sin definir (compilando archivo de origen C:\Users\User\Documents\Universidad\Tercero Carrera\3.2. Realidad Virtual\Practica 2\opencv-4.5.0\3rdparty\protobuf\src\google\protobuf\util\internal\utility.cc)
C:/Users/User/Documents/Universidad/Tercero Carrera/3.2. Realidad Virtual/Practica 2/opencv-4.5.0/3rdparty/protobuf/src\google/protobuf/stubs/hash.h(255,42): error C2143: error de sintaxis: falta ',' delante de '<' (compilando archivo de origen C:\Users\User\Documents\Universidad\Tercero Carrera\3.2. Realidad Virtual\Practica 2\opencv-4.5.0\3rdparty\protobuf\src\google\protobuf\util\internal\utility.cc)
C:/Users/User/Documents/Universidad/Tercero Carrera/3.2. Realidad Virtual/Practica 2/opencv-4.5.0/3rdparty/protobuf/src\google/protobuf/stubs/hash.h(400,29): error C2064: el término no se evalúa como una función con 1 argumentos (compilando archivo de origen C:\Users\User\Documents\Universidad\Tercero Carrera\3.2. Realidad Virtual\Practica 2\opencv-4.5.0\3rdparty\protobuf\src\google\protobuf\util\internal\utility.cc)
C:/Users/User/Documents/Universidad/Tercero Carrera/3.2. Realidad Virtual/Practica 2/opencv-4.5.0/3rdparty/protobuf/src\google/protobuf/stubs/hash.h(241,50): error C2143: error de sintaxis: falta ',' delante de '<' (compilando archivo de origen C:\Users\User\Documents\Universidad\Tercero Carrera\3.2. Realidad Virtual\Practica 2\opencv-4.5.0\3rdparty\protobuf\src\google\protobuf\util\json_util.cc)
C:/Users/User/Documents/Universidad/Tercero Carrera/3.2. Realidad Virtual/Practica 2/opencv-4.5.0/3rdparty/protobuf/src\google/protobuf/stubs/hash.h(242,2): message : Vea la referencia a la creación de una instancia de clase plantilla "google::protobuf::hash<Key>" que se está compilando (compilando archivo de origen C:\Users\User\Documents\Universidad\Tercero Carrera\3.2. Realidad Virtual\Practica 2\opencv-4.5.0\3rdparty\protobuf\src\google\protobuf\util\json_util.cc)
C:/Users/User/Documents/Universidad/Tercero Carrera/3.2. Realidad Virtual/Practica 2/opencv-4.5.0/3rdparty/protobuf/src\google/protobuf/stubs/hash.h(255,14): error C2039: "hash_compare": no es un miembro de "std" (compilando archivo de origen C:\Users\User\Documents\Universidad\Tercero Carrera\3.2. Realidad Virtual\Practica 2\opencv-4.5.0\3rdparty\protobuf\src\google\protobuf\util\json_util.cc)
C:\Program Files\Microsoft Visual Studio\2022\Community\VC\Tools\MSVC\14.37.32822\include\unordered_set(24,1): message : vea la declaración de 'std' (compilando archivo de origen C:\Users\User\Documents\Universidad\Tercero Carrera\3.2. Realidad Virtual\Practica 2\opencv-4.5.0\3rdparty\protobuf\src\google\protobuf\util\json_util.cc)
C:/Users/User/Documents/Universidad/Tercero Carrera/3.2. Realidad Virtual/Practica 2/opencv-4.5.0/3rdparty/protobuf/src\google/protobuf/stubs/hash.h(255,14): error C2504: 'hash_compare': clase base sin definir (compilando archivo de origen C:\Users\User\Documents\Universidad\Tercero Carrera\3.2. Realidad Virtual\Practica 2\opencv-4.5.0\3rdparty\protobuf\src\google\protobuf\util\json_util.cc)
C:/Users/User/Documents/Universidad/Tercero Carrera/3.2. Realidad Virtual/Practica 2/opencv-4.5.0/3rdparty/protobuf/src\google/protobuf/stubs/hash.h(255,42): error C2143: error de sintaxis: falta ',' delante de '<' (compilando archivo de origen C:\Users\User\Documents\Universidad\Tercero Carrera\3.2. Realidad Virtual\Practica 2\opencv-4.5.0\3rdparty\protobuf\src\google\protobuf\util\json_util.cc)
C:/Users/User/Documents/Universidad/Tercero Carrera/3.2. Realidad Virtual/Practica 2/opencv-4.5.0/3rdparty/protobuf/src\google/protobuf/stubs/hash.h(400,29): error C2064: el término no se evalúa como una función con 1 argumentos (compilando archivo de origen C:\Users\User\Documents\Universidad\Tercero Carrera\3.2. Realidad Virtual\Practica 2\opencv-4.5.0\3rdparty\protobuf\src\google\protobuf\util\json_util.cc)
C:/Users/User/Documents/Universidad/Tercero Carrera/3.2. Realidad Virtual/Practica 2/opencv-4.5.0/3rdparty/protobuf/src\google/protobuf/stubs/hash.h(241,50): error C2143: error de sintaxis: falta ',' delante de '<' (compilando archivo de origen C:\Users\User\Documents\Universidad\Tercero Carrera\3.2. Realidad Virtual\Practica 2\opencv-4.5.0\3rdparty\protobuf\src\google\protobuf\util\message_differencer.cc)
C:/Users/User/Documents/Universidad/Tercero Carrera/3.2. Realidad Virtual/Practica 2/opencv-4.5.0/3rdparty/protobuf/src\google/protobuf/stubs/hash.h(242,2): message : Vea la referencia a la creación de una instancia de clase plantilla "google::protobuf::hash<Key>" que se está compilando (compilando archivo de origen C:\Users\User\Documents\Universidad\Tercero Carrera\3.2. Realidad Virtual\Practica 2\opencv-4.5.0\3rdparty\protobuf\src\google\protobuf\util\message_differencer.cc)
C:/Users/User/Documents/Universidad/Tercero Carrera/3.2. Realidad Virtual/Practica 2/opencv-4.5.0/3rdparty/protobuf/src\google/protobuf/stubs/hash.h(255,14): error C2039: "hash_compare": no es un miembro de "std" (compilando archivo de origen C:\Users\User\Documents\Universidad\Tercero Carrera\3.2. Realidad Virtual\Practica 2\opencv-4.5.0\3rdparty\protobuf\src\google\protobuf\util\message_differencer.cc)
C:\Program Files\Microsoft Visual Studio\2022\Community\VC\Tools\MSVC\14.37.32822\include\unordered_set(24,1): message : vea la declaración de 'std' (compilando archivo de origen C:\Users\User\Documents\Universidad\Tercero Carrera\3.2. Realidad Virtual\Practica 2\opencv-4.5.0\3rdparty\protobuf\src\google\protobuf\util\message_differencer.cc)
C:/Users/User/Documents/Universidad/Tercero Carrera/3.2. Realidad Virtual/Practica 2/opencv-4.5.0/3rdparty/protobuf/src\google/protobuf/stubs/hash.h(255,14): error C2504: 'hash_compare': clase base sin definir (compilando archivo de origen C:\Users\User\Documents\Universidad\Tercero Carrera\3.2. Realidad Virtual\Practica 2\opencv-4.5.0\3rdparty\protobuf\src\google\protobuf\util\message_differencer.cc)
C:/Users/User/Documents/Universidad/Tercero Carrera/3.2. Realidad Virtual/Practica 2/opencv-4.5.0/3rdparty/protobuf/src\google/protobuf/stubs/hash.h(255,42): error C2143: error de sintaxis: falta ',' delante de '<' (compilando archivo de origen C:\Users\User\Documents\Universidad\Tercero Carrera\3.2. Realidad Virtual\Practica 2\opencv-4.5.0\3rdparty\protobuf\src\google\protobuf\util\message_differencer.cc)
C:/Users/User/Documents/Universidad/Tercero Carrera/3.2. Realidad Virtual/Practica 2/opencv-4.5.0/3rdparty/protobuf/src\google/protobuf/stubs/hash.h(400,29): error C2064: el término no se evalúa como una función con 1 argumentos (compilando archivo de origen C:\Users\User\Documents\Universidad\Tercero Carrera\3.2. Realidad Virtual\Practica 2\opencv-4.5.0\3rdparty\protobuf\src\google\protobuf\util\message_differencer.cc)
C:/Users/User/Documents/Universidad/Tercero Carrera/3.2. Realidad Virtual/Practica 2/opencv-4.5.0/3rdparty/protobuf/src\google/protobuf/stubs/hash.h(241,50): error C2143: error de sintaxis: falta ',' delante de '<' (compilando archivo de origen C:\Users\User\Documents\Universidad\Tercero Carrera\3.2. Realidad Virtual\Practica 2\opencv-4.5.0\3rdparty\protobuf\src\google\protobuf\util\internal\type_info.cc)
C:/Users/User/Documents/Universidad/Tercero Carrera/3.2. Realidad Virtual/Practica 2/opencv-4.5.0/3rdparty/protobuf/src\google/protobuf/stubs/hash.h(242,2): message : Vea la referencia a la creación de una instancia de clase plantilla "google::protobuf::hash<Key>" que se está compilando (compilando archivo de origen C:\Users\User\Documents\Universidad\Tercero Carrera\3.2. Realidad Virtual\Practica 2\opencv-4.5.0\3rdparty\protobuf\src\google\protobuf\util\internal\type_info.cc)
C:/Users/User/Documents/Universidad/Tercero Carrera/3.2. Realidad Virtual/Practica 2/opencv-4.5.0/3rdparty/protobuf/src\google/protobuf/stubs/hash.h(255,14): error C2039: "hash_compare": no es un miembro de "std" (compilando archivo de origen C:\Users\User\Documents\Universidad\Tercero Carrera\3.2. Realidad Virtual\Practica 2\opencv-4.5.0\3rdparty\protobuf\src\google\protobuf\util\internal\type_info.cc)
C:\Program Files\Microsoft Visual Studio\2022\Community\VC\Tools\MSVC\14.37.32822\include\unordered_set(24,1): message : vea la declaración de 'std' (compilando archivo de origen C:\Users\User\Documents\Universidad\Tercero Carrera\3.2. Realidad Virtual\Practica 2\opencv-4.5.0\3rdparty\protobuf\src\google\protobuf\util\internal\type_info.cc)
C:/Users/User/Documents/Universidad/Tercero Carrera/3.2. Realidad Virtual/Practica 2/opencv-4.5.0/3rdparty/protobuf/src\google/protobuf/stubs/hash.h(255,14): error C2504: 'hash_compare': clase base sin definir (compilando archivo de origen C:\Users\User\Documents\Universidad\Tercero Carrera\3.2. Realidad Virtual\Practica 2\opencv-4.5.0\3rdparty\protobuf\src\google\protobuf\util\internal\type_info.cc)
C:/Users/User/Documents/Universidad/Tercero Carrera/3.2. Realidad Virtual/Practica 2/opencv-4.5.0/3rdparty/protobuf/src\google/protobuf/stubs/hash.h(255,42): error C2143: error de sintaxis: falta ',' delante de '<' (compilando archivo de origen C:\Users\User\Documents\Universidad\Tercero Carrera\3.2. Realidad Virtual\Practica 2\opencv-4.5.0\3rdparty\protobuf\src\google\protobuf\util\internal\type_info.cc)
C:/Users/User/Documents/Universidad/Tercero Carrera/3.2. Realidad Virtual/Practica 2/opencv-4.5.0/3rdparty/protobuf/src\google/protobuf/stubs/hash.h(400,29): error C2064: el término no se evalúa como una función con 1 argumentos (compilando archivo de origen C:\Users\User\Documents\Universidad\Tercero Carrera\3.2. Realidad Virtual\Practica 2\opencv-4.5.0\3rdparty\protobuf\src\google\protobuf\util\internal\type_info.cc)
C:/Users/User/Documents/Universidad/Tercero Carrera/3.2. Realidad Virtual/Practica 2/opencv-4.5.0/3rdparty/protobuf/src\google/protobuf/stubs/hash.h(241,50): error C2143: error de sintaxis: falta ',' delante de '<' (compilando archivo de origen C:\Users\User\Documents\Universidad\Tercero Carrera\3.2. Realidad Virtual\Practica 2\opencv-4.5.0\3rdparty\protobuf\src\google\protobuf\util\type_resolver_util.cc)
C:/Users/User/Documents/Universidad/Tercero Carrera/3.2. Realidad Virtual/Practica 2/opencv-4.5.0/3rdparty/protobuf/src\google/protobuf/stubs/hash.h(242,2): message : Vea la referencia a la creación de una instancia de clase plantilla "google::protobuf::hash<Key>" que se está compilando (compilando archivo de origen C:\Users\User\Documents\Universidad\Tercero Carrera\3.2. Realidad Virtual\Practica 2\opencv-4.5.0\3rdparty\protobuf\src\google\protobuf\util\type_resolver_util.cc)
C:/Users/User/Documents/Universidad/Tercero Carrera/3.2. Realidad Virtual/Practica 2/opencv-4.5.0/3rdparty/protobuf/src\google/protobuf/stubs/hash.h(255,14): error C2039: "hash_compare": no es un miembro de "std" (compilando archivo de origen C:\Users\User\Documents\Universidad\Tercero Carrera\3.2. Realidad Virtual\Practica 2\opencv-4.5.0\3rdparty\protobuf\src\google\protobuf\util\type_resolver_util.cc)
C:\Program Files\Microsoft Visual Studio\2022\Community\VC\Tools\MSVC\14.37.32822\include\unordered_set(24,1): message : vea la declaración de 'std' (compilando archivo de origen C:\Users\User\Documents\Universidad\Tercero Carrera\3.2. Realidad Virtual\Practica 2\opencv-4.5.0\3rdparty\protobuf\src\google\protobuf\util\type_resolver_util.cc)
C:/Users/User/Documents/Universidad/Tercero Carrera/3.2. Realidad Virtual/Practica 2/opencv-4.5.0/3rdparty/protobuf/src\google/protobuf/stubs/hash.h(255,14): error C2504: 'hash_compare': clase base sin definir (compilando archivo de origen C:\Users\User\Documents\Universidad\Tercero Carrera\3.2. Realidad Virtual\Practica 2\opencv-4.5.0\3rdparty\protobuf\src\google\protobuf\util\type_resolver_util.cc)
C:/Users/User/Documents/Universidad/Tercero Carrera/3.2. Realidad Virtual/Practica 2/opencv-4.5.0/3rdparty/protobuf/src\google/protobuf/stubs/hash.h(255,42): error C2143: error de sintaxis: falta ',' delante de '<' (compilando archivo de origen C:\Users\User\Documents\Universidad\Tercero Carrera\3.2. Realidad Virtual\Practica 2\opencv-4.5.0\3rdparty\protobuf\src\google\protobuf\util\type_resolver_util.cc)
C:/Users/User/Documents/Universidad/Tercero Carrera/3.2. Realidad Virtual/Practica 2/opencv-4.5.0/3rdparty/protobuf/src\google/protobuf/stubs/hash.h(400,29): error C2064: el término no se evalúa como una función con 1 argumentos (compilando archivo de origen C:\Users\User\Documents\Universidad\Tercero Carrera\3.2. Realidad Virtual\Practica 2\opencv-4.5.0\3rdparty\protobuf\src\google\protobuf\util\type_resolver_util.cc)
C:/Users/User/Documents/Universidad/Tercero Carrera/3.2. Realidad Virtual/Practica 2/opencv-4.5.0/3rdparty/protobuf/src\google/protobuf/stubs/hash.h(241,50): error C2143: error de sintaxis: falta ',' delante de '<' (compilando archivo de origen C:\Users\User\Documents\Universidad\Tercero Carrera\3.2. Realidad Virtual\Practica 2\opencv-4.5.0\3rdparty\protobuf\src\google\protobuf\wrappers.pb.cc)
C:/Users/User/Documents/Universidad/Tercero Carrera/3.2. Realidad Virtual/Practica 2/opencv-4.5.0/3rdparty/protobuf/src\google/protobuf/stubs/hash.h(242,2): message : Vea la referencia a la creación de una instancia de clase plantilla "google::protobuf::hash<Key>" que se está compilando (compilando archivo de origen C:\Users\User\Documents\Universidad\Tercero Carrera\3.2. Realidad Virtual\Practica 2\opencv-4.5.0\3rdparty\protobuf\src\google\protobuf\wrappers.pb.cc)
C:/Users/User/Documents/Universidad/Tercero Carrera/3.2. Realidad Virtual/Practica 2/opencv-4.5.0/3rdparty/protobuf/src\google/protobuf/stubs/hash.h(255,14): error C2039: "hash_compare": no es un miembro de "std" (compilando archivo de origen C:\Users\User\Documents\Universidad\Tercero Carrera\3.2. Realidad Virtual\Practica 2\opencv-4.5.0\3rdparty\protobuf\src\google\protobuf\wrappers.pb.cc)
C:\Program Files\Microsoft Visual Studio\2022\Community\VC\Tools\MSVC\14.37.32822\include\unordered_set(24,1): message : vea la declaración de 'std' (compilando archivo de origen C:\Users\User\Documents\Universidad\Tercero Carrera\3.2. Realidad Virtual\Practica 2\opencv-4.5.0\3rdparty\protobuf\src\google\protobuf\wrappers.pb.cc)
C:/Users/User/Documents/Universidad/Tercero Carrera/3.2. Realidad Virtual/Practica 2/opencv-4.5.0/3rdparty/protobuf/src\google/protobuf/stubs/hash.h(255,14): error C2504: 'hash_compare': clase base sin definir (compilando archivo de origen C:\Users\User\Documents\Universidad\Tercero Carrera\3.2. Realidad Virtual\Practica 2\opencv-4.5.0\3rdparty\protobuf\src\google\protobuf\wrappers.pb.cc)
C:/Users/User/Documents/Universidad/Tercero Carrera/3.2. Realidad Virtual/Practica 2/opencv-4.5.0/3rdparty/protobuf/src\google/protobuf/stubs/hash.h(255,42): error C2143: error de sintaxis: falta ',' delante de '<' (compilando archivo de origen C:\Users\User\Documents\Universidad\Tercero Carrera\3.2. Realidad Virtual\Practica 2\opencv-4.5.0\3rdparty\protobuf\src\google\protobuf\wrappers.pb.cc)
C:/Users/User/Documents/Universidad/Tercero Carrera/3.2. Realidad Virtual/Practica 2/opencv-4.5.0/3rdparty/protobuf/src\google/protobuf/stubs/hash.h(400,29): error C2064: el término no se evalúa como una función con 1 argumentos (compilando archivo de origen C:\Users\User\Documents\Universidad\Tercero Carrera\3.2. Realidad Virtual\Practica 2\opencv-4.5.0\3rdparty\protobuf\src\google\protobuf\wrappers.pb.cc)
C:/Users/User/Documents/Universidad/Tercero Carrera/3.2. Realidad Virtual/Practica 2/opencv-4.5.0/3rdparty/protobuf/src\google/protobuf/stubs/hash.h(241,50): error C2143: error de sintaxis: falta ',' delante de '<' (compilando archivo de origen C:\Users\User\Documents\Universidad\Tercero Carrera\3.2. Realidad Virtual\Practica 2\opencv-4.5.0\3rdparty\protobuf\src\google\protobuf\wire_format.cc)
C:/Users/User/Documents/Universidad/Tercero Carrera/3.2. Realidad Virtual/Practica 2/opencv-4.5.0/3rdparty/protobuf/src\google/protobuf/stubs/hash.h(242,2): message : Vea la referencia a la creación de una instancia de clase plantilla "google::protobuf::hash<Key>" que se está compilando (compilando archivo de origen C:\Users\User\Documents\Universidad\Tercero Carrera\3.2. Realidad Virtual\Practica 2\opencv-4.5.0\3rdparty\protobuf\src\google\protobuf\wire_format.cc)
C:/Users/User/Documents/Universidad/Tercero Carrera/3.2. Realidad Virtual/Practica 2/opencv-4.5.0/3rdparty/protobuf/src\google/protobuf/stubs/hash.h(255,14): error C2039: "hash_compare": no es un miembro de "std" (compilando archivo de origen C:\Users\User\Documents\Universidad\Tercero Carrera\3.2. Realidad Virtual\Practica 2\opencv-4.5.0\3rdparty\protobuf\src\google\protobuf\wire_format.cc)
C:\Program Files\Microsoft Visual Studio\2022\Community\VC\Tools\MSVC\14.37.32822\include\unordered_set(24,1): message : vea la declaración de 'std' (compilando archivo de origen C:\Users\User\Documents\Universidad\Tercero Carrera\3.2. Realidad Virtual\Practica 2\opencv-4.5.0\3rdparty\protobuf\src\google\protobuf\wire_format.cc)
C:/Users/User/Documents/Universidad/Tercero Carrera/3.2. Realidad Virtual/Practica 2/opencv-4.5.0/3rdparty/protobuf/src\google/protobuf/stubs/hash.h(255,14): error C2504: 'hash_compare': clase base sin definir (compilando archivo de origen C:\Users\User\Documents\Universidad\Tercero Carrera\3.2. Realidad Virtual\Practica 2\opencv-4.5.0\3rdparty\protobuf\src\google\protobuf\wire_format.cc)
C:/Users/User/Documents/Universidad/Tercero Carrera/3.2. Realidad Virtual/Practica 2/opencv-4.5.0/3rdparty/protobuf/src\google/protobuf/stubs/hash.h(255,42): error C2143: error de sintaxis: falta ',' delante de '<' (compilando archivo de origen C:\Users\User\Documents\Universidad\Tercero Carrera\3.2. Realidad Virtual\Practica 2\opencv-4.5.0\3rdparty\protobuf\src\google\protobuf\wire_format.cc)
C:/Users/User/Documents/Universidad/Tercero Carrera/3.2. Realidad Virtual/Practica 2/opencv-4.5.0/3rdparty/protobuf/src\google/protobuf/stubs/hash.h(400,29): error C2064: el término no se evalúa como una función con 1 argumentos (compilando archivo de origen C:\Users\User\Documents\Universidad\Tercero Carrera\3.2. Realidad Virtual\Practica 2\opencv-4.5.0\3rdparty\protobuf\src\google\protobuf\wire_format.cc)
C:/Users/User/Documents/Universidad/Tercero Carrera/3.2. Realidad Virtual/Practica 2/opencv-4.5.0/3rdparty/protobuf/src\google/protobuf/stubs/hash.h(241,22): error C2039: "hash_compare": no es un miembro de "std" (compilando archivo de origen C:\Users\User\Documents\Universidad\Tercero Carrera\3.2. Realidad Virtual\Practica 2\opencv-4.5.0\3rdparty\protobuf\src\google\protobuf\wire_format.cc)
C:\Program Files\Microsoft Visual Studio\2022\Community\VC\Tools\MSVC\14.37.32822\include\unordered_set(24,1): message : vea la declaración de 'std' (compilando archivo de origen C:\Users\User\Documents\Universidad\Tercero Carrera\3.2. Realidad Virtual\Practica 2\opencv-4.5.0\3rdparty\protobuf\src\google\protobuf\wire_format.cc)
C:/Users/User/Documents/Universidad/Tercero Carrera/3.2. Realidad Virtual/Practica 2/opencv-4.5.0/3rdparty/protobuf/src\google/protobuf/map_field.h(817,48): message : Vea la referencia a la creación de una instancia de clase plantilla "google::protobuf::hash<google::protobuf::int64>" que se está compilando (compilando archivo de origen C:\Users\User\Documents\Universidad\Tercero Carrera\3.2. Realidad Virtual\Practica 2\opencv-4.5.0\3rdparty\protobuf\src\google\protobuf\wire_format.cc)
C:/Users/User/Documents/Universidad/Tercero Carrera/3.2. Realidad Virtual/Practica 2/opencv-4.5.0/3rdparty/protobuf/src\google/protobuf/stubs/hash.h(241,22): error C2504: 'hash_compare': clase base sin definir (compilando archivo de origen C:\Users\User\Documents\Universidad\Tercero Carrera\3.2. Realidad Virtual\Practica 2\opencv-4.5.0\3rdparty\protobuf\src\google\protobuf\wire_format.cc)
C:/Users/User/Documents/Universidad/Tercero Carrera/3.2. Realidad Virtual/Practica 2/opencv-4.5.0/3rdparty/protobuf/src\google/protobuf/map_field.h(817,48): error C2064: el término no se evalúa como una función con 1 argumentos (compilando archivo de origen C:\Users\User\Documents\Universidad\Tercero Carrera\3.2. Realidad Virtual\Practica 2\opencv-4.5.0\3rdparty\protobuf\src\google\protobuf\wire_format.cc)
C:/Users/User/Documents/Universidad/Tercero Carrera/3.2. Realidad Virtual/Practica 2/opencv-4.5.0/3rdparty/protobuf/src\google/protobuf/map_field.h(819,48): error C2064: el término no se evalúa como una función con 1 argumentos (compilando archivo de origen C:\Users\User\Documents\Universidad\Tercero Carrera\3.2. Realidad Virtual\Practica 2\opencv-4.5.0\3rdparty\protobuf\src\google\protobuf\wire_format.cc)
C:/Users/User/Documents/Universidad/Tercero Carrera/3.2. Realidad Virtual/Practica 2/opencv-4.5.0/3rdparty/protobuf/src\google/protobuf/map_field.h(821,49): error C2064: el término no se evalúa como una función con 1 argumentos (compilando archivo de origen C:\Users\User\Documents\Universidad\Tercero Carrera\3.2. Realidad Virtual\Practica 2\opencv-4.5.0\3rdparty\protobuf\src\google\protobuf\wire_format.cc)
C:/Users/User/Documents/Universidad/Tercero Carrera/3.2. Realidad Virtual/Practica 2/opencv-4.5.0/3rdparty/protobuf/src\google/protobuf/map_field.h(823,49): error C2064: el término no se evalúa como una función con 1 argumentos (compilando archivo de origen C:\Users\User\Documents\Universidad\Tercero Carrera\3.2. Realidad Virtual\Practica 2\opencv-4.5.0\3rdparty\protobuf\src\google\protobuf\wire_format.cc)
C:/Users/User/Documents/Universidad/Tercero Carrera/3.2. Realidad Virtual/Practica 2/opencv-4.5.0/3rdparty/protobuf/src\google/protobuf/map_field.h(825,26): error C2064: el término no se evalúa como una función con 1 argumentos (compilando archivo de origen C:\Users\User\Documents\Universidad\Tercero Carrera\3.2. Realidad Virtual\Practica 2\opencv-4.5.0\3rdparty\protobuf\src\google\protobuf\wire_format.cc)
C:/Users/User/Documents/Universidad/Tercero Carrera/3.2. Realidad Virtual/Practica 2/opencv-4.5.0/3rdparty/protobuf/src\google/protobuf/stubs/hash.h(241,50): error C2143: error de sintaxis: falta ',' delante de '<' (compilando archivo de origen C:\Users\User\Documents\Universidad\Tercero Carrera\3.2. Realidad Virtual\Practica 2\opencv-4.5.0\3rdparty\protobuf\src\google\protobuf\util\time_util.cc)
C:/Users/User/Documents/Universidad/Tercero Carrera/3.2. Realidad Virtual/Practica 2/opencv-4.5.0/3rdparty/protobuf/src\google/protobuf/stubs/hash.h(242,2): message : Vea la referencia a la creación de una instancia de clase plantilla "google::protobuf::hash<Key>" que se está compilando (compilando archivo de origen C:\Users\User\Documents\Universidad\Tercero Carrera\3.2. Realidad Virtual\Practica 2\opencv-4.5.0\3rdparty\protobuf\src\google\protobuf\util\time_util.cc)
C:/Users/User/Documents/Universidad/Tercero Carrera/3.2. Realidad Virtual/Practica 2/opencv-4.5.0/3rdparty/protobuf/src\google/protobuf/stubs/hash.h(255,14): error C2039: "hash_compare": no es un miembro de "std" (compilando archivo de origen C:\Users\User\Documents\Universidad\Tercero Carrera\3.2. Realidad Virtual\Practica 2\opencv-4.5.0\3rdparty\protobuf\src\google\protobuf\util\time_util.cc)
C:\Program Files\Microsoft Visual Studio\2022\Community\VC\Tools\MSVC\14.37.32822\include\unordered_set(24,1): message : vea la declaración de 'std' (compilando archivo de origen C:\Users\User\Documents\Universidad\Tercero Carrera\3.2. Realidad Virtual\Practica 2\opencv-4.5.0\3rdparty\protobuf\src\google\protobuf\util\time_util.cc)
C:/Users/User/Documents/Universidad/Tercero Carrera/3.2. Realidad Virtual/Practica 2/opencv-4.5.0/3rdparty/protobuf/src\google/protobuf/stubs/hash.h(255,14): error C2504: 'hash_compare': clase base sin definir (compilando archivo de origen C:\Users\User\Documents\Universidad\Tercero Carrera\3.2. Realidad Virtual\Practica 2\opencv-4.5.0\3rdparty\protobuf\src\google\protobuf\util\time_util.cc)
C:/Users/User/Documents/Universidad/Tercero Carrera/3.2. Realidad Virtual/Practica 2/opencv-4.5.0/3rdparty/protobuf/src\google/protobuf/stubs/hash.h(255,42): error C2143: error de sintaxis: falta ',' delante de '<' (compilando archivo de origen C:\Users\User\Documents\Universidad\Tercero Carrera\3.2. Realidad Virtual\Practica 2\opencv-4.5.0\3rdparty\protobuf\src\google\protobuf\util\time_util.cc)
C:/Users/User/Documents/Universidad/Tercero Carrera/3.2. Realidad Virtual/Practica 2/opencv-4.5.0/3rdparty/protobuf/src\google/protobuf/stubs/hash.h(400,29): error C2064: el término no se evalúa como una función con 1 argumentos (compilando archivo de origen C:\Users\User\Documents\Universidad\Tercero Carrera\3.2. Realidad Virtual\Practica 2\opencv-4.5.0\3rdparty\protobuf\src\google\protobuf\util\time_util.cc)
