  Processing OpenCL kernels (dnn)
  Building Custom Rule C:/Users/User/Documents/Universidad/Tercero Carrera/3.2. Realidad Virtual/Practica 2/opencv-4.5.0/modules/dnn/CMakeLists.txt
  opencv_dnn_pch.cpp
  opencv-caffe.pb.cc
  opencv-onnx.pb.cc
  attr_value.pb.cc
  function.pb.cc
  graph.pb.cc
  op_def.pb.cc
  tensor.pb.cc
  tensor_shape.pb.cc
  types.pb.cc
  versions.pb.cc
C:/Users/User/Documents/Universidad/Tercero Carrera/3.2. Realidad Virtual/Practica 2/opencv-4.5.0/3rdparty/protobuf/src\google/protobuf/stubs/hash.h(241,50): error C2143: error de sintaxis: falta ',' delante de '<' (compilando archivo de origen C:\Users\User\Documents\Universidad\Tercero Carrera\3.2. Realidad Virtual\Practica 2\opencv-4.5.0\modules\dnn\misc\onnx\opencv-onnx.pb.cc)
C:/Users/User/Documents/Universidad/Tercero Carrera/3.2. Realidad Virtual/Practica 2/opencv-4.5.0/3rdparty/protobuf/src\google/protobuf/stubs/hash.h(242,2): message : Vea la referencia a la creación de una instancia de clase plantilla "google::protobuf::hash<Key>" que se está compilando (compilando archivo de origen C:\Users\User\Documents\Universidad\Tercero Carrera\3.2. Realidad Virtual\Practica 2\opencv-4.5.0\modules\dnn\misc\onnx\opencv-onnx.pb.cc)
C:/Users/User/Documents/Universidad/Tercero Carrera/3.2. Realidad Virtual/Practica 2/opencv-4.5.0/3rdparty/protobuf/src\google/protobuf/stubs/hash.h(255,14): error C2039: "hash_compare": no es un miembro de "std" (compilando archivo de origen C:\Users\User\Documents\Universidad\Tercero Carrera\3.2. Realidad Virtual\Practica 2\opencv-4.5.0\modules\dnn\misc\onnx\opencv-onnx.pb.cc)
C:\Program Files\Microsoft Visual Studio\2022\Community\VC\Tools\MSVC\14.37.32822\include\unordered_set(24,1): message : vea la declaración de 'std' (compilando archivo de origen C:\Users\User\Documents\Universidad\Tercero Carrera\3.2. Realidad Virtual\Practica 2\opencv-4.5.0\modules\dnn\misc\onnx\opencv-onnx.pb.cc)
C:/Users/User/Documents/Universidad/Tercero Carrera/3.2. Realidad Virtual/Practica 2/opencv-4.5.0/3rdparty/protobuf/src\google/protobuf/stubs/hash.h(255,14): error C2504: 'hash_compare': clase base sin definir (compilando archivo de origen C:\Users\User\Documents\Universidad\Tercero Carrera\3.2. Realidad Virtual\Practica 2\opencv-4.5.0\modules\dnn\misc\onnx\opencv-onnx.pb.cc)
C:/Users/User/Documents/Universidad/Tercero Carrera/3.2. Realidad Virtual/Practica 2/opencv-4.5.0/3rdparty/protobuf/src\google/protobuf/stubs/hash.h(255,42): error C2143: error de sintaxis: falta ',' delante de '<' (compilando archivo de origen C:\Users\User\Documents\Universidad\Tercero Carrera\3.2. Realidad Virtual\Practica 2\opencv-4.5.0\modules\dnn\misc\onnx\opencv-onnx.pb.cc)
C:/Users/User/Documents/Universidad/Tercero Carrera/3.2. Realidad Virtual/Practica 2/opencv-4.5.0/3rdparty/protobuf/src\google/protobuf/stubs/hash.h(400,29): error C2064: el término no se evalúa como una función con 1 argumentos (compilando archivo de origen C:\Users\User\Documents\Universidad\Tercero Carrera\3.2. Realidad Virtual\Practica 2\opencv-4.5.0\modules\dnn\misc\onnx\opencv-onnx.pb.cc)
C:/Users/User/Documents/Universidad/Tercero Carrera/3.2. Realidad Virtual/Practica 2/opencv-4.5.0/3rdparty/protobuf/src\google/protobuf/stubs/hash.h(241,50): error C2143: error de sintaxis: falta ',' delante de '<' (compilando archivo de origen C:\Users\User\Documents\Universidad\Tercero Carrera\3.2. Realidad Virtual\Practica 2\opencv-4.5.0\modules\dnn\misc\tensorflow\graph.pb.cc)
C:/Users/User/Documents/Universidad/Tercero Carrera/3.2. Realidad Virtual/Practica 2/opencv-4.5.0/3rdparty/protobuf/src\google/protobuf/stubs/hash.h(242,2): message : Vea la referencia a la creación de una instancia de clase plantilla "google::protobuf::hash<Key>" que se está compilando (compilando archivo de origen C:\Users\User\Documents\Universidad\Tercero Carrera\3.2. Realidad Virtual\Practica 2\opencv-4.5.0\modules\dnn\misc\tensorflow\graph.pb.cc)
C:/Users/User/Documents/Universidad/Tercero Carrera/3.2. Realidad Virtual/Practica 2/opencv-4.5.0/3rdparty/protobuf/src\google/protobuf/stubs/hash.h(255,14): error C2039: "hash_compare": no es un miembro de "std" (compilando archivo de origen C:\Users\User\Documents\Universidad\Tercero Carrera\3.2. Realidad Virtual\Practica 2\opencv-4.5.0\modules\dnn\misc\tensorflow\graph.pb.cc)
C:\Program Files\Microsoft Visual Studio\2022\Community\VC\Tools\MSVC\14.37.32822\include\unordered_set(24,1): message : vea la declaración de 'std' (compilando archivo de origen C:\Users\User\Documents\Universidad\Tercero Carrera\3.2. Realidad Virtual\Practica 2\opencv-4.5.0\modules\dnn\misc\tensorflow\graph.pb.cc)
C:/Users/User/Documents/Universidad/Tercero Carrera/3.2. Realidad Virtual/Practica 2/opencv-4.5.0/3rdparty/protobuf/src\google/protobuf/stubs/hash.h(255,14): error C2504: 'hash_compare': clase base sin definir (compilando archivo de origen C:\Users\User\Documents\Universidad\Tercero Carrera\3.2. Realidad Virtual\Practica 2\opencv-4.5.0\modules\dnn\misc\tensorflow\graph.pb.cc)
C:/Users/User/Documents/Universidad/Tercero Carrera/3.2. Realidad Virtual/Practica 2/opencv-4.5.0/3rdparty/protobuf/src\google/protobuf/stubs/hash.h(255,42): error C2143: error de sintaxis: falta ',' delante de '<' (compilando archivo de origen C:\Users\User\Documents\Universidad\Tercero Carrera\3.2. Realidad Virtual\Practica 2\opencv-4.5.0\modules\dnn\misc\tensorflow\graph.pb.cc)
C:/Users/User/Documents/Universidad/Tercero Carrera/3.2. Realidad Virtual/Practica 2/opencv-4.5.0/3rdparty/protobuf/src\google/protobuf/stubs/hash.h(400,29): error C2064: el término no se evalúa como una función con 1 argumentos (compilando archivo de origen C:\Users\User\Documents\Universidad\Tercero Carrera\3.2. Realidad Virtual\Practica 2\opencv-4.5.0\modules\dnn\misc\tensorflow\graph.pb.cc)
C:/Users/User/Documents/Universidad/Tercero Carrera/3.2. Realidad Virtual/Practica 2/opencv-4.5.0/3rdparty/protobuf/src\google/protobuf/stubs/hash.h(241,50): error C2143: error de sintaxis: falta ',' delante de '<' (compilando archivo de origen C:\Users\User\Documents\Universidad\Tercero Carrera\3.2. Realidad Virtual\Practica 2\opencv-4.5.0\modules\dnn\misc\tensorflow\types.pb.cc)
C:/Users/User/Documents/Universidad/Tercero Carrera/3.2. Realidad Virtual/Practica 2/opencv-4.5.0/3rdparty/protobuf/src\google/protobuf/stubs/hash.h(242,2): message : Vea la referencia a la creación de una instancia de clase plantilla "google::protobuf::hash<Key>" que se está compilando (compilando archivo de origen C:\Users\User\Documents\Universidad\Tercero Carrera\3.2. Realidad Virtual\Practica 2\opencv-4.5.0\modules\dnn\misc\tensorflow\types.pb.cc)
C:/Users/User/Documents/Universidad/Tercero Carrera/3.2. Realidad Virtual/Practica 2/opencv-4.5.0/3rdparty/protobuf/src\google/protobuf/stubs/hash.h(255,14): error C2039: "hash_compare": no es un miembro de "std" (compilando archivo de origen C:\Users\User\Documents\Universidad\Tercero Carrera\3.2. Realidad Virtual\Practica 2\opencv-4.5.0\modules\dnn\misc\tensorflow\types.pb.cc)
C:\Program Files\Microsoft Visual Studio\2022\Community\VC\Tools\MSVC\14.37.32822\include\unordered_set(24,1): message : vea la declaración de 'std' (compilando archivo de origen C:\Users\User\Documents\Universidad\Tercero Carrera\3.2. Realidad Virtual\Practica 2\opencv-4.5.0\modules\dnn\misc\tensorflow\types.pb.cc)
C:/Users/User/Documents/Universidad/Tercero Carrera/3.2. Realidad Virtual/Practica 2/opencv-4.5.0/3rdparty/protobuf/src\google/protobuf/stubs/hash.h(255,14): error C2504: 'hash_compare': clase base sin definir (compilando archivo de origen C:\Users\User\Documents\Universidad\Tercero Carrera\3.2. Realidad Virtual\Practica 2\opencv-4.5.0\modules\dnn\misc\tensorflow\types.pb.cc)
C:/Users/User/Documents/Universidad/Tercero Carrera/3.2. Realidad Virtual/Practica 2/opencv-4.5.0/3rdparty/protobuf/src\google/protobuf/stubs/hash.h(255,42): error C2143: error de sintaxis: falta ',' delante de '<' (compilando archivo de origen C:\Users\User\Documents\Universidad\Tercero Carrera\3.2. Realidad Virtual\Practica 2\opencv-4.5.0\modules\dnn\misc\tensorflow\types.pb.cc)
C:/Users/User/Documents/Universidad/Tercero Carrera/3.2. Realidad Virtual/Practica 2/opencv-4.5.0/3rdparty/protobuf/src\google/protobuf/stubs/hash.h(400,29): error C2064: el término no se evalúa como una función con 1 argumentos (compilando archivo de origen C:\Users\User\Documents\Universidad\Tercero Carrera\3.2. Realidad Virtual\Practica 2\opencv-4.5.0\modules\dnn\misc\tensorflow\types.pb.cc)
C:/Users/User/Documents/Universidad/Tercero Carrera/3.2. Realidad Virtual/Practica 2/opencv-4.5.0/3rdparty/protobuf/src\google/protobuf/stubs/hash.h(241,22): error C2039: "hash_compare": no es un miembro de "std" (compilando archivo de origen C:\Users\User\Documents\Universidad\Tercero Carrera\3.2. Realidad Virtual\Practica 2\opencv-4.5.0\modules\dnn\misc\tensorflow\graph.pb.cc)
C:\Program Files\Microsoft Visual Studio\2022\Community\VC\Tools\MSVC\14.37.32822\include\unordered_set(24,1): message : vea la declaración de 'std' (compilando archivo de origen C:\Users\User\Documents\Universidad\Tercero Carrera\3.2. Realidad Virtual\Practica 2\opencv-4.5.0\modules\dnn\misc\tensorflow\graph.pb.cc)
C:/Users/User/Documents/Universidad/Tercero Carrera/3.2. Realidad Virtual/Practica 2/opencv-4.5.0/3rdparty/protobuf/src\google/protobuf/map_field.h(817,48): message : Vea la referencia a la creación de una instancia de clase plantilla "google::protobuf::hash<google::protobuf::int64>" que se está compilando (compilando archivo de origen C:\Users\User\Documents\Universidad\Tercero Carrera\3.2. Realidad Virtual\Practica 2\opencv-4.5.0\modules\dnn\misc\tensorflow\graph.pb.cc)
C:/Users/User/Documents/Universidad/Tercero Carrera/3.2. Realidad Virtual/Practica 2/opencv-4.5.0/3rdparty/protobuf/src\google/protobuf/stubs/hash.h(241,22): error C2504: 'hash_compare': clase base sin definir (compilando archivo de origen C:\Users\User\Documents\Universidad\Tercero Carrera\3.2. Realidad Virtual\Practica 2\opencv-4.5.0\modules\dnn\misc\tensorflow\graph.pb.cc)
C:/Users/User/Documents/Universidad/Tercero Carrera/3.2. Realidad Virtual/Practica 2/opencv-4.5.0/3rdparty/protobuf/src\google/protobuf/map_field.h(817,48): error C2064: el término no se evalúa como una función con 1 argumentos (compilando archivo de origen C:\Users\User\Documents\Universidad\Tercero Carrera\3.2. Realidad Virtual\Practica 2\opencv-4.5.0\modules\dnn\misc\tensorflow\graph.pb.cc)
C:/Users/User/Documents/Universidad/Tercero Carrera/3.2. Realidad Virtual/Practica 2/opencv-4.5.0/3rdparty/protobuf/src\google/protobuf/map_field.h(819,48): error C2064: el término no se evalúa como una función con 1 argumentos (compilando archivo de origen C:\Users\User\Documents\Universidad\Tercero Carrera\3.2. Realidad Virtual\Practica 2\opencv-4.5.0\modules\dnn\misc\tensorflow\graph.pb.cc)
C:/Users/User/Documents/Universidad/Tercero Carrera/3.2. Realidad Virtual/Practica 2/opencv-4.5.0/3rdparty/protobuf/src\google/protobuf/map_field.h(821,49): error C2064: el término no se evalúa como una función con 1 argumentos (compilando archivo de origen C:\Users\User\Documents\Universidad\Tercero Carrera\3.2. Realidad Virtual\Practica 2\opencv-4.5.0\modules\dnn\misc\tensorflow\graph.pb.cc)
C:/Users/User/Documents/Universidad/Tercero Carrera/3.2. Realidad Virtual/Practica 2/opencv-4.5.0/3rdparty/protobuf/src\google/protobuf/map_field.h(823,49): error C2064: el término no se evalúa como una función con 1 argumentos (compilando archivo de origen C:\Users\User\Documents\Universidad\Tercero Carrera\3.2. Realidad Virtual\Practica 2\opencv-4.5.0\modules\dnn\misc\tensorflow\graph.pb.cc)
C:/Users/User/Documents/Universidad/Tercero Carrera/3.2. Realidad Virtual/Practica 2/opencv-4.5.0/3rdparty/protobuf/src\google/protobuf/map_field.h(825,26): error C2064: el término no se evalúa como una función con 1 argumentos (compilando archivo de origen C:\Users\User\Documents\Universidad\Tercero Carrera\3.2. Realidad Virtual\Practica 2\opencv-4.5.0\modules\dnn\misc\tensorflow\graph.pb.cc)
C:/Users/User/Documents/Universidad/Tercero Carrera/3.2. Realidad Virtual/Practica 2/opencv-4.5.0/3rdparty/protobuf/src\google/protobuf/stubs/hash.h(241,50): error C2143: error de sintaxis: falta ',' delante de '<' (compilando archivo de origen C:\Users\User\Documents\Universidad\Tercero Carrera\3.2. Realidad Virtual\Practica 2\opencv-4.5.0\modules\dnn\misc\tensorflow\tensor.pb.cc)
C:/Users/User/Documents/Universidad/Tercero Carrera/3.2. Realidad Virtual/Practica 2/opencv-4.5.0/3rdparty/protobuf/src\google/protobuf/stubs/hash.h(242,2): message : Vea la referencia a la creación de una instancia de clase plantilla "google::protobuf::hash<Key>" que se está compilando (compilando archivo de origen C:\Users\User\Documents\Universidad\Tercero Carrera\3.2. Realidad Virtual\Practica 2\opencv-4.5.0\modules\dnn\misc\tensorflow\tensor.pb.cc)
C:/Users/User/Documents/Universidad/Tercero Carrera/3.2. Realidad Virtual/Practica 2/opencv-4.5.0/3rdparty/protobuf/src\google/protobuf/stubs/hash.h(255,14): error C2039: "hash_compare": no es un miembro de "std" (compilando archivo de origen C:\Users\User\Documents\Universidad\Tercero Carrera\3.2. Realidad Virtual\Practica 2\opencv-4.5.0\modules\dnn\misc\tensorflow\tensor.pb.cc)
C:\Program Files\Microsoft Visual Studio\2022\Community\VC\Tools\MSVC\14.37.32822\include\unordered_set(24,1): message : vea la declaración de 'std' (compilando archivo de origen C:\Users\User\Documents\Universidad\Tercero Carrera\3.2. Realidad Virtual\Practica 2\opencv-4.5.0\modules\dnn\misc\tensorflow\tensor.pb.cc)
C:/Users/User/Documents/Universidad/Tercero Carrera/3.2. Realidad Virtual/Practica 2/opencv-4.5.0/3rdparty/protobuf/src\google/protobuf/stubs/hash.h(255,14): error C2504: 'hash_compare': clase base sin definir (compilando archivo de origen C:\Users\User\Documents\Universidad\Tercero Carrera\3.2. Realidad Virtual\Practica 2\opencv-4.5.0\modules\dnn\misc\tensorflow\tensor.pb.cc)
C:/Users/User/Documents/Universidad/Tercero Carrera/3.2. Realidad Virtual/Practica 2/opencv-4.5.0/3rdparty/protobuf/src\google/protobuf/stubs/hash.h(255,42): error C2143: error de sintaxis: falta ',' delante de '<' (compilando archivo de origen C:\Users\User\Documents\Universidad\Tercero Carrera\3.2. Realidad Virtual\Practica 2\opencv-4.5.0\modules\dnn\misc\tensorflow\tensor.pb.cc)
C:/Users/User/Documents/Universidad/Tercero Carrera/3.2. Realidad Virtual/Practica 2/opencv-4.5.0/3rdparty/protobuf/src\google/protobuf/stubs/hash.h(400,29): error C2064: el término no se evalúa como una función con 1 argumentos (compilando archivo de origen C:\Users\User\Documents\Universidad\Tercero Carrera\3.2. Realidad Virtual\Practica 2\opencv-4.5.0\modules\dnn\misc\tensorflow\tensor.pb.cc)
C:/Users/User/Documents/Universidad/Tercero Carrera/3.2. Realidad Virtual/Practica 2/opencv-4.5.0/3rdparty/protobuf/src\google/protobuf/stubs/hash.h(241,50): error C2143: error de sintaxis: falta ',' delante de '<' (compilando archivo de origen C:\Users\User\Documents\Universidad\Tercero Carrera\3.2. Realidad Virtual\Practica 2\opencv-4.5.0\modules\dnn\misc\tensorflow\function.pb.cc)
C:/Users/User/Documents/Universidad/Tercero Carrera/3.2. Realidad Virtual/Practica 2/opencv-4.5.0/3rdparty/protobuf/src\google/protobuf/stubs/hash.h(242,2): message : Vea la referencia a la creación de una instancia de clase plantilla "google::protobuf::hash<Key>" que se está compilando (compilando archivo de origen C:\Users\User\Documents\Universidad\Tercero Carrera\3.2. Realidad Virtual\Practica 2\opencv-4.5.0\modules\dnn\misc\tensorflow\function.pb.cc)
C:/Users/User/Documents/Universidad/Tercero Carrera/3.2. Realidad Virtual/Practica 2/opencv-4.5.0/3rdparty/protobuf/src\google/protobuf/stubs/hash.h(255,14): error C2039: "hash_compare": no es un miembro de "std" (compilando archivo de origen C:\Users\User\Documents\Universidad\Tercero Carrera\3.2. Realidad Virtual\Practica 2\opencv-4.5.0\modules\dnn\misc\tensorflow\function.pb.cc)
C:\Program Files\Microsoft Visual Studio\2022\Community\VC\Tools\MSVC\14.37.32822\include\unordered_set(24,1): message : vea la declaración de 'std' (compilando archivo de origen C:\Users\User\Documents\Universidad\Tercero Carrera\3.2. Realidad Virtual\Practica 2\opencv-4.5.0\modules\dnn\misc\tensorflow\function.pb.cc)
C:/Users/User/Documents/Universidad/Tercero Carrera/3.2. Realidad Virtual/Practica 2/opencv-4.5.0/3rdparty/protobuf/src\google/protobuf/stubs/hash.h(255,14): error C2504: 'hash_compare': clase base sin definir (compilando archivo de origen C:\Users\User\Documents\Universidad\Tercero Carrera\3.2. Realidad Virtual\Practica 2\opencv-4.5.0\modules\dnn\misc\tensorflow\function.pb.cc)
C:/Users/User/Documents/Universidad/Tercero Carrera/3.2. Realidad Virtual/Practica 2/opencv-4.5.0/3rdparty/protobuf/src\google/protobuf/stubs/hash.h(255,42): error C2143: error de sintaxis: falta ',' delante de '<' (compilando archivo de origen C:\Users\User\Documents\Universidad\Tercero Carrera\3.2. Realidad Virtual\Practica 2\opencv-4.5.0\modules\dnn\misc\tensorflow\function.pb.cc)
C:/Users/User/Documents/Universidad/Tercero Carrera/3.2. Realidad Virtual/Practica 2/opencv-4.5.0/3rdparty/protobuf/src\google/protobuf/stubs/hash.h(400,29): error C2064: el término no se evalúa como una función con 1 argumentos (compilando archivo de origen C:\Users\User\Documents\Universidad\Tercero Carrera\3.2. Realidad Virtual\Practica 2\opencv-4.5.0\modules\dnn\misc\tensorflow\function.pb.cc)
C:/Users/User/Documents/Universidad/Tercero Carrera/3.2. Realidad Virtual/Practica 2/opencv-4.5.0/3rdparty/protobuf/src\google/protobuf/stubs/hash.h(241,50): error C2143: error de sintaxis: falta ',' delante de '<' (compilando archivo de origen C:\Users\User\Documents\Universidad\Tercero Carrera\3.2. Realidad Virtual\Practica 2\opencv-4.5.0\modules\dnn\misc\tensorflow\versions.pb.cc)
C:/Users/User/Documents/Universidad/Tercero Carrera/3.2. Realidad Virtual/Practica 2/opencv-4.5.0/3rdparty/protobuf/src\google/protobuf/stubs/hash.h(242,2): message : Vea la referencia a la creación de una instancia de clase plantilla "google::protobuf::hash<Key>" que se está compilando (compilando archivo de origen C:\Users\User\Documents\Universidad\Tercero Carrera\3.2. Realidad Virtual\Practica 2\opencv-4.5.0\modules\dnn\misc\tensorflow\versions.pb.cc)
C:/Users/User/Documents/Universidad/Tercero Carrera/3.2. Realidad Virtual/Practica 2/opencv-4.5.0/3rdparty/protobuf/src\google/protobuf/stubs/hash.h(255,14): error C2039: "hash_compare": no es un miembro de "std" (compilando archivo de origen C:\Users\User\Documents\Universidad\Tercero Carrera\3.2. Realidad Virtual\Practica 2\opencv-4.5.0\modules\dnn\misc\tensorflow\versions.pb.cc)
C:\Program Files\Microsoft Visual Studio\2022\Community\VC\Tools\MSVC\14.37.32822\include\unordered_set(24,1): message : vea la declaración de 'std' (compilando archivo de origen C:\Users\User\Documents\Universidad\Tercero Carrera\3.2. Realidad Virtual\Practica 2\opencv-4.5.0\modules\dnn\misc\tensorflow\versions.pb.cc)
C:/Users/User/Documents/Universidad/Tercero Carrera/3.2. Realidad Virtual/Practica 2/opencv-4.5.0/3rdparty/protobuf/src\google/protobuf/stubs/hash.h(255,14): error C2504: 'hash_compare': clase base sin definir (compilando archivo de origen C:\Users\User\Documents\Universidad\Tercero Carrera\3.2. Realidad Virtual\Practica 2\opencv-4.5.0\modules\dnn\misc\tensorflow\versions.pb.cc)
C:/Users/User/Documents/Universidad/Tercero Carrera/3.2. Realidad Virtual/Practica 2/opencv-4.5.0/3rdparty/protobuf/src\google/protobuf/stubs/hash.h(255,42): error C2143: error de sintaxis: falta ',' delante de '<' (compilando archivo de origen C:\Users\User\Documents\Universidad\Tercero Carrera\3.2. Realidad Virtual\Practica 2\opencv-4.5.0\modules\dnn\misc\tensorflow\versions.pb.cc)
C:/Users/User/Documents/Universidad/Tercero Carrera/3.2. Realidad Virtual/Practica 2/opencv-4.5.0/3rdparty/protobuf/src\google/protobuf/stubs/hash.h(400,29): error C2064: el término no se evalúa como una función con 1 argumentos (compilando archivo de origen C:\Users\User\Documents\Universidad\Tercero Carrera\3.2. Realidad Virtual\Practica 2\opencv-4.5.0\modules\dnn\misc\tensorflow\versions.pb.cc)
C:/Users/User/Documents/Universidad/Tercero Carrera/3.2. Realidad Virtual/Practica 2/opencv-4.5.0/3rdparty/protobuf/src\google/protobuf/stubs/hash.h(241,50): error C2143: error de sintaxis: falta ',' delante de '<' (compilando archivo de origen C:\Users\User\Documents\Universidad\Tercero Carrera\3.2. Realidad Virtual\Practica 2\opencv-4.5.0\modules\dnn\misc\tensorflow\op_def.pb.cc)
C:/Users/User/Documents/Universidad/Tercero Carrera/3.2. Realidad Virtual/Practica 2/opencv-4.5.0/3rdparty/protobuf/src\google/protobuf/stubs/hash.h(242,2): message : Vea la referencia a la creación de una instancia de clase plantilla "google::protobuf::hash<Key>" que se está compilando (compilando archivo de origen C:\Users\User\Documents\Universidad\Tercero Carrera\3.2. Realidad Virtual\Practica 2\opencv-4.5.0\modules\dnn\misc\tensorflow\op_def.pb.cc)
C:/Users/User/Documents/Universidad/Tercero Carrera/3.2. Realidad Virtual/Practica 2/opencv-4.5.0/3rdparty/protobuf/src\google/protobuf/stubs/hash.h(255,14): error C2039: "hash_compare": no es un miembro de "std" (compilando archivo de origen C:\Users\User\Documents\Universidad\Tercero Carrera\3.2. Realidad Virtual\Practica 2\opencv-4.5.0\modules\dnn\misc\tensorflow\op_def.pb.cc)
C:\Program Files\Microsoft Visual Studio\2022\Community\VC\Tools\MSVC\14.37.32822\include\unordered_set(24,1): message : vea la declaración de 'std' (compilando archivo de origen C:\Users\User\Documents\Universidad\Tercero Carrera\3.2. Realidad Virtual\Practica 2\opencv-4.5.0\modules\dnn\misc\tensorflow\op_def.pb.cc)
C:/Users/User/Documents/Universidad/Tercero Carrera/3.2. Realidad Virtual/Practica 2/opencv-4.5.0/3rdparty/protobuf/src\google/protobuf/stubs/hash.h(255,14): error C2504: 'hash_compare': clase base sin definir (compilando archivo de origen C:\Users\User\Documents\Universidad\Tercero Carrera\3.2. Realidad Virtual\Practica 2\opencv-4.5.0\modules\dnn\misc\tensorflow\op_def.pb.cc)
C:/Users/User/Documents/Universidad/Tercero Carrera/3.2. Realidad Virtual/Practica 2/opencv-4.5.0/3rdparty/protobuf/src\google/protobuf/stubs/hash.h(255,42): error C2143: error de sintaxis: falta ',' delante de '<' (compilando archivo de origen C:\Users\User\Documents\Universidad\Tercero Carrera\3.2. Realidad Virtual\Practica 2\opencv-4.5.0\modules\dnn\misc\tensorflow\op_def.pb.cc)
C:/Users/User/Documents/Universidad/Tercero Carrera/3.2. Realidad Virtual/Practica 2/opencv-4.5.0/3rdparty/protobuf/src\google/protobuf/stubs/hash.h(400,29): error C2064: el término no se evalúa como una función con 1 argumentos (compilando archivo de origen C:\Users\User\Documents\Universidad\Tercero Carrera\3.2. Realidad Virtual\Practica 2\opencv-4.5.0\modules\dnn\misc\tensorflow\op_def.pb.cc)
C:/Users/User/Documents/Universidad/Tercero Carrera/3.2. Realidad Virtual/Practica 2/opencv-4.5.0/3rdparty/protobuf/src\google/protobuf/stubs/hash.h(241,50): error C2143: error de sintaxis: falta ',' delante de '<' (compilando archivo de origen C:\Users\User\Documents\Universidad\Tercero Carrera\3.2. Realidad Virtual\Practica 2\opencv-4.5.0\modules\dnn\misc\caffe\opencv-caffe.pb.cc)
C:/Users/User/Documents/Universidad/Tercero Carrera/3.2. Realidad Virtual/Practica 2/opencv-4.5.0/3rdparty/protobuf/src\google/protobuf/stubs/hash.h(242,2): message : Vea la referencia a la creación de una instancia de clase plantilla "google::protobuf::hash<Key>" que se está compilando (compilando archivo de origen C:\Users\User\Documents\Universidad\Tercero Carrera\3.2. Realidad Virtual\Practica 2\opencv-4.5.0\modules\dnn\misc\caffe\opencv-caffe.pb.cc)
C:/Users/User/Documents/Universidad/Tercero Carrera/3.2. Realidad Virtual/Practica 2/opencv-4.5.0/3rdparty/protobuf/src\google/protobuf/stubs/hash.h(255,14): error C2039: "hash_compare": no es un miembro de "std" (compilando archivo de origen C:\Users\User\Documents\Universidad\Tercero Carrera\3.2. Realidad Virtual\Practica 2\opencv-4.5.0\modules\dnn\misc\caffe\opencv-caffe.pb.cc)
C:\Program Files\Microsoft Visual Studio\2022\Community\VC\Tools\MSVC\14.37.32822\include\unordered_set(24,1): message : vea la declaración de 'std' (compilando archivo de origen C:\Users\User\Documents\Universidad\Tercero Carrera\3.2. Realidad Virtual\Practica 2\opencv-4.5.0\modules\dnn\misc\caffe\opencv-caffe.pb.cc)
C:/Users/User/Documents/Universidad/Tercero Carrera/3.2. Realidad Virtual/Practica 2/opencv-4.5.0/3rdparty/protobuf/src\google/protobuf/stubs/hash.h(255,14): error C2504: 'hash_compare': clase base sin definir (compilando archivo de origen C:\Users\User\Documents\Universidad\Tercero Carrera\3.2. Realidad Virtual\Practica 2\opencv-4.5.0\modules\dnn\misc\caffe\opencv-caffe.pb.cc)
C:/Users/User/Documents/Universidad/Tercero Carrera/3.2. Realidad Virtual/Practica 2/opencv-4.5.0/3rdparty/protobuf/src\google/protobuf/stubs/hash.h(255,42): error C2143: error de sintaxis: falta ',' delante de '<' (compilando archivo de origen C:\Users\User\Documents\Universidad\Tercero Carrera\3.2. Realidad Virtual\Practica 2\opencv-4.5.0\modules\dnn\misc\caffe\opencv-caffe.pb.cc)
C:/Users/User/Documents/Universidad/Tercero Carrera/3.2. Realidad Virtual/Practica 2/opencv-4.5.0/3rdparty/protobuf/src\google/protobuf/stubs/hash.h(400,29): error C2064: el término no se evalúa como una función con 1 argumentos (compilando archivo de origen C:\Users\User\Documents\Universidad\Tercero Carrera\3.2. Realidad Virtual\Practica 2\opencv-4.5.0\modules\dnn\misc\caffe\opencv-caffe.pb.cc)
C:/Users/User/Documents/Universidad/Tercero Carrera/3.2. Realidad Virtual/Practica 2/opencv-4.5.0/3rdparty/protobuf/src\google/protobuf/stubs/hash.h(241,22): error C2039: "hash_compare": no es un miembro de "std" (compilando archivo de origen C:\Users\User\Documents\Universidad\Tercero Carrera\3.2. Realidad Virtual\Practica 2\opencv-4.5.0\modules\dnn\misc\tensorflow\function.pb.cc)
C:\Program Files\Microsoft Visual Studio\2022\Community\VC\Tools\MSVC\14.37.32822\include\unordered_set(24,1): message : vea la declaración de 'std' (compilando archivo de origen C:\Users\User\Documents\Universidad\Tercero Carrera\3.2. Realidad Virtual\Practica 2\opencv-4.5.0\modules\dnn\misc\tensorflow\function.pb.cc)
C:/Users/User/Documents/Universidad/Tercero Carrera/3.2. Realidad Virtual/Practica 2/opencv-4.5.0/3rdparty/protobuf/src\google/protobuf/map_field.h(817,48): message : Vea la referencia a la creación de una instancia de clase plantilla "google::protobuf::hash<google::protobuf::int64>" que se está compilando (compilando archivo de origen C:\Users\User\Documents\Universidad\Tercero Carrera\3.2. Realidad Virtual\Practica 2\opencv-4.5.0\modules\dnn\misc\tensorflow\function.pb.cc)
C:/Users/User/Documents/Universidad/Tercero Carrera/3.2. Realidad Virtual/Practica 2/opencv-4.5.0/3rdparty/protobuf/src\google/protobuf/stubs/hash.h(241,22): error C2504: 'hash_compare': clase base sin definir (compilando archivo de origen C:\Users\User\Documents\Universidad\Tercero Carrera\3.2. Realidad Virtual\Practica 2\opencv-4.5.0\modules\dnn\misc\tensorflow\function.pb.cc)
C:/Users/User/Documents/Universidad/Tercero Carrera/3.2. Realidad Virtual/Practica 2/opencv-4.5.0/3rdparty/protobuf/src\google/protobuf/map_field.h(817,48): error C2064: el término no se evalúa como una función con 1 argumentos (compilando archivo de origen C:\Users\User\Documents\Universidad\Tercero Carrera\3.2. Realidad Virtual\Practica 2\opencv-4.5.0\modules\dnn\misc\tensorflow\function.pb.cc)
C:/Users/User/Documents/Universidad/Tercero Carrera/3.2. Realidad Virtual/Practica 2/opencv-4.5.0/3rdparty/protobuf/src\google/protobuf/map_field.h(819,48): error C2064: el término no se evalúa como una función con 1 argumentos (compilando archivo de origen C:\Users\User\Documents\Universidad\Tercero Carrera\3.2. Realidad Virtual\Practica 2\opencv-4.5.0\modules\dnn\misc\tensorflow\function.pb.cc)
C:/Users/User/Documents/Universidad/Tercero Carrera/3.2. Realidad Virtual/Practica 2/opencv-4.5.0/3rdparty/protobuf/src\google/protobuf/map_field.h(821,49): error C2064: el término no se evalúa como una función con 1 argumentos (compilando archivo de origen C:\Users\User\Documents\Universidad\Tercero Carrera\3.2. Realidad Virtual\Practica 2\opencv-4.5.0\modules\dnn\misc\tensorflow\function.pb.cc)
C:/Users/User/Documents/Universidad/Tercero Carrera/3.2. Realidad Virtual/Practica 2/opencv-4.5.0/3rdparty/protobuf/src\google/protobuf/map_field.h(823,49): error C2064: el término no se evalúa como una función con 1 argumentos (compilando archivo de origen C:\Users\User\Documents\Universidad\Tercero Carrera\3.2. Realidad Virtual\Practica 2\opencv-4.5.0\modules\dnn\misc\tensorflow\function.pb.cc)
C:/Users/User/Documents/Universidad/Tercero Carrera/3.2. Realidad Virtual/Practica 2/opencv-4.5.0/3rdparty/protobuf/src\google/protobuf/map_field.h(825,26): error C2064: el término no se evalúa como una función con 1 argumentos (compilando archivo de origen C:\Users\User\Documents\Universidad\Tercero Carrera\3.2. Realidad Virtual\Practica 2\opencv-4.5.0\modules\dnn\misc\tensorflow\function.pb.cc)
C:/Users/User/Documents/Universidad/Tercero Carrera/3.2. Realidad Virtual/Practica 2/opencv-4.5.0/3rdparty/protobuf/src\google/protobuf/stubs/hash.h(241,50): error C2143: error de sintaxis: falta ',' delante de '<' (compilando archivo de origen C:\Users\User\Documents\Universidad\Tercero Carrera\3.2. Realidad Virtual\Practica 2\opencv-4.5.0\modules\dnn\misc\tensorflow\attr_value.pb.cc)
C:/Users/User/Documents/Universidad/Tercero Carrera/3.2. Realidad Virtual/Practica 2/opencv-4.5.0/3rdparty/protobuf/src\google/protobuf/stubs/hash.h(242,2): message : Vea la referencia a la creación de una instancia de clase plantilla "google::protobuf::hash<Key>" que se está compilando (compilando archivo de origen C:\Users\User\Documents\Universidad\Tercero Carrera\3.2. Realidad Virtual\Practica 2\opencv-4.5.0\modules\dnn\misc\tensorflow\attr_value.pb.cc)
C:/Users/User/Documents/Universidad/Tercero Carrera/3.2. Realidad Virtual/Practica 2/opencv-4.5.0/3rdparty/protobuf/src\google/protobuf/stubs/hash.h(255,14): error C2039: "hash_compare": no es un miembro de "std" (compilando archivo de origen C:\Users\User\Documents\Universidad\Tercero Carrera\3.2. Realidad Virtual\Practica 2\opencv-4.5.0\modules\dnn\misc\tensorflow\attr_value.pb.cc)
C:\Program Files\Microsoft Visual Studio\2022\Community\VC\Tools\MSVC\14.37.32822\include\unordered_set(24,1): message : vea la declaración de 'std' (compilando archivo de origen C:\Users\User\Documents\Universidad\Tercero Carrera\3.2. Realidad Virtual\Practica 2\opencv-4.5.0\modules\dnn\misc\tensorflow\attr_value.pb.cc)
C:/Users/User/Documents/Universidad/Tercero Carrera/3.2. Realidad Virtual/Practica 2/opencv-4.5.0/3rdparty/protobuf/src\google/protobuf/stubs/hash.h(255,14): error C2504: 'hash_compare': clase base sin definir (compilando archivo de origen C:\Users\User\Documents\Universidad\Tercero Carrera\3.2. Realidad Virtual\Practica 2\opencv-4.5.0\modules\dnn\misc\tensorflow\attr_value.pb.cc)
C:/Users/User/Documents/Universidad/Tercero Carrera/3.2. Realidad Virtual/Practica 2/opencv-4.5.0/3rdparty/protobuf/src\google/protobuf/stubs/hash.h(255,42): error C2143: error de sintaxis: falta ',' delante de '<' (compilando archivo de origen C:\Users\User\Documents\Universidad\Tercero Carrera\3.2. Realidad Virtual\Practica 2\opencv-4.5.0\modules\dnn\misc\tensorflow\attr_value.pb.cc)
C:/Users/User/Documents/Universidad/Tercero Carrera/3.2. Realidad Virtual/Practica 2/opencv-4.5.0/3rdparty/protobuf/src\google/protobuf/stubs/hash.h(400,29): error C2064: el término no se evalúa como una función con 1 argumentos (compilando archivo de origen C:\Users\User\Documents\Universidad\Tercero Carrera\3.2. Realidad Virtual\Practica 2\opencv-4.5.0\modules\dnn\misc\tensorflow\attr_value.pb.cc)
C:/Users/User/Documents/Universidad/Tercero Carrera/3.2. Realidad Virtual/Practica 2/opencv-4.5.0/3rdparty/protobuf/src\google/protobuf/stubs/hash.h(241,22): error C2039: "hash_compare": no es un miembro de "std" (compilando archivo de origen C:\Users\User\Documents\Universidad\Tercero Carrera\3.2. Realidad Virtual\Practica 2\opencv-4.5.0\modules\dnn\misc\tensorflow\op_def.pb.cc)
C:\Program Files\Microsoft Visual Studio\2022\Community\VC\Tools\MSVC\14.37.32822\include\unordered_set(24,1): message : vea la declaración de 'std' (compilando archivo de origen C:\Users\User\Documents\Universidad\Tercero Carrera\3.2. Realidad Virtual\Practica 2\opencv-4.5.0\modules\dnn\misc\tensorflow\op_def.pb.cc)
C:/Users/User/Documents/Universidad/Tercero Carrera/3.2. Realidad Virtual/Practica 2/opencv-4.5.0/3rdparty/protobuf/src\google/protobuf/map_field.h(817,48): message : Vea la referencia a la creación de una instancia de clase plantilla "google::protobuf::hash<google::protobuf::int64>" que se está compilando (compilando archivo de origen C:\Users\User\Documents\Universidad\Tercero Carrera\3.2. Realidad Virtual\Practica 2\opencv-4.5.0\modules\dnn\misc\tensorflow\op_def.pb.cc)
C:/Users/User/Documents/Universidad/Tercero Carrera/3.2. Realidad Virtual/Practica 2/opencv-4.5.0/3rdparty/protobuf/src\google/protobuf/stubs/hash.h(241,22): error C2504: 'hash_compare': clase base sin definir (compilando archivo de origen C:\Users\User\Documents\Universidad\Tercero Carrera\3.2. Realidad Virtual\Practica 2\opencv-4.5.0\modules\dnn\misc\tensorflow\op_def.pb.cc)
C:/Users/User/Documents/Universidad/Tercero Carrera/3.2. Realidad Virtual/Practica 2/opencv-4.5.0/3rdparty/protobuf/src\google/protobuf/map_field.h(817,48): error C2064: el término no se evalúa como una función con 1 argumentos (compilando archivo de origen C:\Users\User\Documents\Universidad\Tercero Carrera\3.2. Realidad Virtual\Practica 2\opencv-4.5.0\modules\dnn\misc\tensorflow\op_def.pb.cc)
C:/Users/User/Documents/Universidad/Tercero Carrera/3.2. Realidad Virtual/Practica 2/opencv-4.5.0/3rdparty/protobuf/src\google/protobuf/map_field.h(819,48): error C2064: el término no se evalúa como una función con 1 argumentos (compilando archivo de origen C:\Users\User\Documents\Universidad\Tercero Carrera\3.2. Realidad Virtual\Practica 2\opencv-4.5.0\modules\dnn\misc\tensorflow\op_def.pb.cc)
C:/Users/User/Documents/Universidad/Tercero Carrera/3.2. Realidad Virtual/Practica 2/opencv-4.5.0/3rdparty/protobuf/src\google/protobuf/map_field.h(821,49): error C2064: el término no se evalúa como una función con 1 argumentos (compilando archivo de origen C:\Users\User\Documents\Universidad\Tercero Carrera\3.2. Realidad Virtual\Practica 2\opencv-4.5.0\modules\dnn\misc\tensorflow\op_def.pb.cc)
C:/Users/User/Documents/Universidad/Tercero Carrera/3.2. Realidad Virtual/Practica 2/opencv-4.5.0/3rdparty/protobuf/src\google/protobuf/map_field.h(823,49): error C2064: el término no se evalúa como una función con 1 argumentos (compilando archivo de origen C:\Users\User\Documents\Universidad\Tercero Carrera\3.2. Realidad Virtual\Practica 2\opencv-4.5.0\modules\dnn\misc\tensorflow\op_def.pb.cc)
C:/Users/User/Documents/Universidad/Tercero Carrera/3.2. Realidad Virtual/Practica 2/opencv-4.5.0/3rdparty/protobuf/src\google/protobuf/map_field.h(825,26): error C2064: el término no se evalúa como una función con 1 argumentos (compilando archivo de origen C:\Users\User\Documents\Universidad\Tercero Carrera\3.2. Realidad Virtual\Practica 2\opencv-4.5.0\modules\dnn\misc\tensorflow\op_def.pb.cc)
C:/Users/User/Documents/Universidad/Tercero Carrera/3.2. Realidad Virtual/Practica 2/opencv-4.5.0/3rdparty/protobuf/src\google/protobuf/stubs/hash.h(241,50): error C2143: error de sintaxis: falta ',' delante de '<' (compilando archivo de origen C:\Users\User\Documents\Universidad\Tercero Carrera\3.2. Realidad Virtual\Practica 2\opencv-4.5.0\modules\dnn\misc\tensorflow\tensor_shape.pb.cc)
C:/Users/User/Documents/Universidad/Tercero Carrera/3.2. Realidad Virtual/Practica 2/opencv-4.5.0/3rdparty/protobuf/src\google/protobuf/stubs/hash.h(242,2): message : Vea la referencia a la creación de una instancia de clase plantilla "google::protobuf::hash<Key>" que se está compilando (compilando archivo de origen C:\Users\User\Documents\Universidad\Tercero Carrera\3.2. Realidad Virtual\Practica 2\opencv-4.5.0\modules\dnn\misc\tensorflow\tensor_shape.pb.cc)
C:/Users/User/Documents/Universidad/Tercero Carrera/3.2. Realidad Virtual/Practica 2/opencv-4.5.0/3rdparty/protobuf/src\google/protobuf/stubs/hash.h(255,14): error C2039: "hash_compare": no es un miembro de "std" (compilando archivo de origen C:\Users\User\Documents\Universidad\Tercero Carrera\3.2. Realidad Virtual\Practica 2\opencv-4.5.0\modules\dnn\misc\tensorflow\tensor_shape.pb.cc)
C:\Program Files\Microsoft Visual Studio\2022\Community\VC\Tools\MSVC\14.37.32822\include\unordered_set(24,1): message : vea la declaración de 'std' (compilando archivo de origen C:\Users\User\Documents\Universidad\Tercero Carrera\3.2. Realidad Virtual\Practica 2\opencv-4.5.0\modules\dnn\misc\tensorflow\tensor_shape.pb.cc)
C:/Users/User/Documents/Universidad/Tercero Carrera/3.2. Realidad Virtual/Practica 2/opencv-4.5.0/3rdparty/protobuf/src\google/protobuf/stubs/hash.h(255,14): error C2504: 'hash_compare': clase base sin definir (compilando archivo de origen C:\Users\User\Documents\Universidad\Tercero Carrera\3.2. Realidad Virtual\Practica 2\opencv-4.5.0\modules\dnn\misc\tensorflow\tensor_shape.pb.cc)
C:/Users/User/Documents/Universidad/Tercero Carrera/3.2. Realidad Virtual/Practica 2/opencv-4.5.0/3rdparty/protobuf/src\google/protobuf/stubs/hash.h(255,42): error C2143: error de sintaxis: falta ',' delante de '<' (compilando archivo de origen C:\Users\User\Documents\Universidad\Tercero Carrera\3.2. Realidad Virtual\Practica 2\opencv-4.5.0\modules\dnn\misc\tensorflow\tensor_shape.pb.cc)
C:/Users/User/Documents/Universidad/Tercero Carrera/3.2. Realidad Virtual/Practica 2/opencv-4.5.0/3rdparty/protobuf/src\google/protobuf/stubs/hash.h(400,29): error C2064: el término no se evalúa como una función con 1 argumentos (compilando archivo de origen C:\Users\User\Documents\Universidad\Tercero Carrera\3.2. Realidad Virtual\Practica 2\opencv-4.5.0\modules\dnn\misc\tensorflow\tensor_shape.pb.cc)
C:/Users/User/Documents/Universidad/Tercero Carrera/3.2. Realidad Virtual/Practica 2/opencv-4.5.0/3rdparty/protobuf/src\google/protobuf/stubs/hash.h(241,22): error C2039: "hash_compare": no es un miembro de "std" (compilando archivo de origen C:\Users\User\Documents\Universidad\Tercero Carrera\3.2. Realidad Virtual\Practica 2\opencv-4.5.0\modules\dnn\misc\tensorflow\attr_value.pb.cc)
C:\Program Files\Microsoft Visual Studio\2022\Community\VC\Tools\MSVC\14.37.32822\include\unordered_set(24,1): message : vea la declaración de 'std' (compilando archivo de origen C:\Users\User\Documents\Universidad\Tercero Carrera\3.2. Realidad Virtual\Practica 2\opencv-4.5.0\modules\dnn\misc\tensorflow\attr_value.pb.cc)
C:/Users/User/Documents/Universidad/Tercero Carrera/3.2. Realidad Virtual/Practica 2/opencv-4.5.0/3rdparty/protobuf/src\google/protobuf/map_field.h(817,48): message : Vea la referencia a la creación de una instancia de clase plantilla "google::protobuf::hash<google::protobuf::int64>" que se está compilando (compilando archivo de origen C:\Users\User\Documents\Universidad\Tercero Carrera\3.2. Realidad Virtual\Practica 2\opencv-4.5.0\modules\dnn\misc\tensorflow\attr_value.pb.cc)
C:/Users/User/Documents/Universidad/Tercero Carrera/3.2. Realidad Virtual/Practica 2/opencv-4.5.0/3rdparty/protobuf/src\google/protobuf/stubs/hash.h(241,22): error C2504: 'hash_compare': clase base sin definir (compilando archivo de origen C:\Users\User\Documents\Universidad\Tercero Carrera\3.2. Realidad Virtual\Practica 2\opencv-4.5.0\modules\dnn\misc\tensorflow\attr_value.pb.cc)
C:/Users/User/Documents/Universidad/Tercero Carrera/3.2. Realidad Virtual/Practica 2/opencv-4.5.0/3rdparty/protobuf/src\google/protobuf/map_field.h(817,48): error C2064: el término no se evalúa como una función con 1 argumentos (compilando archivo de origen C:\Users\User\Documents\Universidad\Tercero Carrera\3.2. Realidad Virtual\Practica 2\opencv-4.5.0\modules\dnn\misc\tensorflow\attr_value.pb.cc)
C:/Users/User/Documents/Universidad/Tercero Carrera/3.2. Realidad Virtual/Practica 2/opencv-4.5.0/3rdparty/protobuf/src\google/protobuf/map_field.h(819,48): error C2064: el término no se evalúa como una función con 1 argumentos (compilando archivo de origen C:\Users\User\Documents\Universidad\Tercero Carrera\3.2. Realidad Virtual\Practica 2\opencv-4.5.0\modules\dnn\misc\tensorflow\attr_value.pb.cc)
C:/Users/User/Documents/Universidad/Tercero Carrera/3.2. Realidad Virtual/Practica 2/opencv-4.5.0/3rdparty/protobuf/src\google/protobuf/map_field.h(821,49): error C2064: el término no se evalúa como una función con 1 argumentos (compilando archivo de origen C:\Users\User\Documents\Universidad\Tercero Carrera\3.2. Realidad Virtual\Practica 2\opencv-4.5.0\modules\dnn\misc\tensorflow\attr_value.pb.cc)
C:/Users/User/Documents/Universidad/Tercero Carrera/3.2. Realidad Virtual/Practica 2/opencv-4.5.0/3rdparty/protobuf/src\google/protobuf/map_field.h(823,49): error C2064: el término no se evalúa como una función con 1 argumentos (compilando archivo de origen C:\Users\User\Documents\Universidad\Tercero Carrera\3.2. Realidad Virtual\Practica 2\opencv-4.5.0\modules\dnn\misc\tensorflow\attr_value.pb.cc)
C:/Users/User/Documents/Universidad/Tercero Carrera/3.2. Realidad Virtual/Practica 2/opencv-4.5.0/3rdparty/protobuf/src\google/protobuf/map_field.h(825,26): error C2064: el término no se evalúa como una función con 1 argumentos (compilando archivo de origen C:\Users\User\Documents\Universidad\Tercero Carrera\3.2. Realidad Virtual\Practica 2\opencv-4.5.0\modules\dnn\misc\tensorflow\attr_value.pb.cc)
